The system is: Linux - 6.1.0-21-amd64 - x86_64
Compiling the CXX compiler identification source file "CMakeCXXCompilerId.cpp" succeeded.
Compiler: /usr/bin/c++ 
Build flags: 
Id flags:  

The output was:
0


Compilation of the CXX compiler identification source "CMakeCXXCompilerId.cpp" produced "a.out"

The CXX compiler identification is GNU, found in "/home/INTRANET.SALZ.GMBH/manas.suri/Work/Rpi_Imager/Open62541/Server_OPCUA/build/CMakeFiles/3.25.1/CompilerIdCXX/a.out"

Detecting CXX compiler ABI info compiled with the following output:
Change Dir: /home/INTRANET.SALZ.GMBH/manas.suri/Work/Rpi_Imager/Open62541/Server_OPCUA/build/CMakeFiles/CMakeScratch/TryCompile-9BzDPF

Run Build Command(s):/usr/bin/gmake -f Makefile cmTC_83801/fast && /usr/bin/gmake  -f CMakeFiles/cmTC_83801.dir/build.make CMakeFiles/cmTC_83801.dir/build
gmake[1]: Entering directory '/home/INTRANET.SALZ.GMBH/manas.suri/Work/Rpi_Imager/Open62541/Server_OPCUA/build/CMakeFiles/CMakeScratch/TryCompile-9BzDPF'
Building CXX object CMakeFiles/cmTC_83801.dir/CMakeCXXCompilerABI.cpp.o
/usr/bin/c++   -v -o CMakeFiles/cmTC_83801.dir/CMakeCXXCompilerABI.cpp.o -c /usr/share/cmake-3.25/Modules/CMakeCXXCompilerABI.cpp
Using built-in specs.
COLLECT_GCC=/usr/bin/c++
OFFLOAD_TARGET_NAMES=nvptx-none:amdgcn-amdhsa
OFFLOAD_TARGET_DEFAULT=1
Target: x86_64-linux-gnu
Configured with: ../src/configure -v --with-pkgversion='Debian 12.2.0-14' --with-bugurl=file:///usr/share/doc/gcc-12/README.Bugs --enable-languages=c,ada,c++,go,d,fortran,objc,obj-c++,m2 --prefix=/usr --with-gcc-major-version-only --program-suffix=-12 --program-prefix=x86_64-linux-gnu- --enable-shared --enable-linker-build-id --libexecdir=/usr/lib --without-included-gettext --enable-threads=posix --libdir=/usr/lib --enable-nls --enable-clocale=gnu --enable-libstdcxx-debug --enable-libstdcxx-time=yes --with-default-libstdcxx-abi=new --enable-gnu-unique-object --disable-vtable-verify --enable-plugin --enable-default-pie --with-system-zlib --enable-libphobos-checking=release --with-target-system-zlib=auto --enable-objc-gc=auto --enable-multiarch --disable-werror --enable-cet --with-arch-32=i686 --with-abi=m64 --with-multilib-list=m32,m64,mx32 --enable-multilib --with-tune=generic --enable-offload-targets=nvptx-none=/build/gcc-12-bTRWOB/gcc-12-12.2.0/debian/tmp-nvptx/usr,amdgcn-amdhsa=/build/gcc-12-bTRWOB/gcc-12-12.2.0/debian/tmp-gcn/usr --enable-offload-defaulted --without-cuda-driver --enable-checking=release --build=x86_64-linux-gnu --host=x86_64-linux-gnu --target=x86_64-linux-gnu
Thread model: posix
Supported LTO compression algorithms: zlib zstd
gcc version 12.2.0 (Debian 12.2.0-14) 
COLLECT_GCC_OPTIONS='-v' '-o' 'CMakeFiles/cmTC_83801.dir/CMakeCXXCompilerABI.cpp.o' '-c' '-shared-libgcc' '-mtune=generic' '-march=x86-64' '-dumpdir' 'CMakeFiles/cmTC_83801.dir/'
 /usr/lib/gcc/x86_64-linux-gnu/12/cc1plus -quiet -v -imultiarch x86_64-linux-gnu -D_GNU_SOURCE /usr/share/cmake-3.25/Modules/CMakeCXXCompilerABI.cpp -quiet -dumpdir CMakeFiles/cmTC_83801.dir/ -dumpbase CMakeCXXCompilerABI.cpp.cpp -dumpbase-ext .cpp -mtune=generic -march=x86-64 -version -fasynchronous-unwind-tables -o /tmp/cchMguCT.s
GNU C++17 (Debian 12.2.0-14) version 12.2.0 (x86_64-linux-gnu)
	compiled by GNU C version 12.2.0, GMP version 6.2.1, MPFR version 4.1.1-p1, MPC version 1.3.1, isl version isl-0.25-GMP

warning: MPFR header version 4.1.1-p1 differs from library version 4.2.0.
GGC heuristics: --param ggc-min-expand=100 --param ggc-min-heapsize=131072
ignoring duplicate directory "/usr/include/x86_64-linux-gnu/c++/12"
ignoring nonexistent directory "/usr/local/include/x86_64-linux-gnu"
ignoring nonexistent directory "/usr/lib/gcc/x86_64-linux-gnu/12/include-fixed"
ignoring nonexistent directory "/usr/lib/gcc/x86_64-linux-gnu/12/../../../../x86_64-linux-gnu/include"
#include "..." search starts here:
#include <...> search starts here:
 /usr/include/c++/12
 /usr/include/x86_64-linux-gnu/c++/12
 /usr/include/c++/12/backward
 /usr/lib/gcc/x86_64-linux-gnu/12/include
 /usr/local/include
 /usr/include/x86_64-linux-gnu
 /usr/include
End of search list.
GNU C++17 (Debian 12.2.0-14) version 12.2.0 (x86_64-linux-gnu)
	compiled by GNU C version 12.2.0, GMP version 6.2.1, MPFR version 4.1.1-p1, MPC version 1.3.1, isl version isl-0.25-GMP

warning: MPFR header version 4.1.1-p1 differs from library version 4.2.0.
GGC heuristics: --param ggc-min-expand=100 --param ggc-min-heapsize=131072
Compiler executable checksum: 62b090dbbefa50644117a3c13d47369a
COLLECT_GCC_OPTIONS='-v' '-o' 'CMakeFiles/cmTC_83801.dir/CMakeCXXCompilerABI.cpp.o' '-c' '-shared-libgcc' '-mtune=generic' '-march=x86-64' '-dumpdir' 'CMakeFiles/cmTC_83801.dir/'
 as -v --64 -o CMakeFiles/cmTC_83801.dir/CMakeCXXCompilerABI.cpp.o /tmp/cchMguCT.s
GNU assembler version 2.40 (x86_64-linux-gnu) using BFD version (GNU Binutils for Debian) 2.40
COMPILER_PATH=/usr/lib/gcc/x86_64-linux-gnu/12/:/usr/lib/gcc/x86_64-linux-gnu/12/:/usr/lib/gcc/x86_64-linux-gnu/:/usr/lib/gcc/x86_64-linux-gnu/12/:/usr/lib/gcc/x86_64-linux-gnu/
LIBRARY_PATH=/usr/lib/gcc/x86_64-linux-gnu/12/:/usr/lib/gcc/x86_64-linux-gnu/12/../../../x86_64-linux-gnu/:/usr/lib/gcc/x86_64-linux-gnu/12/../../../../lib/:/lib/x86_64-linux-gnu/:/lib/../lib/:/usr/lib/x86_64-linux-gnu/:/usr/lib/../lib/:/usr/lib/gcc/x86_64-linux-gnu/12/../../../:/lib/:/usr/lib/
COLLECT_GCC_OPTIONS='-v' '-o' 'CMakeFiles/cmTC_83801.dir/CMakeCXXCompilerABI.cpp.o' '-c' '-shared-libgcc' '-mtune=generic' '-march=x86-64' '-dumpdir' 'CMakeFiles/cmTC_83801.dir/CMakeCXXCompilerABI.cpp.'
Linking CXX executable cmTC_83801
/usr/bin/cmake -E cmake_link_script CMakeFiles/cmTC_83801.dir/link.txt --verbose=1
/usr/bin/c++  -v CMakeFiles/cmTC_83801.dir/CMakeCXXCompilerABI.cpp.o -o cmTC_83801 
Using built-in specs.
COLLECT_GCC=/usr/bin/c++
COLLECT_LTO_WRAPPER=/usr/lib/gcc/x86_64-linux-gnu/12/lto-wrapper
OFFLOAD_TARGET_NAMES=nvptx-none:amdgcn-amdhsa
OFFLOAD_TARGET_DEFAULT=1
Target: x86_64-linux-gnu
Configured with: ../src/configure -v --with-pkgversion='Debian 12.2.0-14' --with-bugurl=file:///usr/share/doc/gcc-12/README.Bugs --enable-languages=c,ada,c++,go,d,fortran,objc,obj-c++,m2 --prefix=/usr --with-gcc-major-version-only --program-suffix=-12 --program-prefix=x86_64-linux-gnu- --enable-shared --enable-linker-build-id --libexecdir=/usr/lib --without-included-gettext --enable-threads=posix --libdir=/usr/lib --enable-nls --enable-clocale=gnu --enable-libstdcxx-debug --enable-libstdcxx-time=yes --with-default-libstdcxx-abi=new --enable-gnu-unique-object --disable-vtable-verify --enable-plugin --enable-default-pie --with-system-zlib --enable-libphobos-checking=release --with-target-system-zlib=auto --enable-objc-gc=auto --enable-multiarch --disable-werror --enable-cet --with-arch-32=i686 --with-abi=m64 --with-multilib-list=m32,m64,mx32 --enable-multilib --with-tune=generic --enable-offload-targets=nvptx-none=/build/gcc-12-bTRWOB/gcc-12-12.2.0/debian/tmp-nvptx/usr,amdgcn-amdhsa=/build/gcc-12-bTRWOB/gcc-12-12.2.0/debian/tmp-gcn/usr --enable-offload-defaulted --without-cuda-driver --enable-checking=release --build=x86_64-linux-gnu --host=x86_64-linux-gnu --target=x86_64-linux-gnu
Thread model: posix
Supported LTO compression algorithms: zlib zstd
gcc version 12.2.0 (Debian 12.2.0-14) 
COMPILER_PATH=/usr/lib/gcc/x86_64-linux-gnu/12/:/usr/lib/gcc/x86_64-linux-gnu/12/:/usr/lib/gcc/x86_64-linux-gnu/:/usr/lib/gcc/x86_64-linux-gnu/12/:/usr/lib/gcc/x86_64-linux-gnu/
LIBRARY_PATH=/usr/lib/gcc/x86_64-linux-gnu/12/:/usr/lib/gcc/x86_64-linux-gnu/12/../../../x86_64-linux-gnu/:/usr/lib/gcc/x86_64-linux-gnu/12/../../../../lib/:/lib/x86_64-linux-gnu/:/lib/../lib/:/usr/lib/x86_64-linux-gnu/:/usr/lib/../lib/:/usr/lib/gcc/x86_64-linux-gnu/12/../../../:/lib/:/usr/lib/
COLLECT_GCC_OPTIONS='-v' '-o' 'cmTC_83801' '-shared-libgcc' '-mtune=generic' '-march=x86-64' '-dumpdir' 'cmTC_83801.'
 /usr/lib/gcc/x86_64-linux-gnu/12/collect2 -plugin /usr/lib/gcc/x86_64-linux-gnu/12/liblto_plugin.so -plugin-opt=/usr/lib/gcc/x86_64-linux-gnu/12/lto-wrapper -plugin-opt=-fresolution=/tmp/ccv51s0R.res -plugin-opt=-pass-through=-lgcc_s -plugin-opt=-pass-through=-lgcc -plugin-opt=-pass-through=-lc -plugin-opt=-pass-through=-lgcc_s -plugin-opt=-pass-through=-lgcc --build-id --eh-frame-hdr -m elf_x86_64 --hash-style=gnu --as-needed -dynamic-linker /lib64/ld-linux-x86-64.so.2 -pie -o cmTC_83801 /usr/lib/gcc/x86_64-linux-gnu/12/../../../x86_64-linux-gnu/Scrt1.o /usr/lib/gcc/x86_64-linux-gnu/12/../../../x86_64-linux-gnu/crti.o /usr/lib/gcc/x86_64-linux-gnu/12/crtbeginS.o -L/usr/lib/gcc/x86_64-linux-gnu/12 -L/usr/lib/gcc/x86_64-linux-gnu/12/../../../x86_64-linux-gnu -L/usr/lib/gcc/x86_64-linux-gnu/12/../../../../lib -L/lib/x86_64-linux-gnu -L/lib/../lib -L/usr/lib/x86_64-linux-gnu -L/usr/lib/../lib -L/usr/lib/gcc/x86_64-linux-gnu/12/../../.. CMakeFiles/cmTC_83801.dir/CMakeCXXCompilerABI.cpp.o -lstdc++ -lm -lgcc_s -lgcc -lc -lgcc_s -lgcc /usr/lib/gcc/x86_64-linux-gnu/12/crtendS.o /usr/lib/gcc/x86_64-linux-gnu/12/../../../x86_64-linux-gnu/crtn.o
COLLECT_GCC_OPTIONS='-v' '-o' 'cmTC_83801' '-shared-libgcc' '-mtune=generic' '-march=x86-64' '-dumpdir' 'cmTC_83801.'
gmake[1]: Leaving directory '/home/INTRANET.SALZ.GMBH/manas.suri/Work/Rpi_Imager/Open62541/Server_OPCUA/build/CMakeFiles/CMakeScratch/TryCompile-9BzDPF'



Parsed CXX implicit include dir info from above output: rv=done
  found start of include info
  found start of implicit include info
    add: [/usr/include/c++/12]
    add: [/usr/include/x86_64-linux-gnu/c++/12]
    add: [/usr/include/c++/12/backward]
    add: [/usr/lib/gcc/x86_64-linux-gnu/12/include]
    add: [/usr/local/include]
    add: [/usr/include/x86_64-linux-gnu]
    add: [/usr/include]
  end of search list found
  collapse include dir [/usr/include/c++/12] ==> [/usr/include/c++/12]
  collapse include dir [/usr/include/x86_64-linux-gnu/c++/12] ==> [/usr/include/x86_64-linux-gnu/c++/12]
  collapse include dir [/usr/include/c++/12/backward] ==> [/usr/include/c++/12/backward]
  collapse include dir [/usr/lib/gcc/x86_64-linux-gnu/12/include] ==> [/usr/lib/gcc/x86_64-linux-gnu/12/include]
  collapse include dir [/usr/local/include] ==> [/usr/local/include]
  collapse include dir [/usr/include/x86_64-linux-gnu] ==> [/usr/include/x86_64-linux-gnu]
  collapse include dir [/usr/include] ==> [/usr/include]
  implicit include dirs: [/usr/include/c++/12;/usr/include/x86_64-linux-gnu/c++/12;/usr/include/c++/12/backward;/usr/lib/gcc/x86_64-linux-gnu/12/include;/usr/local/include;/usr/include/x86_64-linux-gnu;/usr/include]


Parsed CXX implicit link information from above output:
  link line regex: [^( *|.*[/\])(ld|CMAKE_LINK_STARTFILE-NOTFOUND|([^/\]+-)?ld|collect2)[^/\]*( |$)]
  ignore line: [Change Dir: /home/INTRANET.SALZ.GMBH/manas.suri/Work/Rpi_Imager/Open62541/Server_OPCUA/build/CMakeFiles/CMakeScratch/TryCompile-9BzDPF]
  ignore line: []
  ignore line: [Run Build Command(s):/usr/bin/gmake -f Makefile cmTC_83801/fast && /usr/bin/gmake  -f CMakeFiles/cmTC_83801.dir/build.make CMakeFiles/cmTC_83801.dir/build]
  ignore line: [gmake[1]: Entering directory '/home/INTRANET.SALZ.GMBH/manas.suri/Work/Rpi_Imager/Open62541/Server_OPCUA/build/CMakeFiles/CMakeScratch/TryCompile-9BzDPF']
  ignore line: [Building CXX object CMakeFiles/cmTC_83801.dir/CMakeCXXCompilerABI.cpp.o]
  ignore line: [/usr/bin/c++   -v -o CMakeFiles/cmTC_83801.dir/CMakeCXXCompilerABI.cpp.o -c /usr/share/cmake-3.25/Modules/CMakeCXXCompilerABI.cpp]
  ignore line: [Using built-in specs.]
  ignore line: [COLLECT_GCC=/usr/bin/c++]
  ignore line: [OFFLOAD_TARGET_NAMES=nvptx-none:amdgcn-amdhsa]
  ignore line: [OFFLOAD_TARGET_DEFAULT=1]
  ignore line: [Target: x86_64-linux-gnu]
  ignore line: [Configured with: ../src/configure -v --with-pkgversion='Debian 12.2.0-14' --with-bugurl=file:///usr/share/doc/gcc-12/README.Bugs --enable-languages=c ada c++ go d fortran objc obj-c++ m2 --prefix=/usr --with-gcc-major-version-only --program-suffix=-12 --program-prefix=x86_64-linux-gnu- --enable-shared --enable-linker-build-id --libexecdir=/usr/lib --without-included-gettext --enable-threads=posix --libdir=/usr/lib --enable-nls --enable-clocale=gnu --enable-libstdcxx-debug --enable-libstdcxx-time=yes --with-default-libstdcxx-abi=new --enable-gnu-unique-object --disable-vtable-verify --enable-plugin --enable-default-pie --with-system-zlib --enable-libphobos-checking=release --with-target-system-zlib=auto --enable-objc-gc=auto --enable-multiarch --disable-werror --enable-cet --with-arch-32=i686 --with-abi=m64 --with-multilib-list=m32 m64 mx32 --enable-multilib --with-tune=generic --enable-offload-targets=nvptx-none=/build/gcc-12-bTRWOB/gcc-12-12.2.0/debian/tmp-nvptx/usr amdgcn-amdhsa=/build/gcc-12-bTRWOB/gcc-12-12.2.0/debian/tmp-gcn/usr --enable-offload-defaulted --without-cuda-driver --enable-checking=release --build=x86_64-linux-gnu --host=x86_64-linux-gnu --target=x86_64-linux-gnu]
  ignore line: [Thread model: posix]
  ignore line: [Supported LTO compression algorithms: zlib zstd]
  ignore line: [gcc version 12.2.0 (Debian 12.2.0-14) ]
  ignore line: [COLLECT_GCC_OPTIONS='-v' '-o' 'CMakeFiles/cmTC_83801.dir/CMakeCXXCompilerABI.cpp.o' '-c' '-shared-libgcc' '-mtune=generic' '-march=x86-64' '-dumpdir' 'CMakeFiles/cmTC_83801.dir/']
  ignore line: [ /usr/lib/gcc/x86_64-linux-gnu/12/cc1plus -quiet -v -imultiarch x86_64-linux-gnu -D_GNU_SOURCE /usr/share/cmake-3.25/Modules/CMakeCXXCompilerABI.cpp -quiet -dumpdir CMakeFiles/cmTC_83801.dir/ -dumpbase CMakeCXXCompilerABI.cpp.cpp -dumpbase-ext .cpp -mtune=generic -march=x86-64 -version -fasynchronous-unwind-tables -o /tmp/cchMguCT.s]
  ignore line: [GNU C++17 (Debian 12.2.0-14) version 12.2.0 (x86_64-linux-gnu)]
  ignore line: [	compiled by GNU C version 12.2.0  GMP version 6.2.1  MPFR version 4.1.1-p1  MPC version 1.3.1  isl version isl-0.25-GMP]
  ignore line: []
  ignore line: [warning: MPFR header version 4.1.1-p1 differs from library version 4.2.0.]
  ignore line: [GGC heuristics: --param ggc-min-expand=100 --param ggc-min-heapsize=131072]
  ignore line: [ignoring duplicate directory "/usr/include/x86_64-linux-gnu/c++/12"]
  ignore line: [ignoring nonexistent directory "/usr/local/include/x86_64-linux-gnu"]
  ignore line: [ignoring nonexistent directory "/usr/lib/gcc/x86_64-linux-gnu/12/include-fixed"]
  ignore line: [ignoring nonexistent directory "/usr/lib/gcc/x86_64-linux-gnu/12/../../../../x86_64-linux-gnu/include"]
  ignore line: [#include "..." search starts here:]
  ignore line: [#include <...> search starts here:]
  ignore line: [ /usr/include/c++/12]
  ignore line: [ /usr/include/x86_64-linux-gnu/c++/12]
  ignore line: [ /usr/include/c++/12/backward]
  ignore line: [ /usr/lib/gcc/x86_64-linux-gnu/12/include]
  ignore line: [ /usr/local/include]
  ignore line: [ /usr/include/x86_64-linux-gnu]
  ignore line: [ /usr/include]
  ignore line: [End of search list.]
  ignore line: [GNU C++17 (Debian 12.2.0-14) version 12.2.0 (x86_64-linux-gnu)]
  ignore line: [	compiled by GNU C version 12.2.0  GMP version 6.2.1  MPFR version 4.1.1-p1  MPC version 1.3.1  isl version isl-0.25-GMP]
  ignore line: []
  ignore line: [warning: MPFR header version 4.1.1-p1 differs from library version 4.2.0.]
  ignore line: [GGC heuristics: --param ggc-min-expand=100 --param ggc-min-heapsize=131072]
  ignore line: [Compiler executable checksum: 62b090dbbefa50644117a3c13d47369a]
  ignore line: [COLLECT_GCC_OPTIONS='-v' '-o' 'CMakeFiles/cmTC_83801.dir/CMakeCXXCompilerABI.cpp.o' '-c' '-shared-libgcc' '-mtune=generic' '-march=x86-64' '-dumpdir' 'CMakeFiles/cmTC_83801.dir/']
  ignore line: [ as -v --64 -o CMakeFiles/cmTC_83801.dir/CMakeCXXCompilerABI.cpp.o /tmp/cchMguCT.s]
  ignore line: [GNU assembler version 2.40 (x86_64-linux-gnu) using BFD version (GNU Binutils for Debian) 2.40]
  ignore line: [COMPILER_PATH=/usr/lib/gcc/x86_64-linux-gnu/12/:/usr/lib/gcc/x86_64-linux-gnu/12/:/usr/lib/gcc/x86_64-linux-gnu/:/usr/lib/gcc/x86_64-linux-gnu/12/:/usr/lib/gcc/x86_64-linux-gnu/]
  ignore line: [LIBRARY_PATH=/usr/lib/gcc/x86_64-linux-gnu/12/:/usr/lib/gcc/x86_64-linux-gnu/12/../../../x86_64-linux-gnu/:/usr/lib/gcc/x86_64-linux-gnu/12/../../../../lib/:/lib/x86_64-linux-gnu/:/lib/../lib/:/usr/lib/x86_64-linux-gnu/:/usr/lib/../lib/:/usr/lib/gcc/x86_64-linux-gnu/12/../../../:/lib/:/usr/lib/]
  ignore line: [COLLECT_GCC_OPTIONS='-v' '-o' 'CMakeFiles/cmTC_83801.dir/CMakeCXXCompilerABI.cpp.o' '-c' '-shared-libgcc' '-mtune=generic' '-march=x86-64' '-dumpdir' 'CMakeFiles/cmTC_83801.dir/CMakeCXXCompilerABI.cpp.']
  ignore line: [Linking CXX executable cmTC_83801]
  ignore line: [/usr/bin/cmake -E cmake_link_script CMakeFiles/cmTC_83801.dir/link.txt --verbose=1]
  ignore line: [/usr/bin/c++  -v CMakeFiles/cmTC_83801.dir/CMakeCXXCompilerABI.cpp.o -o cmTC_83801 ]
  ignore line: [Using built-in specs.]
  ignore line: [COLLECT_GCC=/usr/bin/c++]
  ignore line: [COLLECT_LTO_WRAPPER=/usr/lib/gcc/x86_64-linux-gnu/12/lto-wrapper]
  ignore line: [OFFLOAD_TARGET_NAMES=nvptx-none:amdgcn-amdhsa]
  ignore line: [OFFLOAD_TARGET_DEFAULT=1]
  ignore line: [Target: x86_64-linux-gnu]
  ignore line: [Configured with: ../src/configure -v --with-pkgversion='Debian 12.2.0-14' --with-bugurl=file:///usr/share/doc/gcc-12/README.Bugs --enable-languages=c ada c++ go d fortran objc obj-c++ m2 --prefix=/usr --with-gcc-major-version-only --program-suffix=-12 --program-prefix=x86_64-linux-gnu- --enable-shared --enable-linker-build-id --libexecdir=/usr/lib --without-included-gettext --enable-threads=posix --libdir=/usr/lib --enable-nls --enable-clocale=gnu --enable-libstdcxx-debug --enable-libstdcxx-time=yes --with-default-libstdcxx-abi=new --enable-gnu-unique-object --disable-vtable-verify --enable-plugin --enable-default-pie --with-system-zlib --enable-libphobos-checking=release --with-target-system-zlib=auto --enable-objc-gc=auto --enable-multiarch --disable-werror --enable-cet --with-arch-32=i686 --with-abi=m64 --with-multilib-list=m32 m64 mx32 --enable-multilib --with-tune=generic --enable-offload-targets=nvptx-none=/build/gcc-12-bTRWOB/gcc-12-12.2.0/debian/tmp-nvptx/usr amdgcn-amdhsa=/build/gcc-12-bTRWOB/gcc-12-12.2.0/debian/tmp-gcn/usr --enable-offload-defaulted --without-cuda-driver --enable-checking=release --build=x86_64-linux-gnu --host=x86_64-linux-gnu --target=x86_64-linux-gnu]
  ignore line: [Thread model: posix]
  ignore line: [Supported LTO compression algorithms: zlib zstd]
  ignore line: [gcc version 12.2.0 (Debian 12.2.0-14) ]
  ignore line: [COMPILER_PATH=/usr/lib/gcc/x86_64-linux-gnu/12/:/usr/lib/gcc/x86_64-linux-gnu/12/:/usr/lib/gcc/x86_64-linux-gnu/:/usr/lib/gcc/x86_64-linux-gnu/12/:/usr/lib/gcc/x86_64-linux-gnu/]
  ignore line: [LIBRARY_PATH=/usr/lib/gcc/x86_64-linux-gnu/12/:/usr/lib/gcc/x86_64-linux-gnu/12/../../../x86_64-linux-gnu/:/usr/lib/gcc/x86_64-linux-gnu/12/../../../../lib/:/lib/x86_64-linux-gnu/:/lib/../lib/:/usr/lib/x86_64-linux-gnu/:/usr/lib/../lib/:/usr/lib/gcc/x86_64-linux-gnu/12/../../../:/lib/:/usr/lib/]
  ignore line: [COLLECT_GCC_OPTIONS='-v' '-o' 'cmTC_83801' '-shared-libgcc' '-mtune=generic' '-march=x86-64' '-dumpdir' 'cmTC_83801.']
  link line: [ /usr/lib/gcc/x86_64-linux-gnu/12/collect2 -plugin /usr/lib/gcc/x86_64-linux-gnu/12/liblto_plugin.so -plugin-opt=/usr/lib/gcc/x86_64-linux-gnu/12/lto-wrapper -plugin-opt=-fresolution=/tmp/ccv51s0R.res -plugin-opt=-pass-through=-lgcc_s -plugin-opt=-pass-through=-lgcc -plugin-opt=-pass-through=-lc -plugin-opt=-pass-through=-lgcc_s -plugin-opt=-pass-through=-lgcc --build-id --eh-frame-hdr -m elf_x86_64 --hash-style=gnu --as-needed -dynamic-linker /lib64/ld-linux-x86-64.so.2 -pie -o cmTC_83801 /usr/lib/gcc/x86_64-linux-gnu/12/../../../x86_64-linux-gnu/Scrt1.o /usr/lib/gcc/x86_64-linux-gnu/12/../../../x86_64-linux-gnu/crti.o /usr/lib/gcc/x86_64-linux-gnu/12/crtbeginS.o -L/usr/lib/gcc/x86_64-linux-gnu/12 -L/usr/lib/gcc/x86_64-linux-gnu/12/../../../x86_64-linux-gnu -L/usr/lib/gcc/x86_64-linux-gnu/12/../../../../lib -L/lib/x86_64-linux-gnu -L/lib/../lib -L/usr/lib/x86_64-linux-gnu -L/usr/lib/../lib -L/usr/lib/gcc/x86_64-linux-gnu/12/../../.. CMakeFiles/cmTC_83801.dir/CMakeCXXCompilerABI.cpp.o -lstdc++ -lm -lgcc_s -lgcc -lc -lgcc_s -lgcc /usr/lib/gcc/x86_64-linux-gnu/12/crtendS.o /usr/lib/gcc/x86_64-linux-gnu/12/../../../x86_64-linux-gnu/crtn.o]
    arg [/usr/lib/gcc/x86_64-linux-gnu/12/collect2] ==> ignore
    arg [-plugin] ==> ignore
    arg [/usr/lib/gcc/x86_64-linux-gnu/12/liblto_plugin.so] ==> ignore
    arg [-plugin-opt=/usr/lib/gcc/x86_64-linux-gnu/12/lto-wrapper] ==> ignore
    arg [-plugin-opt=-fresolution=/tmp/ccv51s0R.res] ==> ignore
    arg [-plugin-opt=-pass-through=-lgcc_s] ==> ignore
    arg [-plugin-opt=-pass-through=-lgcc] ==> ignore
    arg [-plugin-opt=-pass-through=-lc] ==> ignore
    arg [-plugin-opt=-pass-through=-lgcc_s] ==> ignore
    arg [-plugin-opt=-pass-through=-lgcc] ==> ignore
    arg [--build-id] ==> ignore
    arg [--eh-frame-hdr] ==> ignore
    arg [-m] ==> ignore
    arg [elf_x86_64] ==> ignore
    arg [--hash-style=gnu] ==> ignore
    arg [--as-needed] ==> ignore
    arg [-dynamic-linker] ==> ignore
    arg [/lib64/ld-linux-x86-64.so.2] ==> ignore
    arg [-pie] ==> ignore
    arg [-o] ==> ignore
    arg [cmTC_83801] ==> ignore
    arg [/usr/lib/gcc/x86_64-linux-gnu/12/../../../x86_64-linux-gnu/Scrt1.o] ==> obj [/usr/lib/gcc/x86_64-linux-gnu/12/../../../x86_64-linux-gnu/Scrt1.o]
    arg [/usr/lib/gcc/x86_64-linux-gnu/12/../../../x86_64-linux-gnu/crti.o] ==> obj [/usr/lib/gcc/x86_64-linux-gnu/12/../../../x86_64-linux-gnu/crti.o]
    arg [/usr/lib/gcc/x86_64-linux-gnu/12/crtbeginS.o] ==> obj [/usr/lib/gcc/x86_64-linux-gnu/12/crtbeginS.o]
    arg [-L/usr/lib/gcc/x86_64-linux-gnu/12] ==> dir [/usr/lib/gcc/x86_64-linux-gnu/12]
    arg [-L/usr/lib/gcc/x86_64-linux-gnu/12/../../../x86_64-linux-gnu] ==> dir [/usr/lib/gcc/x86_64-linux-gnu/12/../../../x86_64-linux-gnu]
    arg [-L/usr/lib/gcc/x86_64-linux-gnu/12/../../../../lib] ==> dir [/usr/lib/gcc/x86_64-linux-gnu/12/../../../../lib]
    arg [-L/lib/x86_64-linux-gnu] ==> dir [/lib/x86_64-linux-gnu]
    arg [-L/lib/../lib] ==> dir [/lib/../lib]
    arg [-L/usr/lib/x86_64-linux-gnu] ==> dir [/usr/lib/x86_64-linux-gnu]
    arg [-L/usr/lib/../lib] ==> dir [/usr/lib/../lib]
    arg [-L/usr/lib/gcc/x86_64-linux-gnu/12/../../..] ==> dir [/usr/lib/gcc/x86_64-linux-gnu/12/../../..]
    arg [CMakeFiles/cmTC_83801.dir/CMakeCXXCompilerABI.cpp.o] ==> ignore
    arg [-lstdc++] ==> lib [stdc++]
    arg [-lm] ==> lib [m]
    arg [-lgcc_s] ==> lib [gcc_s]
    arg [-lgcc] ==> lib [gcc]
    arg [-lc] ==> lib [c]
    arg [-lgcc_s] ==> lib [gcc_s]
    arg [-lgcc] ==> lib [gcc]
    arg [/usr/lib/gcc/x86_64-linux-gnu/12/crtendS.o] ==> obj [/usr/lib/gcc/x86_64-linux-gnu/12/crtendS.o]
    arg [/usr/lib/gcc/x86_64-linux-gnu/12/../../../x86_64-linux-gnu/crtn.o] ==> obj [/usr/lib/gcc/x86_64-linux-gnu/12/../../../x86_64-linux-gnu/crtn.o]
  collapse obj [/usr/lib/gcc/x86_64-linux-gnu/12/../../../x86_64-linux-gnu/Scrt1.o] ==> [/usr/lib/x86_64-linux-gnu/Scrt1.o]
  collapse obj [/usr/lib/gcc/x86_64-linux-gnu/12/../../../x86_64-linux-gnu/crti.o] ==> [/usr/lib/x86_64-linux-gnu/crti.o]
  collapse obj [/usr/lib/gcc/x86_64-linux-gnu/12/../../../x86_64-linux-gnu/crtn.o] ==> [/usr/lib/x86_64-linux-gnu/crtn.o]
  collapse library dir [/usr/lib/gcc/x86_64-linux-gnu/12] ==> [/usr/lib/gcc/x86_64-linux-gnu/12]
  collapse library dir [/usr/lib/gcc/x86_64-linux-gnu/12/../../../x86_64-linux-gnu] ==> [/usr/lib/x86_64-linux-gnu]
  collapse library dir [/usr/lib/gcc/x86_64-linux-gnu/12/../../../../lib] ==> [/usr/lib]
  collapse library dir [/lib/x86_64-linux-gnu] ==> [/lib/x86_64-linux-gnu]
  collapse library dir [/lib/../lib] ==> [/lib]
  collapse library dir [/usr/lib/x86_64-linux-gnu] ==> [/usr/lib/x86_64-linux-gnu]
  collapse library dir [/usr/lib/../lib] ==> [/usr/lib]
  collapse library dir [/usr/lib/gcc/x86_64-linux-gnu/12/../../..] ==> [/usr/lib]
  implicit libs: [stdc++;m;gcc_s;gcc;c;gcc_s;gcc]
  implicit objs: [/usr/lib/x86_64-linux-gnu/Scrt1.o;/usr/lib/x86_64-linux-gnu/crti.o;/usr/lib/gcc/x86_64-linux-gnu/12/crtbeginS.o;/usr/lib/gcc/x86_64-linux-gnu/12/crtendS.o;/usr/lib/x86_64-linux-gnu/crtn.o]
  implicit dirs: [/usr/lib/gcc/x86_64-linux-gnu/12;/usr/lib/x86_64-linux-gnu;/usr/lib;/lib/x86_64-linux-gnu;/lib]
  implicit fwks: []


Compiling the C compiler identification source file "CMakeCCompilerId.c" succeeded.
Compiler: /usr/bin/cc 
Build flags: 
Id flags:  

The output was:
0


Compilation of the C compiler identification source "CMakeCCompilerId.c" produced "a.out"

The C compiler identification is GNU, found in "/home/INTRANET.SALZ.GMBH/manas.suri/Work/Rpi_Imager/Open62541/Server_OPCUA/build/CMakeFiles/3.25.1/CompilerIdC/a.out"

Detecting C compiler ABI info compiled with the following output:
Change Dir: /home/INTRANET.SALZ.GMBH/manas.suri/Work/Rpi_Imager/Open62541/Server_OPCUA/build/CMakeFiles/CMakeScratch/TryCompile-5N6YhK

Run Build Command(s):/usr/bin/gmake -f Makefile cmTC_bb048/fast && /usr/bin/gmake  -f CMakeFiles/cmTC_bb048.dir/build.make CMakeFiles/cmTC_bb048.dir/build
gmake[1]: Entering directory '/home/INTRANET.SALZ.GMBH/manas.suri/Work/Rpi_Imager/Open62541/Server_OPCUA/build/CMakeFiles/CMakeScratch/TryCompile-5N6YhK'
Building C object CMakeFiles/cmTC_bb048.dir/CMakeCCompilerABI.c.o
/usr/bin/cc   -v -o CMakeFiles/cmTC_bb048.dir/CMakeCCompilerABI.c.o -c /usr/share/cmake-3.25/Modules/CMakeCCompilerABI.c
Using built-in specs.
COLLECT_GCC=/usr/bin/cc
OFFLOAD_TARGET_NAMES=nvptx-none:amdgcn-amdhsa
OFFLOAD_TARGET_DEFAULT=1
Target: x86_64-linux-gnu
Configured with: ../src/configure -v --with-pkgversion='Debian 12.2.0-14' --with-bugurl=file:///usr/share/doc/gcc-12/README.Bugs --enable-languages=c,ada,c++,go,d,fortran,objc,obj-c++,m2 --prefix=/usr --with-gcc-major-version-only --program-suffix=-12 --program-prefix=x86_64-linux-gnu- --enable-shared --enable-linker-build-id --libexecdir=/usr/lib --without-included-gettext --enable-threads=posix --libdir=/usr/lib --enable-nls --enable-clocale=gnu --enable-libstdcxx-debug --enable-libstdcxx-time=yes --with-default-libstdcxx-abi=new --enable-gnu-unique-object --disable-vtable-verify --enable-plugin --enable-default-pie --with-system-zlib --enable-libphobos-checking=release --with-target-system-zlib=auto --enable-objc-gc=auto --enable-multiarch --disable-werror --enable-cet --with-arch-32=i686 --with-abi=m64 --with-multilib-list=m32,m64,mx32 --enable-multilib --with-tune=generic --enable-offload-targets=nvptx-none=/build/gcc-12-bTRWOB/gcc-12-12.2.0/debian/tmp-nvptx/usr,amdgcn-amdhsa=/build/gcc-12-bTRWOB/gcc-12-12.2.0/debian/tmp-gcn/usr --enable-offload-defaulted --without-cuda-driver --enable-checking=release --build=x86_64-linux-gnu --host=x86_64-linux-gnu --target=x86_64-linux-gnu
Thread model: posix
Supported LTO compression algorithms: zlib zstd
gcc version 12.2.0 (Debian 12.2.0-14) 
COLLECT_GCC_OPTIONS='-v' '-o' 'CMakeFiles/cmTC_bb048.dir/CMakeCCompilerABI.c.o' '-c' '-mtune=generic' '-march=x86-64' '-dumpdir' 'CMakeFiles/cmTC_bb048.dir/'
 /usr/lib/gcc/x86_64-linux-gnu/12/cc1 -quiet -v -imultiarch x86_64-linux-gnu /usr/share/cmake-3.25/Modules/CMakeCCompilerABI.c -quiet -dumpdir CMakeFiles/cmTC_bb048.dir/ -dumpbase CMakeCCompilerABI.c.c -dumpbase-ext .c -mtune=generic -march=x86-64 -version -fasynchronous-unwind-tables -o /tmp/ccsilhVn.s
GNU C17 (Debian 12.2.0-14) version 12.2.0 (x86_64-linux-gnu)
	compiled by GNU C version 12.2.0, GMP version 6.2.1, MPFR version 4.1.1-p1, MPC version 1.3.1, isl version isl-0.25-GMP

warning: MPFR header version 4.1.1-p1 differs from library version 4.2.0.
GGC heuristics: --param ggc-min-expand=100 --param ggc-min-heapsize=131072
ignoring nonexistent directory "/usr/local/include/x86_64-linux-gnu"
ignoring nonexistent directory "/usr/lib/gcc/x86_64-linux-gnu/12/include-fixed"
ignoring nonexistent directory "/usr/lib/gcc/x86_64-linux-gnu/12/../../../../x86_64-linux-gnu/include"
#include "..." search starts here:
#include <...> search starts here:
 /usr/lib/gcc/x86_64-linux-gnu/12/include
 /usr/local/include
 /usr/include/x86_64-linux-gnu
 /usr/include
End of search list.
GNU C17 (Debian 12.2.0-14) version 12.2.0 (x86_64-linux-gnu)
	compiled by GNU C version 12.2.0, GMP version 6.2.1, MPFR version 4.1.1-p1, MPC version 1.3.1, isl version isl-0.25-GMP

warning: MPFR header version 4.1.1-p1 differs from library version 4.2.0.
GGC heuristics: --param ggc-min-expand=100 --param ggc-min-heapsize=131072
Compiler executable checksum: cc72d2b9b5048fedc2be9051c917b40b
COLLECT_GCC_OPTIONS='-v' '-o' 'CMakeFiles/cmTC_bb048.dir/CMakeCCompilerABI.c.o' '-c' '-mtune=generic' '-march=x86-64' '-dumpdir' 'CMakeFiles/cmTC_bb048.dir/'
 as -v --64 -o CMakeFiles/cmTC_bb048.dir/CMakeCCompilerABI.c.o /tmp/ccsilhVn.s
GNU assembler version 2.40 (x86_64-linux-gnu) using BFD version (GNU Binutils for Debian) 2.40
COMPILER_PATH=/usr/lib/gcc/x86_64-linux-gnu/12/:/usr/lib/gcc/x86_64-linux-gnu/12/:/usr/lib/gcc/x86_64-linux-gnu/:/usr/lib/gcc/x86_64-linux-gnu/12/:/usr/lib/gcc/x86_64-linux-gnu/
LIBRARY_PATH=/usr/lib/gcc/x86_64-linux-gnu/12/:/usr/lib/gcc/x86_64-linux-gnu/12/../../../x86_64-linux-gnu/:/usr/lib/gcc/x86_64-linux-gnu/12/../../../../lib/:/lib/x86_64-linux-gnu/:/lib/../lib/:/usr/lib/x86_64-linux-gnu/:/usr/lib/../lib/:/usr/lib/gcc/x86_64-linux-gnu/12/../../../:/lib/:/usr/lib/
COLLECT_GCC_OPTIONS='-v' '-o' 'CMakeFiles/cmTC_bb048.dir/CMakeCCompilerABI.c.o' '-c' '-mtune=generic' '-march=x86-64' '-dumpdir' 'CMakeFiles/cmTC_bb048.dir/CMakeCCompilerABI.c.'
Linking C executable cmTC_bb048
/usr/bin/cmake -E cmake_link_script CMakeFiles/cmTC_bb048.dir/link.txt --verbose=1
/usr/bin/cc  -v CMakeFiles/cmTC_bb048.dir/CMakeCCompilerABI.c.o -o cmTC_bb048 
Using built-in specs.
COLLECT_GCC=/usr/bin/cc
COLLECT_LTO_WRAPPER=/usr/lib/gcc/x86_64-linux-gnu/12/lto-wrapper
OFFLOAD_TARGET_NAMES=nvptx-none:amdgcn-amdhsa
OFFLOAD_TARGET_DEFAULT=1
Target: x86_64-linux-gnu
Configured with: ../src/configure -v --with-pkgversion='Debian 12.2.0-14' --with-bugurl=file:///usr/share/doc/gcc-12/README.Bugs --enable-languages=c,ada,c++,go,d,fortran,objc,obj-c++,m2 --prefix=/usr --with-gcc-major-version-only --program-suffix=-12 --program-prefix=x86_64-linux-gnu- --enable-shared --enable-linker-build-id --libexecdir=/usr/lib --without-included-gettext --enable-threads=posix --libdir=/usr/lib --enable-nls --enable-clocale=gnu --enable-libstdcxx-debug --enable-libstdcxx-time=yes --with-default-libstdcxx-abi=new --enable-gnu-unique-object --disable-vtable-verify --enable-plugin --enable-default-pie --with-system-zlib --enable-libphobos-checking=release --with-target-system-zlib=auto --enable-objc-gc=auto --enable-multiarch --disable-werror --enable-cet --with-arch-32=i686 --with-abi=m64 --with-multilib-list=m32,m64,mx32 --enable-multilib --with-tune=generic --enable-offload-targets=nvptx-none=/build/gcc-12-bTRWOB/gcc-12-12.2.0/debian/tmp-nvptx/usr,amdgcn-amdhsa=/build/gcc-12-bTRWOB/gcc-12-12.2.0/debian/tmp-gcn/usr --enable-offload-defaulted --without-cuda-driver --enable-checking=release --build=x86_64-linux-gnu --host=x86_64-linux-gnu --target=x86_64-linux-gnu
Thread model: posix
Supported LTO compression algorithms: zlib zstd
gcc version 12.2.0 (Debian 12.2.0-14) 
COMPILER_PATH=/usr/lib/gcc/x86_64-linux-gnu/12/:/usr/lib/gcc/x86_64-linux-gnu/12/:/usr/lib/gcc/x86_64-linux-gnu/:/usr/lib/gcc/x86_64-linux-gnu/12/:/usr/lib/gcc/x86_64-linux-gnu/
LIBRARY_PATH=/usr/lib/gcc/x86_64-linux-gnu/12/:/usr/lib/gcc/x86_64-linux-gnu/12/../../../x86_64-linux-gnu/:/usr/lib/gcc/x86_64-linux-gnu/12/../../../../lib/:/lib/x86_64-linux-gnu/:/lib/../lib/:/usr/lib/x86_64-linux-gnu/:/usr/lib/../lib/:/usr/lib/gcc/x86_64-linux-gnu/12/../../../:/lib/:/usr/lib/
COLLECT_GCC_OPTIONS='-v' '-o' 'cmTC_bb048' '-mtune=generic' '-march=x86-64' '-dumpdir' 'cmTC_bb048.'
 /usr/lib/gcc/x86_64-linux-gnu/12/collect2 -plugin /usr/lib/gcc/x86_64-linux-gnu/12/liblto_plugin.so -plugin-opt=/usr/lib/gcc/x86_64-linux-gnu/12/lto-wrapper -plugin-opt=-fresolution=/tmp/ccwDGsRV.res -plugin-opt=-pass-through=-lgcc -plugin-opt=-pass-through=-lgcc_s -plugin-opt=-pass-through=-lc -plugin-opt=-pass-through=-lgcc -plugin-opt=-pass-through=-lgcc_s --build-id --eh-frame-hdr -m elf_x86_64 --hash-style=gnu --as-needed -dynamic-linker /lib64/ld-linux-x86-64.so.2 -pie -o cmTC_bb048 /usr/lib/gcc/x86_64-linux-gnu/12/../../../x86_64-linux-gnu/Scrt1.o /usr/lib/gcc/x86_64-linux-gnu/12/../../../x86_64-linux-gnu/crti.o /usr/lib/gcc/x86_64-linux-gnu/12/crtbeginS.o -L/usr/lib/gcc/x86_64-linux-gnu/12 -L/usr/lib/gcc/x86_64-linux-gnu/12/../../../x86_64-linux-gnu -L/usr/lib/gcc/x86_64-linux-gnu/12/../../../../lib -L/lib/x86_64-linux-gnu -L/lib/../lib -L/usr/lib/x86_64-linux-gnu -L/usr/lib/../lib -L/usr/lib/gcc/x86_64-linux-gnu/12/../../.. CMakeFiles/cmTC_bb048.dir/CMakeCCompilerABI.c.o -lgcc --push-state --as-needed -lgcc_s --pop-state -lc -lgcc --push-state --as-needed -lgcc_s --pop-state /usr/lib/gcc/x86_64-linux-gnu/12/crtendS.o /usr/lib/gcc/x86_64-linux-gnu/12/../../../x86_64-linux-gnu/crtn.o
COLLECT_GCC_OPTIONS='-v' '-o' 'cmTC_bb048' '-mtune=generic' '-march=x86-64' '-dumpdir' 'cmTC_bb048.'
gmake[1]: Leaving directory '/home/INTRANET.SALZ.GMBH/manas.suri/Work/Rpi_Imager/Open62541/Server_OPCUA/build/CMakeFiles/CMakeScratch/TryCompile-5N6YhK'



Parsed C implicit include dir info from above output: rv=done
  found start of include info
  found start of implicit include info
    add: [/usr/lib/gcc/x86_64-linux-gnu/12/include]
    add: [/usr/local/include]
    add: [/usr/include/x86_64-linux-gnu]
    add: [/usr/include]
  end of search list found
  collapse include dir [/usr/lib/gcc/x86_64-linux-gnu/12/include] ==> [/usr/lib/gcc/x86_64-linux-gnu/12/include]
  collapse include dir [/usr/local/include] ==> [/usr/local/include]
  collapse include dir [/usr/include/x86_64-linux-gnu] ==> [/usr/include/x86_64-linux-gnu]
  collapse include dir [/usr/include] ==> [/usr/include]
  implicit include dirs: [/usr/lib/gcc/x86_64-linux-gnu/12/include;/usr/local/include;/usr/include/x86_64-linux-gnu;/usr/include]


Parsed C implicit link information from above output:
  link line regex: [^( *|.*[/\])(ld|CMAKE_LINK_STARTFILE-NOTFOUND|([^/\]+-)?ld|collect2)[^/\]*( |$)]
  ignore line: [Change Dir: /home/INTRANET.SALZ.GMBH/manas.suri/Work/Rpi_Imager/Open62541/Server_OPCUA/build/CMakeFiles/CMakeScratch/TryCompile-5N6YhK]
  ignore line: []
  ignore line: [Run Build Command(s):/usr/bin/gmake -f Makefile cmTC_bb048/fast && /usr/bin/gmake  -f CMakeFiles/cmTC_bb048.dir/build.make CMakeFiles/cmTC_bb048.dir/build]
  ignore line: [gmake[1]: Entering directory '/home/INTRANET.SALZ.GMBH/manas.suri/Work/Rpi_Imager/Open62541/Server_OPCUA/build/CMakeFiles/CMakeScratch/TryCompile-5N6YhK']
  ignore line: [Building C object CMakeFiles/cmTC_bb048.dir/CMakeCCompilerABI.c.o]
  ignore line: [/usr/bin/cc   -v -o CMakeFiles/cmTC_bb048.dir/CMakeCCompilerABI.c.o -c /usr/share/cmake-3.25/Modules/CMakeCCompilerABI.c]
  ignore line: [Using built-in specs.]
  ignore line: [COLLECT_GCC=/usr/bin/cc]
  ignore line: [OFFLOAD_TARGET_NAMES=nvptx-none:amdgcn-amdhsa]
  ignore line: [OFFLOAD_TARGET_DEFAULT=1]
  ignore line: [Target: x86_64-linux-gnu]
  ignore line: [Configured with: ../src/configure -v --with-pkgversion='Debian 12.2.0-14' --with-bugurl=file:///usr/share/doc/gcc-12/README.Bugs --enable-languages=c ada c++ go d fortran objc obj-c++ m2 --prefix=/usr --with-gcc-major-version-only --program-suffix=-12 --program-prefix=x86_64-linux-gnu- --enable-shared --enable-linker-build-id --libexecdir=/usr/lib --without-included-gettext --enable-threads=posix --libdir=/usr/lib --enable-nls --enable-clocale=gnu --enable-libstdcxx-debug --enable-libstdcxx-time=yes --with-default-libstdcxx-abi=new --enable-gnu-unique-object --disable-vtable-verify --enable-plugin --enable-default-pie --with-system-zlib --enable-libphobos-checking=release --with-target-system-zlib=auto --enable-objc-gc=auto --enable-multiarch --disable-werror --enable-cet --with-arch-32=i686 --with-abi=m64 --with-multilib-list=m32 m64 mx32 --enable-multilib --with-tune=generic --enable-offload-targets=nvptx-none=/build/gcc-12-bTRWOB/gcc-12-12.2.0/debian/tmp-nvptx/usr amdgcn-amdhsa=/build/gcc-12-bTRWOB/gcc-12-12.2.0/debian/tmp-gcn/usr --enable-offload-defaulted --without-cuda-driver --enable-checking=release --build=x86_64-linux-gnu --host=x86_64-linux-gnu --target=x86_64-linux-gnu]
  ignore line: [Thread model: posix]
  ignore line: [Supported LTO compression algorithms: zlib zstd]
  ignore line: [gcc version 12.2.0 (Debian 12.2.0-14) ]
  ignore line: [COLLECT_GCC_OPTIONS='-v' '-o' 'CMakeFiles/cmTC_bb048.dir/CMakeCCompilerABI.c.o' '-c' '-mtune=generic' '-march=x86-64' '-dumpdir' 'CMakeFiles/cmTC_bb048.dir/']
  ignore line: [ /usr/lib/gcc/x86_64-linux-gnu/12/cc1 -quiet -v -imultiarch x86_64-linux-gnu /usr/share/cmake-3.25/Modules/CMakeCCompilerABI.c -quiet -dumpdir CMakeFiles/cmTC_bb048.dir/ -dumpbase CMakeCCompilerABI.c.c -dumpbase-ext .c -mtune=generic -march=x86-64 -version -fasynchronous-unwind-tables -o /tmp/ccsilhVn.s]
  ignore line: [GNU C17 (Debian 12.2.0-14) version 12.2.0 (x86_64-linux-gnu)]
  ignore line: [	compiled by GNU C version 12.2.0  GMP version 6.2.1  MPFR version 4.1.1-p1  MPC version 1.3.1  isl version isl-0.25-GMP]
  ignore line: []
  ignore line: [warning: MPFR header version 4.1.1-p1 differs from library version 4.2.0.]
  ignore line: [GGC heuristics: --param ggc-min-expand=100 --param ggc-min-heapsize=131072]
  ignore line: [ignoring nonexistent directory "/usr/local/include/x86_64-linux-gnu"]
  ignore line: [ignoring nonexistent directory "/usr/lib/gcc/x86_64-linux-gnu/12/include-fixed"]
  ignore line: [ignoring nonexistent directory "/usr/lib/gcc/x86_64-linux-gnu/12/../../../../x86_64-linux-gnu/include"]
  ignore line: [#include "..." search starts here:]
  ignore line: [#include <...> search starts here:]
  ignore line: [ /usr/lib/gcc/x86_64-linux-gnu/12/include]
  ignore line: [ /usr/local/include]
  ignore line: [ /usr/include/x86_64-linux-gnu]
  ignore line: [ /usr/include]
  ignore line: [End of search list.]
  ignore line: [GNU C17 (Debian 12.2.0-14) version 12.2.0 (x86_64-linux-gnu)]
  ignore line: [	compiled by GNU C version 12.2.0  GMP version 6.2.1  MPFR version 4.1.1-p1  MPC version 1.3.1  isl version isl-0.25-GMP]
  ignore line: []
  ignore line: [warning: MPFR header version 4.1.1-p1 differs from library version 4.2.0.]
  ignore line: [GGC heuristics: --param ggc-min-expand=100 --param ggc-min-heapsize=131072]
  ignore line: [Compiler executable checksum: cc72d2b9b5048fedc2be9051c917b40b]
  ignore line: [COLLECT_GCC_OPTIONS='-v' '-o' 'CMakeFiles/cmTC_bb048.dir/CMakeCCompilerABI.c.o' '-c' '-mtune=generic' '-march=x86-64' '-dumpdir' 'CMakeFiles/cmTC_bb048.dir/']
  ignore line: [ as -v --64 -o CMakeFiles/cmTC_bb048.dir/CMakeCCompilerABI.c.o /tmp/ccsilhVn.s]
  ignore line: [GNU assembler version 2.40 (x86_64-linux-gnu) using BFD version (GNU Binutils for Debian) 2.40]
  ignore line: [COMPILER_PATH=/usr/lib/gcc/x86_64-linux-gnu/12/:/usr/lib/gcc/x86_64-linux-gnu/12/:/usr/lib/gcc/x86_64-linux-gnu/:/usr/lib/gcc/x86_64-linux-gnu/12/:/usr/lib/gcc/x86_64-linux-gnu/]
  ignore line: [LIBRARY_PATH=/usr/lib/gcc/x86_64-linux-gnu/12/:/usr/lib/gcc/x86_64-linux-gnu/12/../../../x86_64-linux-gnu/:/usr/lib/gcc/x86_64-linux-gnu/12/../../../../lib/:/lib/x86_64-linux-gnu/:/lib/../lib/:/usr/lib/x86_64-linux-gnu/:/usr/lib/../lib/:/usr/lib/gcc/x86_64-linux-gnu/12/../../../:/lib/:/usr/lib/]
  ignore line: [COLLECT_GCC_OPTIONS='-v' '-o' 'CMakeFiles/cmTC_bb048.dir/CMakeCCompilerABI.c.o' '-c' '-mtune=generic' '-march=x86-64' '-dumpdir' 'CMakeFiles/cmTC_bb048.dir/CMakeCCompilerABI.c.']
  ignore line: [Linking C executable cmTC_bb048]
  ignore line: [/usr/bin/cmake -E cmake_link_script CMakeFiles/cmTC_bb048.dir/link.txt --verbose=1]
  ignore line: [/usr/bin/cc  -v CMakeFiles/cmTC_bb048.dir/CMakeCCompilerABI.c.o -o cmTC_bb048 ]
  ignore line: [Using built-in specs.]
  ignore line: [COLLECT_GCC=/usr/bin/cc]
  ignore line: [COLLECT_LTO_WRAPPER=/usr/lib/gcc/x86_64-linux-gnu/12/lto-wrapper]
  ignore line: [OFFLOAD_TARGET_NAMES=nvptx-none:amdgcn-amdhsa]
  ignore line: [OFFLOAD_TARGET_DEFAULT=1]
  ignore line: [Target: x86_64-linux-gnu]
  ignore line: [Configured with: ../src/configure -v --with-pkgversion='Debian 12.2.0-14' --with-bugurl=file:///usr/share/doc/gcc-12/README.Bugs --enable-languages=c ada c++ go d fortran objc obj-c++ m2 --prefix=/usr --with-gcc-major-version-only --program-suffix=-12 --program-prefix=x86_64-linux-gnu- --enable-shared --enable-linker-build-id --libexecdir=/usr/lib --without-included-gettext --enable-threads=posix --libdir=/usr/lib --enable-nls --enable-clocale=gnu --enable-libstdcxx-debug --enable-libstdcxx-time=yes --with-default-libstdcxx-abi=new --enable-gnu-unique-object --disable-vtable-verify --enable-plugin --enable-default-pie --with-system-zlib --enable-libphobos-checking=release --with-target-system-zlib=auto --enable-objc-gc=auto --enable-multiarch --disable-werror --enable-cet --with-arch-32=i686 --with-abi=m64 --with-multilib-list=m32 m64 mx32 --enable-multilib --with-tune=generic --enable-offload-targets=nvptx-none=/build/gcc-12-bTRWOB/gcc-12-12.2.0/debian/tmp-nvptx/usr amdgcn-amdhsa=/build/gcc-12-bTRWOB/gcc-12-12.2.0/debian/tmp-gcn/usr --enable-offload-defaulted --without-cuda-driver --enable-checking=release --build=x86_64-linux-gnu --host=x86_64-linux-gnu --target=x86_64-linux-gnu]
  ignore line: [Thread model: posix]
  ignore line: [Supported LTO compression algorithms: zlib zstd]
  ignore line: [gcc version 12.2.0 (Debian 12.2.0-14) ]
  ignore line: [COMPILER_PATH=/usr/lib/gcc/x86_64-linux-gnu/12/:/usr/lib/gcc/x86_64-linux-gnu/12/:/usr/lib/gcc/x86_64-linux-gnu/:/usr/lib/gcc/x86_64-linux-gnu/12/:/usr/lib/gcc/x86_64-linux-gnu/]
  ignore line: [LIBRARY_PATH=/usr/lib/gcc/x86_64-linux-gnu/12/:/usr/lib/gcc/x86_64-linux-gnu/12/../../../x86_64-linux-gnu/:/usr/lib/gcc/x86_64-linux-gnu/12/../../../../lib/:/lib/x86_64-linux-gnu/:/lib/../lib/:/usr/lib/x86_64-linux-gnu/:/usr/lib/../lib/:/usr/lib/gcc/x86_64-linux-gnu/12/../../../:/lib/:/usr/lib/]
  ignore line: [COLLECT_GCC_OPTIONS='-v' '-o' 'cmTC_bb048' '-mtune=generic' '-march=x86-64' '-dumpdir' 'cmTC_bb048.']
  link line: [ /usr/lib/gcc/x86_64-linux-gnu/12/collect2 -plugin /usr/lib/gcc/x86_64-linux-gnu/12/liblto_plugin.so -plugin-opt=/usr/lib/gcc/x86_64-linux-gnu/12/lto-wrapper -plugin-opt=-fresolution=/tmp/ccwDGsRV.res -plugin-opt=-pass-through=-lgcc -plugin-opt=-pass-through=-lgcc_s -plugin-opt=-pass-through=-lc -plugin-opt=-pass-through=-lgcc -plugin-opt=-pass-through=-lgcc_s --build-id --eh-frame-hdr -m elf_x86_64 --hash-style=gnu --as-needed -dynamic-linker /lib64/ld-linux-x86-64.so.2 -pie -o cmTC_bb048 /usr/lib/gcc/x86_64-linux-gnu/12/../../../x86_64-linux-gnu/Scrt1.o /usr/lib/gcc/x86_64-linux-gnu/12/../../../x86_64-linux-gnu/crti.o /usr/lib/gcc/x86_64-linux-gnu/12/crtbeginS.o -L/usr/lib/gcc/x86_64-linux-gnu/12 -L/usr/lib/gcc/x86_64-linux-gnu/12/../../../x86_64-linux-gnu -L/usr/lib/gcc/x86_64-linux-gnu/12/../../../../lib -L/lib/x86_64-linux-gnu -L/lib/../lib -L/usr/lib/x86_64-linux-gnu -L/usr/lib/../lib -L/usr/lib/gcc/x86_64-linux-gnu/12/../../.. CMakeFiles/cmTC_bb048.dir/CMakeCCompilerABI.c.o -lgcc --push-state --as-needed -lgcc_s --pop-state -lc -lgcc --push-state --as-needed -lgcc_s --pop-state /usr/lib/gcc/x86_64-linux-gnu/12/crtendS.o /usr/lib/gcc/x86_64-linux-gnu/12/../../../x86_64-linux-gnu/crtn.o]
    arg [/usr/lib/gcc/x86_64-linux-gnu/12/collect2] ==> ignore
    arg [-plugin] ==> ignore
    arg [/usr/lib/gcc/x86_64-linux-gnu/12/liblto_plugin.so] ==> ignore
    arg [-plugin-opt=/usr/lib/gcc/x86_64-linux-gnu/12/lto-wrapper] ==> ignore
    arg [-plugin-opt=-fresolution=/tmp/ccwDGsRV.res] ==> ignore
    arg [-plugin-opt=-pass-through=-lgcc] ==> ignore
    arg [-plugin-opt=-pass-through=-lgcc_s] ==> ignore
    arg [-plugin-opt=-pass-through=-lc] ==> ignore
    arg [-plugin-opt=-pass-through=-lgcc] ==> ignore
    arg [-plugin-opt=-pass-through=-lgcc_s] ==> ignore
    arg [--build-id] ==> ignore
    arg [--eh-frame-hdr] ==> ignore
    arg [-m] ==> ignore
    arg [elf_x86_64] ==> ignore
    arg [--hash-style=gnu] ==> ignore
    arg [--as-needed] ==> ignore
    arg [-dynamic-linker] ==> ignore
    arg [/lib64/ld-linux-x86-64.so.2] ==> ignore
    arg [-pie] ==> ignore
    arg [-o] ==> ignore
    arg [cmTC_bb048] ==> ignore
    arg [/usr/lib/gcc/x86_64-linux-gnu/12/../../../x86_64-linux-gnu/Scrt1.o] ==> obj [/usr/lib/gcc/x86_64-linux-gnu/12/../../../x86_64-linux-gnu/Scrt1.o]
    arg [/usr/lib/gcc/x86_64-linux-gnu/12/../../../x86_64-linux-gnu/crti.o] ==> obj [/usr/lib/gcc/x86_64-linux-gnu/12/../../../x86_64-linux-gnu/crti.o]
    arg [/usr/lib/gcc/x86_64-linux-gnu/12/crtbeginS.o] ==> obj [/usr/lib/gcc/x86_64-linux-gnu/12/crtbeginS.o]
    arg [-L/usr/lib/gcc/x86_64-linux-gnu/12] ==> dir [/usr/lib/gcc/x86_64-linux-gnu/12]
    arg [-L/usr/lib/gcc/x86_64-linux-gnu/12/../../../x86_64-linux-gnu] ==> dir [/usr/lib/gcc/x86_64-linux-gnu/12/../../../x86_64-linux-gnu]
    arg [-L/usr/lib/gcc/x86_64-linux-gnu/12/../../../../lib] ==> dir [/usr/lib/gcc/x86_64-linux-gnu/12/../../../../lib]
    arg [-L/lib/x86_64-linux-gnu] ==> dir [/lib/x86_64-linux-gnu]
    arg [-L/lib/../lib] ==> dir [/lib/../lib]
    arg [-L/usr/lib/x86_64-linux-gnu] ==> dir [/usr/lib/x86_64-linux-gnu]
    arg [-L/usr/lib/../lib] ==> dir [/usr/lib/../lib]
    arg [-L/usr/lib/gcc/x86_64-linux-gnu/12/../../..] ==> dir [/usr/lib/gcc/x86_64-linux-gnu/12/../../..]
    arg [CMakeFiles/cmTC_bb048.dir/CMakeCCompilerABI.c.o] ==> ignore
    arg [-lgcc] ==> lib [gcc]
    arg [--push-state] ==> ignore
    arg [--as-needed] ==> ignore
    arg [-lgcc_s] ==> lib [gcc_s]
    arg [--pop-state] ==> ignore
    arg [-lc] ==> lib [c]
    arg [-lgcc] ==> lib [gcc]
    arg [--push-state] ==> ignore
    arg [--as-needed] ==> ignore
    arg [-lgcc_s] ==> lib [gcc_s]
    arg [--pop-state] ==> ignore
    arg [/usr/lib/gcc/x86_64-linux-gnu/12/crtendS.o] ==> obj [/usr/lib/gcc/x86_64-linux-gnu/12/crtendS.o]
    arg [/usr/lib/gcc/x86_64-linux-gnu/12/../../../x86_64-linux-gnu/crtn.o] ==> obj [/usr/lib/gcc/x86_64-linux-gnu/12/../../../x86_64-linux-gnu/crtn.o]
  collapse obj [/usr/lib/gcc/x86_64-linux-gnu/12/../../../x86_64-linux-gnu/Scrt1.o] ==> [/usr/lib/x86_64-linux-gnu/Scrt1.o]
  collapse obj [/usr/lib/gcc/x86_64-linux-gnu/12/../../../x86_64-linux-gnu/crti.o] ==> [/usr/lib/x86_64-linux-gnu/crti.o]
  collapse obj [/usr/lib/gcc/x86_64-linux-gnu/12/../../../x86_64-linux-gnu/crtn.o] ==> [/usr/lib/x86_64-linux-gnu/crtn.o]
  collapse library dir [/usr/lib/gcc/x86_64-linux-gnu/12] ==> [/usr/lib/gcc/x86_64-linux-gnu/12]
  collapse library dir [/usr/lib/gcc/x86_64-linux-gnu/12/../../../x86_64-linux-gnu] ==> [/usr/lib/x86_64-linux-gnu]
  collapse library dir [/usr/lib/gcc/x86_64-linux-gnu/12/../../../../lib] ==> [/usr/lib]
  collapse library dir [/lib/x86_64-linux-gnu] ==> [/lib/x86_64-linux-gnu]
  collapse library dir [/lib/../lib] ==> [/lib]
  collapse library dir [/usr/lib/x86_64-linux-gnu] ==> [/usr/lib/x86_64-linux-gnu]
  collapse library dir [/usr/lib/../lib] ==> [/usr/lib]
  collapse library dir [/usr/lib/gcc/x86_64-linux-gnu/12/../../..] ==> [/usr/lib]
  implicit libs: [gcc;gcc_s;c;gcc;gcc_s]
  implicit objs: [/usr/lib/x86_64-linux-gnu/Scrt1.o;/usr/lib/x86_64-linux-gnu/crti.o;/usr/lib/gcc/x86_64-linux-gnu/12/crtbeginS.o;/usr/lib/gcc/x86_64-linux-gnu/12/crtendS.o;/usr/lib/x86_64-linux-gnu/crtn.o]
  implicit dirs: [/usr/lib/gcc/x86_64-linux-gnu/12;/usr/lib/x86_64-linux-gnu;/usr/lib;/lib/x86_64-linux-gnu;/lib]
  implicit fwks: []


Performing C SOURCE FILE Test flag_supported succeeded with the following output:
Change Dir: /home/INTRANET.SALZ.GMBH/manas.suri/Work/Rpi_Imager/Open62541/Server_OPCUA/build/CMakeFiles/CMakeScratch/TryCompile-dTgSUg

Run Build Command(s):/usr/bin/gmake -f Makefile cmTC_3a6c9/fast && /usr/bin/gmake  -f CMakeFiles/cmTC_3a6c9.dir/build.make CMakeFiles/cmTC_3a6c9.dir/build
gmake[1]: Entering directory '/home/INTRANET.SALZ.GMBH/manas.suri/Work/Rpi_Imager/Open62541/Server_OPCUA/build/CMakeFiles/CMakeScratch/TryCompile-dTgSUg'
Building C object CMakeFiles/cmTC_3a6c9.dir/src.c.o
/usr/bin/cc -Dflag_supported  -std=c99 -o CMakeFiles/cmTC_3a6c9.dir/src.c.o -c /home/INTRANET.SALZ.GMBH/manas.suri/Work/Rpi_Imager/Open62541/Server_OPCUA/build/CMakeFiles/CMakeScratch/TryCompile-dTgSUg/src.c
Linking C executable cmTC_3a6c9
/usr/bin/cmake -E cmake_link_script CMakeFiles/cmTC_3a6c9.dir/link.txt --verbose=1
/usr/bin/cc CMakeFiles/cmTC_3a6c9.dir/src.c.o -o cmTC_3a6c9 
gmake[1]: Leaving directory '/home/INTRANET.SALZ.GMBH/manas.suri/Work/Rpi_Imager/Open62541/Server_OPCUA/build/CMakeFiles/CMakeScratch/TryCompile-dTgSUg'


Source file was:
int main(void) { return 0; }

Performing C SOURCE FILE Test flag_supported succeeded with the following output:
Change Dir: /home/INTRANET.SALZ.GMBH/manas.suri/Work/Rpi_Imager/Open62541/Server_OPCUA/build/CMakeFiles/CMakeScratch/TryCompile-5tKO7c

Run Build Command(s):/usr/bin/gmake -f Makefile cmTC_1dfc8/fast && /usr/bin/gmake  -f CMakeFiles/cmTC_1dfc8.dir/build.make CMakeFiles/cmTC_1dfc8.dir/build
gmake[1]: Entering directory '/home/INTRANET.SALZ.GMBH/manas.suri/Work/Rpi_Imager/Open62541/Server_OPCUA/build/CMakeFiles/CMakeScratch/TryCompile-5tKO7c'
Building C object CMakeFiles/cmTC_1dfc8.dir/src.c.o
/usr/bin/cc -Dflag_supported  -std=c99    -pipe -o CMakeFiles/cmTC_1dfc8.dir/src.c.o -c /home/INTRANET.SALZ.GMBH/manas.suri/Work/Rpi_Imager/Open62541/Server_OPCUA/build/CMakeFiles/CMakeScratch/TryCompile-5tKO7c/src.c
Linking C executable cmTC_1dfc8
/usr/bin/cmake -E cmake_link_script CMakeFiles/cmTC_1dfc8.dir/link.txt --verbose=1
/usr/bin/cc  -std=c99  CMakeFiles/cmTC_1dfc8.dir/src.c.o -o cmTC_1dfc8 
gmake[1]: Leaving directory '/home/INTRANET.SALZ.GMBH/manas.suri/Work/Rpi_Imager/Open62541/Server_OPCUA/build/CMakeFiles/CMakeScratch/TryCompile-5tKO7c'


Source file was:
int main(void) { return 0; }

Performing C SOURCE FILE Test flag_supported succeeded with the following output:
Change Dir: /home/INTRANET.SALZ.GMBH/manas.suri/Work/Rpi_Imager/Open62541/Server_OPCUA/build/CMakeFiles/CMakeScratch/TryCompile-VdMLPd

Run Build Command(s):/usr/bin/gmake -f Makefile cmTC_d6807/fast && /usr/bin/gmake  -f CMakeFiles/cmTC_d6807.dir/build.make CMakeFiles/cmTC_d6807.dir/build
gmake[1]: Entering directory '/home/INTRANET.SALZ.GMBH/manas.suri/Work/Rpi_Imager/Open62541/Server_OPCUA/build/CMakeFiles/CMakeScratch/TryCompile-VdMLPd'
Building C object CMakeFiles/cmTC_d6807.dir/src.c.o
/usr/bin/cc -Dflag_supported  -std=c99 -pipe    -Wall -o CMakeFiles/cmTC_d6807.dir/src.c.o -c /home/INTRANET.SALZ.GMBH/manas.suri/Work/Rpi_Imager/Open62541/Server_OPCUA/build/CMakeFiles/CMakeScratch/TryCompile-VdMLPd/src.c
Linking C executable cmTC_d6807
/usr/bin/cmake -E cmake_link_script CMakeFiles/cmTC_d6807.dir/link.txt --verbose=1
/usr/bin/cc  -std=c99 -pipe  CMakeFiles/cmTC_d6807.dir/src.c.o -o cmTC_d6807 
gmake[1]: Leaving directory '/home/INTRANET.SALZ.GMBH/manas.suri/Work/Rpi_Imager/Open62541/Server_OPCUA/build/CMakeFiles/CMakeScratch/TryCompile-VdMLPd'


Source file was:
int main(void) { return 0; }

Performing C SOURCE FILE Test flag_supported succeeded with the following output:
Change Dir: /home/INTRANET.SALZ.GMBH/manas.suri/Work/Rpi_Imager/Open62541/Server_OPCUA/build/CMakeFiles/CMakeScratch/TryCompile-yTqvGS

Run Build Command(s):/usr/bin/gmake -f Makefile cmTC_bd6a9/fast && /usr/bin/gmake  -f CMakeFiles/cmTC_bd6a9.dir/build.make CMakeFiles/cmTC_bd6a9.dir/build
gmake[1]: Entering directory '/home/INTRANET.SALZ.GMBH/manas.suri/Work/Rpi_Imager/Open62541/Server_OPCUA/build/CMakeFiles/CMakeScratch/TryCompile-yTqvGS'
Building C object CMakeFiles/cmTC_bd6a9.dir/src.c.o
/usr/bin/cc -Dflag_supported  -std=c99 -pipe -Wall    -Wextra -o CMakeFiles/cmTC_bd6a9.dir/src.c.o -c /home/INTRANET.SALZ.GMBH/manas.suri/Work/Rpi_Imager/Open62541/Server_OPCUA/build/CMakeFiles/CMakeScratch/TryCompile-yTqvGS/src.c
Linking C executable cmTC_bd6a9
/usr/bin/cmake -E cmake_link_script CMakeFiles/cmTC_bd6a9.dir/link.txt --verbose=1
/usr/bin/cc  -std=c99 -pipe -Wall  CMakeFiles/cmTC_bd6a9.dir/src.c.o -o cmTC_bd6a9 
gmake[1]: Leaving directory '/home/INTRANET.SALZ.GMBH/manas.suri/Work/Rpi_Imager/Open62541/Server_OPCUA/build/CMakeFiles/CMakeScratch/TryCompile-yTqvGS'


Source file was:
int main(void) { return 0; }

Performing C SOURCE FILE Test flag_supported succeeded with the following output:
Change Dir: /home/INTRANET.SALZ.GMBH/manas.suri/Work/Rpi_Imager/Open62541/Server_OPCUA/build/CMakeFiles/CMakeScratch/TryCompile-1KHHp1

Run Build Command(s):/usr/bin/gmake -f Makefile cmTC_b8bfb/fast && /usr/bin/gmake  -f CMakeFiles/cmTC_b8bfb.dir/build.make CMakeFiles/cmTC_b8bfb.dir/build
gmake[1]: Entering directory '/home/INTRANET.SALZ.GMBH/manas.suri/Work/Rpi_Imager/Open62541/Server_OPCUA/build/CMakeFiles/CMakeScratch/TryCompile-1KHHp1'
Building C object CMakeFiles/cmTC_b8bfb.dir/src.c.o
/usr/bin/cc -Dflag_supported  -std=c99 -pipe -Wall -Wextra    -Wpedantic -o CMakeFiles/cmTC_b8bfb.dir/src.c.o -c /home/INTRANET.SALZ.GMBH/manas.suri/Work/Rpi_Imager/Open62541/Server_OPCUA/build/CMakeFiles/CMakeScratch/TryCompile-1KHHp1/src.c
Linking C executable cmTC_b8bfb
/usr/bin/cmake -E cmake_link_script CMakeFiles/cmTC_b8bfb.dir/link.txt --verbose=1
/usr/bin/cc  -std=c99 -pipe -Wall -Wextra  CMakeFiles/cmTC_b8bfb.dir/src.c.o -o cmTC_b8bfb 
gmake[1]: Leaving directory '/home/INTRANET.SALZ.GMBH/manas.suri/Work/Rpi_Imager/Open62541/Server_OPCUA/build/CMakeFiles/CMakeScratch/TryCompile-1KHHp1'


Source file was:
int main(void) { return 0; }

Performing C SOURCE FILE Test flag_supported succeeded with the following output:
Change Dir: /home/INTRANET.SALZ.GMBH/manas.suri/Work/Rpi_Imager/Open62541/Server_OPCUA/build/CMakeFiles/CMakeScratch/TryCompile-znvKL5

Run Build Command(s):/usr/bin/gmake -f Makefile cmTC_f63ed/fast && /usr/bin/gmake  -f CMakeFiles/cmTC_f63ed.dir/build.make CMakeFiles/cmTC_f63ed.dir/build
gmake[1]: Entering directory '/home/INTRANET.SALZ.GMBH/manas.suri/Work/Rpi_Imager/Open62541/Server_OPCUA/build/CMakeFiles/CMakeScratch/TryCompile-znvKL5'
Building C object CMakeFiles/cmTC_f63ed.dir/src.c.o
/usr/bin/cc -Dflag_supported  -std=c99 -pipe -Wall -Wextra -Wpedantic    -Wno-static-in-inline -o CMakeFiles/cmTC_f63ed.dir/src.c.o -c /home/INTRANET.SALZ.GMBH/manas.suri/Work/Rpi_Imager/Open62541/Server_OPCUA/build/CMakeFiles/CMakeScratch/TryCompile-znvKL5/src.c
Linking C executable cmTC_f63ed
/usr/bin/cmake -E cmake_link_script CMakeFiles/cmTC_f63ed.dir/link.txt --verbose=1
/usr/bin/cc  -std=c99 -pipe -Wall -Wextra -Wpedantic  CMakeFiles/cmTC_f63ed.dir/src.c.o -o cmTC_f63ed 
gmake[1]: Leaving directory '/home/INTRANET.SALZ.GMBH/manas.suri/Work/Rpi_Imager/Open62541/Server_OPCUA/build/CMakeFiles/CMakeScratch/TryCompile-znvKL5'


Source file was:
int main(void) { return 0; }

Performing C SOURCE FILE Test flag_supported succeeded with the following output:
Change Dir: /home/INTRANET.SALZ.GMBH/manas.suri/Work/Rpi_Imager/Open62541/Server_OPCUA/build/CMakeFiles/CMakeScratch/TryCompile-UXgGYm

Run Build Command(s):/usr/bin/gmake -f Makefile cmTC_c6fb1/fast && /usr/bin/gmake  -f CMakeFiles/cmTC_c6fb1.dir/build.make CMakeFiles/cmTC_c6fb1.dir/build
gmake[1]: Entering directory '/home/INTRANET.SALZ.GMBH/manas.suri/Work/Rpi_Imager/Open62541/Server_OPCUA/build/CMakeFiles/CMakeScratch/TryCompile-UXgGYm'
Building C object CMakeFiles/cmTC_c6fb1.dir/src.c.o
/usr/bin/cc -Dflag_supported  -std=c99 -pipe -Wall -Wextra -Wpedantic -Wno-static-in-inline    -Wno-overlength-strings -o CMakeFiles/cmTC_c6fb1.dir/src.c.o -c /home/INTRANET.SALZ.GMBH/manas.suri/Work/Rpi_Imager/Open62541/Server_OPCUA/build/CMakeFiles/CMakeScratch/TryCompile-UXgGYm/src.c
Linking C executable cmTC_c6fb1
/usr/bin/cmake -E cmake_link_script CMakeFiles/cmTC_c6fb1.dir/link.txt --verbose=1
/usr/bin/cc  -std=c99 -pipe -Wall -Wextra -Wpedantic -Wno-static-in-inline  CMakeFiles/cmTC_c6fb1.dir/src.c.o -o cmTC_c6fb1 
gmake[1]: Leaving directory '/home/INTRANET.SALZ.GMBH/manas.suri/Work/Rpi_Imager/Open62541/Server_OPCUA/build/CMakeFiles/CMakeScratch/TryCompile-UXgGYm'


Source file was:
int main(void) { return 0; }

Performing C SOURCE FILE Test flag_supported succeeded with the following output:
Change Dir: /home/INTRANET.SALZ.GMBH/manas.suri/Work/Rpi_Imager/Open62541/Server_OPCUA/build/CMakeFiles/CMakeScratch/TryCompile-3muZnH

Run Build Command(s):/usr/bin/gmake -f Makefile cmTC_6d610/fast && /usr/bin/gmake  -f CMakeFiles/cmTC_6d610.dir/build.make CMakeFiles/cmTC_6d610.dir/build
gmake[1]: Entering directory '/home/INTRANET.SALZ.GMBH/manas.suri/Work/Rpi_Imager/Open62541/Server_OPCUA/build/CMakeFiles/CMakeScratch/TryCompile-3muZnH'
Building C object CMakeFiles/cmTC_6d610.dir/src.c.o
/usr/bin/cc -Dflag_supported  -std=c99 -pipe -Wall -Wextra -Wpedantic -Wno-static-in-inline -Wno-overlength-strings    -Wno-unused-parameter -o CMakeFiles/cmTC_6d610.dir/src.c.o -c /home/INTRANET.SALZ.GMBH/manas.suri/Work/Rpi_Imager/Open62541/Server_OPCUA/build/CMakeFiles/CMakeScratch/TryCompile-3muZnH/src.c
Linking C executable cmTC_6d610
/usr/bin/cmake -E cmake_link_script CMakeFiles/cmTC_6d610.dir/link.txt --verbose=1
/usr/bin/cc  -std=c99 -pipe -Wall -Wextra -Wpedantic -Wno-static-in-inline -Wno-overlength-strings  CMakeFiles/cmTC_6d610.dir/src.c.o -o cmTC_6d610 
gmake[1]: Leaving directory '/home/INTRANET.SALZ.GMBH/manas.suri/Work/Rpi_Imager/Open62541/Server_OPCUA/build/CMakeFiles/CMakeScratch/TryCompile-3muZnH'


Source file was:
int main(void) { return 0; }

Performing C SOURCE FILE Test flag_supported succeeded with the following output:
Change Dir: /home/INTRANET.SALZ.GMBH/manas.suri/Work/Rpi_Imager/Open62541/Server_OPCUA/build/CMakeFiles/CMakeScratch/TryCompile-jDaK1Z

Run Build Command(s):/usr/bin/gmake -f Makefile cmTC_7fe81/fast && /usr/bin/gmake  -f CMakeFiles/cmTC_7fe81.dir/build.make CMakeFiles/cmTC_7fe81.dir/build
gmake[1]: Entering directory '/home/INTRANET.SALZ.GMBH/manas.suri/Work/Rpi_Imager/Open62541/Server_OPCUA/build/CMakeFiles/CMakeScratch/TryCompile-jDaK1Z'
Building C object CMakeFiles/cmTC_7fe81.dir/src.c.o
/usr/bin/cc -Dflag_supported  -std=c99 -pipe -Wall -Wextra -Wpedantic -Wno-static-in-inline -Wno-overlength-strings -Wno-unused-parameter    -Wno-maybe-uninitialized -o CMakeFiles/cmTC_7fe81.dir/src.c.o -c /home/INTRANET.SALZ.GMBH/manas.suri/Work/Rpi_Imager/Open62541/Server_OPCUA/build/CMakeFiles/CMakeScratch/TryCompile-jDaK1Z/src.c
Linking C executable cmTC_7fe81
/usr/bin/cmake -E cmake_link_script CMakeFiles/cmTC_7fe81.dir/link.txt --verbose=1
/usr/bin/cc  -std=c99 -pipe -Wall -Wextra -Wpedantic -Wno-static-in-inline -Wno-overlength-strings -Wno-unused-parameter  CMakeFiles/cmTC_7fe81.dir/src.c.o -o cmTC_7fe81 
gmake[1]: Leaving directory '/home/INTRANET.SALZ.GMBH/manas.suri/Work/Rpi_Imager/Open62541/Server_OPCUA/build/CMakeFiles/CMakeScratch/TryCompile-jDaK1Z'


Source file was:
int main(void) { return 0; }

Performing C SOURCE FILE Test flag_supported succeeded with the following output:
Change Dir: /home/INTRANET.SALZ.GMBH/manas.suri/Work/Rpi_Imager/Open62541/Server_OPCUA/build/CMakeFiles/CMakeScratch/TryCompile-5mJoqU

Run Build Command(s):/usr/bin/gmake -f Makefile cmTC_040c7/fast && /usr/bin/gmake  -f CMakeFiles/cmTC_040c7.dir/build.make CMakeFiles/cmTC_040c7.dir/build
gmake[1]: Entering directory '/home/INTRANET.SALZ.GMBH/manas.suri/Work/Rpi_Imager/Open62541/Server_OPCUA/build/CMakeFiles/CMakeScratch/TryCompile-5mJoqU'
Building C object CMakeFiles/cmTC_040c7.dir/src.c.o
/usr/bin/cc -Dflag_supported  -std=c99 -pipe -Wall -Wextra -Wpedantic -Wno-static-in-inline -Wno-overlength-strings -Wno-unused-parameter -Wno-maybe-uninitialized    -Wc++-compat -o CMakeFiles/cmTC_040c7.dir/src.c.o -c /home/INTRANET.SALZ.GMBH/manas.suri/Work/Rpi_Imager/Open62541/Server_OPCUA/build/CMakeFiles/CMakeScratch/TryCompile-5mJoqU/src.c
Linking C executable cmTC_040c7
/usr/bin/cmake -E cmake_link_script CMakeFiles/cmTC_040c7.dir/link.txt --verbose=1
/usr/bin/cc  -std=c99 -pipe -Wall -Wextra -Wpedantic -Wno-static-in-inline -Wno-overlength-strings -Wno-unused-parameter -Wno-maybe-uninitialized  CMakeFiles/cmTC_040c7.dir/src.c.o -o cmTC_040c7 
gmake[1]: Leaving directory '/home/INTRANET.SALZ.GMBH/manas.suri/Work/Rpi_Imager/Open62541/Server_OPCUA/build/CMakeFiles/CMakeScratch/TryCompile-5mJoqU'


Source file was:
int main(void) { return 0; }

Performing C SOURCE FILE Test flag_supported succeeded with the following output:
Change Dir: /home/INTRANET.SALZ.GMBH/manas.suri/Work/Rpi_Imager/Open62541/Server_OPCUA/build/CMakeFiles/CMakeScratch/TryCompile-IfEVAq

Run Build Command(s):/usr/bin/gmake -f Makefile cmTC_6e818/fast && /usr/bin/gmake  -f CMakeFiles/cmTC_6e818.dir/build.make CMakeFiles/cmTC_6e818.dir/build
gmake[1]: Entering directory '/home/INTRANET.SALZ.GMBH/manas.suri/Work/Rpi_Imager/Open62541/Server_OPCUA/build/CMakeFiles/CMakeScratch/TryCompile-IfEVAq'
Building C object CMakeFiles/cmTC_6e818.dir/src.c.o
/usr/bin/cc -Dflag_supported  -std=c99 -pipe -Wall -Wextra -Wpedantic -Wno-static-in-inline -Wno-overlength-strings -Wno-unused-parameter -Wno-maybe-uninitialized -Wc++-compat    -Wformat -o CMakeFiles/cmTC_6e818.dir/src.c.o -c /home/INTRANET.SALZ.GMBH/manas.suri/Work/Rpi_Imager/Open62541/Server_OPCUA/build/CMakeFiles/CMakeScratch/TryCompile-IfEVAq/src.c
Linking C executable cmTC_6e818
/usr/bin/cmake -E cmake_link_script CMakeFiles/cmTC_6e818.dir/link.txt --verbose=1
/usr/bin/cc  -std=c99 -pipe -Wall -Wextra -Wpedantic -Wno-static-in-inline -Wno-overlength-strings -Wno-unused-parameter -Wno-maybe-uninitialized -Wc++-compat  CMakeFiles/cmTC_6e818.dir/src.c.o -o cmTC_6e818 
gmake[1]: Leaving directory '/home/INTRANET.SALZ.GMBH/manas.suri/Work/Rpi_Imager/Open62541/Server_OPCUA/build/CMakeFiles/CMakeScratch/TryCompile-IfEVAq'


Source file was:
int main(void) { return 0; }

Performing C SOURCE FILE Test flag_supported succeeded with the following output:
Change Dir: /home/INTRANET.SALZ.GMBH/manas.suri/Work/Rpi_Imager/Open62541/Server_OPCUA/build/CMakeFiles/CMakeScratch/TryCompile-mQUajX

Run Build Command(s):/usr/bin/gmake -f Makefile cmTC_8e74e/fast && /usr/bin/gmake  -f CMakeFiles/cmTC_8e74e.dir/build.make CMakeFiles/cmTC_8e74e.dir/build
gmake[1]: Entering directory '/home/INTRANET.SALZ.GMBH/manas.suri/Work/Rpi_Imager/Open62541/Server_OPCUA/build/CMakeFiles/CMakeScratch/TryCompile-mQUajX'
Building C object CMakeFiles/cmTC_8e74e.dir/src.c.o
/usr/bin/cc -Dflag_supported  -std=c99 -pipe -Wall -Wextra -Wpedantic -Wno-static-in-inline -Wno-overlength-strings -Wno-unused-parameter -Wno-maybe-uninitialized -Wc++-compat -Wformat    -Wformat-security -o CMakeFiles/cmTC_8e74e.dir/src.c.o -c /home/INTRANET.SALZ.GMBH/manas.suri/Work/Rpi_Imager/Open62541/Server_OPCUA/build/CMakeFiles/CMakeScratch/TryCompile-mQUajX/src.c
Linking C executable cmTC_8e74e
/usr/bin/cmake -E cmake_link_script CMakeFiles/cmTC_8e74e.dir/link.txt --verbose=1
/usr/bin/cc  -std=c99 -pipe -Wall -Wextra -Wpedantic -Wno-static-in-inline -Wno-overlength-strings -Wno-unused-parameter -Wno-maybe-uninitialized -Wc++-compat -Wformat  CMakeFiles/cmTC_8e74e.dir/src.c.o -o cmTC_8e74e 
gmake[1]: Leaving directory '/home/INTRANET.SALZ.GMBH/manas.suri/Work/Rpi_Imager/Open62541/Server_OPCUA/build/CMakeFiles/CMakeScratch/TryCompile-mQUajX'


Source file was:
int main(void) { return 0; }

Performing C SOURCE FILE Test flag_supported succeeded with the following output:
Change Dir: /home/INTRANET.SALZ.GMBH/manas.suri/Work/Rpi_Imager/Open62541/Server_OPCUA/build/CMakeFiles/CMakeScratch/TryCompile-EqMUEt

Run Build Command(s):/usr/bin/gmake -f Makefile cmTC_084a0/fast && /usr/bin/gmake  -f CMakeFiles/cmTC_084a0.dir/build.make CMakeFiles/cmTC_084a0.dir/build
gmake[1]: Entering directory '/home/INTRANET.SALZ.GMBH/manas.suri/Work/Rpi_Imager/Open62541/Server_OPCUA/build/CMakeFiles/CMakeScratch/TryCompile-EqMUEt'
Building C object CMakeFiles/cmTC_084a0.dir/src.c.o
/usr/bin/cc -Dflag_supported  -std=c99 -pipe -Wall -Wextra -Wpedantic -Wno-static-in-inline -Wno-overlength-strings -Wno-unused-parameter -Wno-maybe-uninitialized -Wc++-compat -Wformat -Wformat-security    -Wformat-nonliteral -o CMakeFiles/cmTC_084a0.dir/src.c.o -c /home/INTRANET.SALZ.GMBH/manas.suri/Work/Rpi_Imager/Open62541/Server_OPCUA/build/CMakeFiles/CMakeScratch/TryCompile-EqMUEt/src.c
Linking C executable cmTC_084a0
/usr/bin/cmake -E cmake_link_script CMakeFiles/cmTC_084a0.dir/link.txt --verbose=1
/usr/bin/cc  -std=c99 -pipe -Wall -Wextra -Wpedantic -Wno-static-in-inline -Wno-overlength-strings -Wno-unused-parameter -Wno-maybe-uninitialized -Wc++-compat -Wformat -Wformat-security  CMakeFiles/cmTC_084a0.dir/src.c.o -o cmTC_084a0 
gmake[1]: Leaving directory '/home/INTRANET.SALZ.GMBH/manas.suri/Work/Rpi_Imager/Open62541/Server_OPCUA/build/CMakeFiles/CMakeScratch/TryCompile-EqMUEt'


Source file was:
int main(void) { return 0; }

Performing C SOURCE FILE Test flag_supported succeeded with the following output:
Change Dir: /home/INTRANET.SALZ.GMBH/manas.suri/Work/Rpi_Imager/Open62541/Server_OPCUA/build/CMakeFiles/CMakeScratch/TryCompile-TH4gSO

Run Build Command(s):/usr/bin/gmake -f Makefile cmTC_ecb3a/fast && /usr/bin/gmake  -f CMakeFiles/cmTC_ecb3a.dir/build.make CMakeFiles/cmTC_ecb3a.dir/build
gmake[1]: Entering directory '/home/INTRANET.SALZ.GMBH/manas.suri/Work/Rpi_Imager/Open62541/Server_OPCUA/build/CMakeFiles/CMakeScratch/TryCompile-TH4gSO'
Building C object CMakeFiles/cmTC_ecb3a.dir/src.c.o
/usr/bin/cc -Dflag_supported  -std=c99 -pipe -Wall -Wextra -Wpedantic -Wno-static-in-inline -Wno-overlength-strings -Wno-unused-parameter -Wno-maybe-uninitialized -Wc++-compat -Wformat -Wformat-security -Wformat-nonliteral    -Wmissing-prototypes -o CMakeFiles/cmTC_ecb3a.dir/src.c.o -c /home/INTRANET.SALZ.GMBH/manas.suri/Work/Rpi_Imager/Open62541/Server_OPCUA/build/CMakeFiles/CMakeScratch/TryCompile-TH4gSO/src.c
Linking C executable cmTC_ecb3a
/usr/bin/cmake -E cmake_link_script CMakeFiles/cmTC_ecb3a.dir/link.txt --verbose=1
/usr/bin/cc  -std=c99 -pipe -Wall -Wextra -Wpedantic -Wno-static-in-inline -Wno-overlength-strings -Wno-unused-parameter -Wno-maybe-uninitialized -Wc++-compat -Wformat -Wformat-security -Wformat-nonliteral  CMakeFiles/cmTC_ecb3a.dir/src.c.o -o cmTC_ecb3a 
gmake[1]: Leaving directory '/home/INTRANET.SALZ.GMBH/manas.suri/Work/Rpi_Imager/Open62541/Server_OPCUA/build/CMakeFiles/CMakeScratch/TryCompile-TH4gSO'


Source file was:
int main(void) { return 0; }

Performing C SOURCE FILE Test flag_supported succeeded with the following output:
Change Dir: /home/INTRANET.SALZ.GMBH/manas.suri/Work/Rpi_Imager/Open62541/Server_OPCUA/build/CMakeFiles/CMakeScratch/TryCompile-jq2QFM

Run Build Command(s):/usr/bin/gmake -f Makefile cmTC_07bbb/fast && /usr/bin/gmake  -f CMakeFiles/cmTC_07bbb.dir/build.make CMakeFiles/cmTC_07bbb.dir/build
gmake[1]: Entering directory '/home/INTRANET.SALZ.GMBH/manas.suri/Work/Rpi_Imager/Open62541/Server_OPCUA/build/CMakeFiles/CMakeScratch/TryCompile-jq2QFM'
Building C object CMakeFiles/cmTC_07bbb.dir/src.c.o
/usr/bin/cc -Dflag_supported  -std=c99 -pipe -Wall -Wextra -Wpedantic -Wno-static-in-inline -Wno-overlength-strings -Wno-unused-parameter -Wno-maybe-uninitialized -Wc++-compat -Wformat -Wformat-security -Wformat-nonliteral -Wmissing-prototypes    -Wstrict-prototypes -o CMakeFiles/cmTC_07bbb.dir/src.c.o -c /home/INTRANET.SALZ.GMBH/manas.suri/Work/Rpi_Imager/Open62541/Server_OPCUA/build/CMakeFiles/CMakeScratch/TryCompile-jq2QFM/src.c
Linking C executable cmTC_07bbb
/usr/bin/cmake -E cmake_link_script CMakeFiles/cmTC_07bbb.dir/link.txt --verbose=1
/usr/bin/cc  -std=c99 -pipe -Wall -Wextra -Wpedantic -Wno-static-in-inline -Wno-overlength-strings -Wno-unused-parameter -Wno-maybe-uninitialized -Wc++-compat -Wformat -Wformat-security -Wformat-nonliteral -Wmissing-prototypes  CMakeFiles/cmTC_07bbb.dir/src.c.o -o cmTC_07bbb 
gmake[1]: Leaving directory '/home/INTRANET.SALZ.GMBH/manas.suri/Work/Rpi_Imager/Open62541/Server_OPCUA/build/CMakeFiles/CMakeScratch/TryCompile-jq2QFM'


Source file was:
int main(void) { return 0; }

Performing C SOURCE FILE Test flag_supported succeeded with the following output:
Change Dir: /home/INTRANET.SALZ.GMBH/manas.suri/Work/Rpi_Imager/Open62541/Server_OPCUA/build/CMakeFiles/CMakeScratch/TryCompile-T53NQp

Run Build Command(s):/usr/bin/gmake -f Makefile cmTC_0570c/fast && /usr/bin/gmake  -f CMakeFiles/cmTC_0570c.dir/build.make CMakeFiles/cmTC_0570c.dir/build
gmake[1]: Entering directory '/home/INTRANET.SALZ.GMBH/manas.suri/Work/Rpi_Imager/Open62541/Server_OPCUA/build/CMakeFiles/CMakeScratch/TryCompile-T53NQp'
Building C object CMakeFiles/cmTC_0570c.dir/src.c.o
/usr/bin/cc -Dflag_supported  -std=c99 -pipe -Wall -Wextra -Wpedantic -Wno-static-in-inline -Wno-overlength-strings -Wno-unused-parameter -Wno-maybe-uninitialized -Wc++-compat -Wformat -Wformat-security -Wformat-nonliteral -Wmissing-prototypes -Wstrict-prototypes    -Wredundant-decls -o CMakeFiles/cmTC_0570c.dir/src.c.o -c /home/INTRANET.SALZ.GMBH/manas.suri/Work/Rpi_Imager/Open62541/Server_OPCUA/build/CMakeFiles/CMakeScratch/TryCompile-T53NQp/src.c
Linking C executable cmTC_0570c
/usr/bin/cmake -E cmake_link_script CMakeFiles/cmTC_0570c.dir/link.txt --verbose=1
/usr/bin/cc  -std=c99 -pipe -Wall -Wextra -Wpedantic -Wno-static-in-inline -Wno-overlength-strings -Wno-unused-parameter -Wno-maybe-uninitialized -Wc++-compat -Wformat -Wformat-security -Wformat-nonliteral -Wmissing-prototypes -Wstrict-prototypes  CMakeFiles/cmTC_0570c.dir/src.c.o -o cmTC_0570c 
gmake[1]: Leaving directory '/home/INTRANET.SALZ.GMBH/manas.suri/Work/Rpi_Imager/Open62541/Server_OPCUA/build/CMakeFiles/CMakeScratch/TryCompile-T53NQp'


Source file was:
int main(void) { return 0; }

Performing C SOURCE FILE Test flag_supported succeeded with the following output:
Change Dir: /home/INTRANET.SALZ.GMBH/manas.suri/Work/Rpi_Imager/Open62541/Server_OPCUA/build/CMakeFiles/CMakeScratch/TryCompile-ZlSJfg

Run Build Command(s):/usr/bin/gmake -f Makefile cmTC_2882e/fast && /usr/bin/gmake  -f CMakeFiles/cmTC_2882e.dir/build.make CMakeFiles/cmTC_2882e.dir/build
gmake[1]: Entering directory '/home/INTRANET.SALZ.GMBH/manas.suri/Work/Rpi_Imager/Open62541/Server_OPCUA/build/CMakeFiles/CMakeScratch/TryCompile-ZlSJfg'
Building C object CMakeFiles/cmTC_2882e.dir/src.c.o
/usr/bin/cc -Dflag_supported  -std=c99 -pipe -Wall -Wextra -Wpedantic -Wno-static-in-inline -Wno-overlength-strings -Wno-unused-parameter -Wno-maybe-uninitialized -Wc++-compat -Wformat -Wformat-security -Wformat-nonliteral -Wmissing-prototypes -Wstrict-prototypes -Wredundant-decls    -Wuninitialized -o CMakeFiles/cmTC_2882e.dir/src.c.o -c /home/INTRANET.SALZ.GMBH/manas.suri/Work/Rpi_Imager/Open62541/Server_OPCUA/build/CMakeFiles/CMakeScratch/TryCompile-ZlSJfg/src.c
Linking C executable cmTC_2882e
/usr/bin/cmake -E cmake_link_script CMakeFiles/cmTC_2882e.dir/link.txt --verbose=1
/usr/bin/cc  -std=c99 -pipe -Wall -Wextra -Wpedantic -Wno-static-in-inline -Wno-overlength-strings -Wno-unused-parameter -Wno-maybe-uninitialized -Wc++-compat -Wformat -Wformat-security -Wformat-nonliteral -Wmissing-prototypes -Wstrict-prototypes -Wredundant-decls  CMakeFiles/cmTC_2882e.dir/src.c.o -o cmTC_2882e 
gmake[1]: Leaving directory '/home/INTRANET.SALZ.GMBH/manas.suri/Work/Rpi_Imager/Open62541/Server_OPCUA/build/CMakeFiles/CMakeScratch/TryCompile-ZlSJfg'


Source file was:
int main(void) { return 0; }

Performing C SOURCE FILE Test flag_supported succeeded with the following output:
Change Dir: /home/INTRANET.SALZ.GMBH/manas.suri/Work/Rpi_Imager/Open62541/Server_OPCUA/build/CMakeFiles/CMakeScratch/TryCompile-ESHGC5

Run Build Command(s):/usr/bin/gmake -f Makefile cmTC_01bd3/fast && /usr/bin/gmake  -f CMakeFiles/cmTC_01bd3.dir/build.make CMakeFiles/cmTC_01bd3.dir/build
gmake[1]: Entering directory '/home/INTRANET.SALZ.GMBH/manas.suri/Work/Rpi_Imager/Open62541/Server_OPCUA/build/CMakeFiles/CMakeScratch/TryCompile-ESHGC5'
Building C object CMakeFiles/cmTC_01bd3.dir/src.c.o
/usr/bin/cc -Dflag_supported  -std=c99 -pipe -Wall -Wextra -Wpedantic -Wno-static-in-inline -Wno-overlength-strings -Wno-unused-parameter -Wno-maybe-uninitialized -Wc++-compat -Wformat -Wformat-security -Wformat-nonliteral -Wmissing-prototypes -Wstrict-prototypes -Wredundant-decls -Wuninitialized    -Winit-self -o CMakeFiles/cmTC_01bd3.dir/src.c.o -c /home/INTRANET.SALZ.GMBH/manas.suri/Work/Rpi_Imager/Open62541/Server_OPCUA/build/CMakeFiles/CMakeScratch/TryCompile-ESHGC5/src.c
Linking C executable cmTC_01bd3
/usr/bin/cmake -E cmake_link_script CMakeFiles/cmTC_01bd3.dir/link.txt --verbose=1
/usr/bin/cc  -std=c99 -pipe -Wall -Wextra -Wpedantic -Wno-static-in-inline -Wno-overlength-strings -Wno-unused-parameter -Wno-maybe-uninitialized -Wc++-compat -Wformat -Wformat-security -Wformat-nonliteral -Wmissing-prototypes -Wstrict-prototypes -Wredundant-decls -Wuninitialized  CMakeFiles/cmTC_01bd3.dir/src.c.o -o cmTC_01bd3 
gmake[1]: Leaving directory '/home/INTRANET.SALZ.GMBH/manas.suri/Work/Rpi_Imager/Open62541/Server_OPCUA/build/CMakeFiles/CMakeScratch/TryCompile-ESHGC5'


Source file was:
int main(void) { return 0; }

Performing C SOURCE FILE Test flag_supported succeeded with the following output:
Change Dir: /home/INTRANET.SALZ.GMBH/manas.suri/Work/Rpi_Imager/Open62541/Server_OPCUA/build/CMakeFiles/CMakeScratch/TryCompile-KghEEb

Run Build Command(s):/usr/bin/gmake -f Makefile cmTC_ee6b3/fast && /usr/bin/gmake  -f CMakeFiles/cmTC_ee6b3.dir/build.make CMakeFiles/cmTC_ee6b3.dir/build
gmake[1]: Entering directory '/home/INTRANET.SALZ.GMBH/manas.suri/Work/Rpi_Imager/Open62541/Server_OPCUA/build/CMakeFiles/CMakeScratch/TryCompile-KghEEb'
Building C object CMakeFiles/cmTC_ee6b3.dir/src.c.o
/usr/bin/cc -Dflag_supported  -std=c99 -pipe -Wall -Wextra -Wpedantic -Wno-static-in-inline -Wno-overlength-strings -Wno-unused-parameter -Wno-maybe-uninitialized -Wc++-compat -Wformat -Wformat-security -Wformat-nonliteral -Wmissing-prototypes -Wstrict-prototypes -Wredundant-decls -Wuninitialized -Winit-self    -Wcast-qual -o CMakeFiles/cmTC_ee6b3.dir/src.c.o -c /home/INTRANET.SALZ.GMBH/manas.suri/Work/Rpi_Imager/Open62541/Server_OPCUA/build/CMakeFiles/CMakeScratch/TryCompile-KghEEb/src.c
Linking C executable cmTC_ee6b3
/usr/bin/cmake -E cmake_link_script CMakeFiles/cmTC_ee6b3.dir/link.txt --verbose=1
/usr/bin/cc  -std=c99 -pipe -Wall -Wextra -Wpedantic -Wno-static-in-inline -Wno-overlength-strings -Wno-unused-parameter -Wno-maybe-uninitialized -Wc++-compat -Wformat -Wformat-security -Wformat-nonliteral -Wmissing-prototypes -Wstrict-prototypes -Wredundant-decls -Wuninitialized -Winit-self  CMakeFiles/cmTC_ee6b3.dir/src.c.o -o cmTC_ee6b3 
gmake[1]: Leaving directory '/home/INTRANET.SALZ.GMBH/manas.suri/Work/Rpi_Imager/Open62541/Server_OPCUA/build/CMakeFiles/CMakeScratch/TryCompile-KghEEb'


Source file was:
int main(void) { return 0; }

Performing C SOURCE FILE Test flag_supported succeeded with the following output:
Change Dir: /home/INTRANET.SALZ.GMBH/manas.suri/Work/Rpi_Imager/Open62541/Server_OPCUA/build/CMakeFiles/CMakeScratch/TryCompile-UkCJly

Run Build Command(s):/usr/bin/gmake -f Makefile cmTC_f7fb1/fast && /usr/bin/gmake  -f CMakeFiles/cmTC_f7fb1.dir/build.make CMakeFiles/cmTC_f7fb1.dir/build
gmake[1]: Entering directory '/home/INTRANET.SALZ.GMBH/manas.suri/Work/Rpi_Imager/Open62541/Server_OPCUA/build/CMakeFiles/CMakeScratch/TryCompile-UkCJly'
Building C object CMakeFiles/cmTC_f7fb1.dir/src.c.o
/usr/bin/cc -Dflag_supported  -std=c99 -pipe -Wall -Wextra -Wpedantic -Wno-static-in-inline -Wno-overlength-strings -Wno-unused-parameter -Wno-maybe-uninitialized -Wc++-compat -Wformat -Wformat-security -Wformat-nonliteral -Wmissing-prototypes -Wstrict-prototypes -Wredundant-decls -Wuninitialized -Winit-self -Wcast-qual    -Wstrict-overflow -o CMakeFiles/cmTC_f7fb1.dir/src.c.o -c /home/INTRANET.SALZ.GMBH/manas.suri/Work/Rpi_Imager/Open62541/Server_OPCUA/build/CMakeFiles/CMakeScratch/TryCompile-UkCJly/src.c
Linking C executable cmTC_f7fb1
/usr/bin/cmake -E cmake_link_script CMakeFiles/cmTC_f7fb1.dir/link.txt --verbose=1
/usr/bin/cc  -std=c99 -pipe -Wall -Wextra -Wpedantic -Wno-static-in-inline -Wno-overlength-strings -Wno-unused-parameter -Wno-maybe-uninitialized -Wc++-compat -Wformat -Wformat-security -Wformat-nonliteral -Wmissing-prototypes -Wstrict-prototypes -Wredundant-decls -Wuninitialized -Winit-self -Wcast-qual  CMakeFiles/cmTC_f7fb1.dir/src.c.o -o cmTC_f7fb1 
gmake[1]: Leaving directory '/home/INTRANET.SALZ.GMBH/manas.suri/Work/Rpi_Imager/Open62541/Server_OPCUA/build/CMakeFiles/CMakeScratch/TryCompile-UkCJly'


Source file was:
int main(void) { return 0; }

Performing C SOURCE FILE Test flag_supported succeeded with the following output:
Change Dir: /home/INTRANET.SALZ.GMBH/manas.suri/Work/Rpi_Imager/Open62541/Server_OPCUA/build/CMakeFiles/CMakeScratch/TryCompile-3sOqcV

Run Build Command(s):/usr/bin/gmake -f Makefile cmTC_1b910/fast && /usr/bin/gmake  -f CMakeFiles/cmTC_1b910.dir/build.make CMakeFiles/cmTC_1b910.dir/build
gmake[1]: Entering directory '/home/INTRANET.SALZ.GMBH/manas.suri/Work/Rpi_Imager/Open62541/Server_OPCUA/build/CMakeFiles/CMakeScratch/TryCompile-3sOqcV'
Building C object CMakeFiles/cmTC_1b910.dir/src.c.o
/usr/bin/cc -Dflag_supported  -std=c99 -pipe -Wall -Wextra -Wpedantic -Wno-static-in-inline -Wno-overlength-strings -Wno-unused-parameter -Wno-maybe-uninitialized -Wc++-compat -Wformat -Wformat-security -Wformat-nonliteral -Wmissing-prototypes -Wstrict-prototypes -Wredundant-decls -Wuninitialized -Winit-self -Wcast-qual -Wstrict-overflow    -Wnested-externs -o CMakeFiles/cmTC_1b910.dir/src.c.o -c /home/INTRANET.SALZ.GMBH/manas.suri/Work/Rpi_Imager/Open62541/Server_OPCUA/build/CMakeFiles/CMakeScratch/TryCompile-3sOqcV/src.c
Linking C executable cmTC_1b910
/usr/bin/cmake -E cmake_link_script CMakeFiles/cmTC_1b910.dir/link.txt --verbose=1
/usr/bin/cc  -std=c99 -pipe -Wall -Wextra -Wpedantic -Wno-static-in-inline -Wno-overlength-strings -Wno-unused-parameter -Wno-maybe-uninitialized -Wc++-compat -Wformat -Wformat-security -Wformat-nonliteral -Wmissing-prototypes -Wstrict-prototypes -Wredundant-decls -Wuninitialized -Winit-self -Wcast-qual -Wstrict-overflow  CMakeFiles/cmTC_1b910.dir/src.c.o -o cmTC_1b910 
gmake[1]: Leaving directory '/home/INTRANET.SALZ.GMBH/manas.suri/Work/Rpi_Imager/Open62541/Server_OPCUA/build/CMakeFiles/CMakeScratch/TryCompile-3sOqcV'


Source file was:
int main(void) { return 0; }

Performing C SOURCE FILE Test flag_supported succeeded with the following output:
Change Dir: /home/INTRANET.SALZ.GMBH/manas.suri/Work/Rpi_Imager/Open62541/Server_OPCUA/build/CMakeFiles/CMakeScratch/TryCompile-PpVQUb

Run Build Command(s):/usr/bin/gmake -f Makefile cmTC_e6613/fast && /usr/bin/gmake  -f CMakeFiles/cmTC_e6613.dir/build.make CMakeFiles/cmTC_e6613.dir/build
gmake[1]: Entering directory '/home/INTRANET.SALZ.GMBH/manas.suri/Work/Rpi_Imager/Open62541/Server_OPCUA/build/CMakeFiles/CMakeScratch/TryCompile-PpVQUb'
Building C object CMakeFiles/cmTC_e6613.dir/src.c.o
/usr/bin/cc -Dflag_supported  -std=c99 -pipe -Wall -Wextra -Wpedantic -Wno-static-in-inline -Wno-overlength-strings -Wno-unused-parameter -Wno-maybe-uninitialized -Wc++-compat -Wformat -Wformat-security -Wformat-nonliteral -Wmissing-prototypes -Wstrict-prototypes -Wredundant-decls -Wuninitialized -Winit-self -Wcast-qual -Wstrict-overflow -Wnested-externs    -Wmultichar -o CMakeFiles/cmTC_e6613.dir/src.c.o -c /home/INTRANET.SALZ.GMBH/manas.suri/Work/Rpi_Imager/Open62541/Server_OPCUA/build/CMakeFiles/CMakeScratch/TryCompile-PpVQUb/src.c
Linking C executable cmTC_e6613
/usr/bin/cmake -E cmake_link_script CMakeFiles/cmTC_e6613.dir/link.txt --verbose=1
/usr/bin/cc  -std=c99 -pipe -Wall -Wextra -Wpedantic -Wno-static-in-inline -Wno-overlength-strings -Wno-unused-parameter -Wno-maybe-uninitialized -Wc++-compat -Wformat -Wformat-security -Wformat-nonliteral -Wmissing-prototypes -Wstrict-prototypes -Wredundant-decls -Wuninitialized -Winit-self -Wcast-qual -Wstrict-overflow -Wnested-externs  CMakeFiles/cmTC_e6613.dir/src.c.o -o cmTC_e6613 
gmake[1]: Leaving directory '/home/INTRANET.SALZ.GMBH/manas.suri/Work/Rpi_Imager/Open62541/Server_OPCUA/build/CMakeFiles/CMakeScratch/TryCompile-PpVQUb'


Source file was:
int main(void) { return 0; }

Performing C SOURCE FILE Test flag_supported succeeded with the following output:
Change Dir: /home/INTRANET.SALZ.GMBH/manas.suri/Work/Rpi_Imager/Open62541/Server_OPCUA/build/CMakeFiles/CMakeScratch/TryCompile-4YBnOY

Run Build Command(s):/usr/bin/gmake -f Makefile cmTC_8ae09/fast && /usr/bin/gmake  -f CMakeFiles/cmTC_8ae09.dir/build.make CMakeFiles/cmTC_8ae09.dir/build
gmake[1]: Entering directory '/home/INTRANET.SALZ.GMBH/manas.suri/Work/Rpi_Imager/Open62541/Server_OPCUA/build/CMakeFiles/CMakeScratch/TryCompile-4YBnOY'
Building C object CMakeFiles/cmTC_8ae09.dir/src.c.o
/usr/bin/cc -Dflag_supported  -std=c99 -pipe -Wall -Wextra -Wpedantic -Wno-static-in-inline -Wno-overlength-strings -Wno-unused-parameter -Wno-maybe-uninitialized -Wc++-compat -Wformat -Wformat-security -Wformat-nonliteral -Wmissing-prototypes -Wstrict-prototypes -Wredundant-decls -Wuninitialized -Winit-self -Wcast-qual -Wstrict-overflow -Wnested-externs -Wmultichar    -Wundef -o CMakeFiles/cmTC_8ae09.dir/src.c.o -c /home/INTRANET.SALZ.GMBH/manas.suri/Work/Rpi_Imager/Open62541/Server_OPCUA/build/CMakeFiles/CMakeScratch/TryCompile-4YBnOY/src.c
Linking C executable cmTC_8ae09
/usr/bin/cmake -E cmake_link_script CMakeFiles/cmTC_8ae09.dir/link.txt --verbose=1
/usr/bin/cc  -std=c99 -pipe -Wall -Wextra -Wpedantic -Wno-static-in-inline -Wno-overlength-strings -Wno-unused-parameter -Wno-maybe-uninitialized -Wc++-compat -Wformat -Wformat-security -Wformat-nonliteral -Wmissing-prototypes -Wstrict-prototypes -Wredundant-decls -Wuninitialized -Winit-self -Wcast-qual -Wstrict-overflow -Wnested-externs -Wmultichar  CMakeFiles/cmTC_8ae09.dir/src.c.o -o cmTC_8ae09 
gmake[1]: Leaving directory '/home/INTRANET.SALZ.GMBH/manas.suri/Work/Rpi_Imager/Open62541/Server_OPCUA/build/CMakeFiles/CMakeScratch/TryCompile-4YBnOY'


Source file was:
int main(void) { return 0; }

Performing C SOURCE FILE Test flag_supported succeeded with the following output:
Change Dir: /home/INTRANET.SALZ.GMBH/manas.suri/Work/Rpi_Imager/Open62541/Server_OPCUA/build/CMakeFiles/CMakeScratch/TryCompile-Txd306

Run Build Command(s):/usr/bin/gmake -f Makefile cmTC_6f4fc/fast && /usr/bin/gmake  -f CMakeFiles/cmTC_6f4fc.dir/build.make CMakeFiles/cmTC_6f4fc.dir/build
gmake[1]: Entering directory '/home/INTRANET.SALZ.GMBH/manas.suri/Work/Rpi_Imager/Open62541/Server_OPCUA/build/CMakeFiles/CMakeScratch/TryCompile-Txd306'
Building C object CMakeFiles/cmTC_6f4fc.dir/src.c.o
/usr/bin/cc -Dflag_supported  -std=c99 -pipe -Wall -Wextra -Wpedantic -Wno-static-in-inline -Wno-overlength-strings -Wno-unused-parameter -Wno-maybe-uninitialized -Wc++-compat -Wformat -Wformat-security -Wformat-nonliteral -Wmissing-prototypes -Wstrict-prototypes -Wredundant-decls -Wuninitialized -Winit-self -Wcast-qual -Wstrict-overflow -Wnested-externs -Wmultichar -Wundef    -fno-strict-aliasing -o CMakeFiles/cmTC_6f4fc.dir/src.c.o -c /home/INTRANET.SALZ.GMBH/manas.suri/Work/Rpi_Imager/Open62541/Server_OPCUA/build/CMakeFiles/CMakeScratch/TryCompile-Txd306/src.c
Linking C executable cmTC_6f4fc
/usr/bin/cmake -E cmake_link_script CMakeFiles/cmTC_6f4fc.dir/link.txt --verbose=1
/usr/bin/cc  -std=c99 -pipe -Wall -Wextra -Wpedantic -Wno-static-in-inline -Wno-overlength-strings -Wno-unused-parameter -Wno-maybe-uninitialized -Wc++-compat -Wformat -Wformat-security -Wformat-nonliteral -Wmissing-prototypes -Wstrict-prototypes -Wredundant-decls -Wuninitialized -Winit-self -Wcast-qual -Wstrict-overflow -Wnested-externs -Wmultichar -Wundef  CMakeFiles/cmTC_6f4fc.dir/src.c.o -o cmTC_6f4fc 
gmake[1]: Leaving directory '/home/INTRANET.SALZ.GMBH/manas.suri/Work/Rpi_Imager/Open62541/Server_OPCUA/build/CMakeFiles/CMakeScratch/TryCompile-Txd306'


Source file was:
int main(void) { return 0; }

Performing C SOURCE FILE Test flag_supported succeeded with the following output:
Change Dir: /home/INTRANET.SALZ.GMBH/manas.suri/Work/Rpi_Imager/Open62541/Server_OPCUA/build/CMakeFiles/CMakeScratch/TryCompile-uEEp5P

Run Build Command(s):/usr/bin/gmake -f Makefile cmTC_87ed0/fast && /usr/bin/gmake  -f CMakeFiles/cmTC_87ed0.dir/build.make CMakeFiles/cmTC_87ed0.dir/build
gmake[1]: Entering directory '/home/INTRANET.SALZ.GMBH/manas.suri/Work/Rpi_Imager/Open62541/Server_OPCUA/build/CMakeFiles/CMakeScratch/TryCompile-uEEp5P'
Building C object CMakeFiles/cmTC_87ed0.dir/src.c.o
/usr/bin/cc -Dflag_supported  -std=c99 -pipe -Wall -Wextra -Wpedantic -Wno-static-in-inline -Wno-overlength-strings -Wno-unused-parameter -Wno-maybe-uninitialized -Wc++-compat -Wformat -Wformat-security -Wformat-nonliteral -Wmissing-prototypes -Wstrict-prototypes -Wredundant-decls -Wuninitialized -Winit-self -Wcast-qual -Wstrict-overflow -Wnested-externs -Wmultichar -Wundef -fno-strict-aliasing    -fexceptions -o CMakeFiles/cmTC_87ed0.dir/src.c.o -c /home/INTRANET.SALZ.GMBH/manas.suri/Work/Rpi_Imager/Open62541/Server_OPCUA/build/CMakeFiles/CMakeScratch/TryCompile-uEEp5P/src.c
Linking C executable cmTC_87ed0
/usr/bin/cmake -E cmake_link_script CMakeFiles/cmTC_87ed0.dir/link.txt --verbose=1
/usr/bin/cc  -std=c99 -pipe -Wall -Wextra -Wpedantic -Wno-static-in-inline -Wno-overlength-strings -Wno-unused-parameter -Wno-maybe-uninitialized -Wc++-compat -Wformat -Wformat-security -Wformat-nonliteral -Wmissing-prototypes -Wstrict-prototypes -Wredundant-decls -Wuninitialized -Winit-self -Wcast-qual -Wstrict-overflow -Wnested-externs -Wmultichar -Wundef -fno-strict-aliasing  CMakeFiles/cmTC_87ed0.dir/src.c.o -o cmTC_87ed0 
gmake[1]: Leaving directory '/home/INTRANET.SALZ.GMBH/manas.suri/Work/Rpi_Imager/Open62541/Server_OPCUA/build/CMakeFiles/CMakeScratch/TryCompile-uEEp5P'


Source file was:
int main(void) { return 0; }

Performing C SOURCE FILE Test flag_supported succeeded with the following output:
Change Dir: /home/INTRANET.SALZ.GMBH/manas.suri/Work/Rpi_Imager/Open62541/Server_OPCUA/build/CMakeFiles/CMakeScratch/TryCompile-Qw2l50

Run Build Command(s):/usr/bin/gmake -f Makefile cmTC_4f72f/fast && /usr/bin/gmake  -f CMakeFiles/cmTC_4f72f.dir/build.make CMakeFiles/cmTC_4f72f.dir/build
gmake[1]: Entering directory '/home/INTRANET.SALZ.GMBH/manas.suri/Work/Rpi_Imager/Open62541/Server_OPCUA/build/CMakeFiles/CMakeScratch/TryCompile-Qw2l50'
Building C object CMakeFiles/cmTC_4f72f.dir/src.c.o
/usr/bin/cc -Dflag_supported  -std=c99 -pipe -Wall -Wextra -Wpedantic -Wno-static-in-inline -Wno-overlength-strings -Wno-unused-parameter -Wno-maybe-uninitialized -Wc++-compat -Wformat -Wformat-security -Wformat-nonliteral -Wmissing-prototypes -Wstrict-prototypes -Wredundant-decls -Wuninitialized -Winit-self -Wcast-qual -Wstrict-overflow -Wnested-externs -Wmultichar -Wundef -fno-strict-aliasing -fexceptions    -pthread -o CMakeFiles/cmTC_4f72f.dir/src.c.o -c /home/INTRANET.SALZ.GMBH/manas.suri/Work/Rpi_Imager/Open62541/Server_OPCUA/build/CMakeFiles/CMakeScratch/TryCompile-Qw2l50/src.c
Linking C executable cmTC_4f72f
/usr/bin/cmake -E cmake_link_script CMakeFiles/cmTC_4f72f.dir/link.txt --verbose=1
/usr/bin/cc  -std=c99 -pipe -Wall -Wextra -Wpedantic -Wno-static-in-inline -Wno-overlength-strings -Wno-unused-parameter -Wno-maybe-uninitialized -Wc++-compat -Wformat -Wformat-security -Wformat-nonliteral -Wmissing-prototypes -Wstrict-prototypes -Wredundant-decls -Wuninitialized -Winit-self -Wcast-qual -Wstrict-overflow -Wnested-externs -Wmultichar -Wundef -fno-strict-aliasing -fexceptions  CMakeFiles/cmTC_4f72f.dir/src.c.o -o cmTC_4f72f 
gmake[1]: Leaving directory '/home/INTRANET.SALZ.GMBH/manas.suri/Work/Rpi_Imager/Open62541/Server_OPCUA/build/CMakeFiles/CMakeScratch/TryCompile-Qw2l50'


Source file was:
int main(void) { return 0; }

Performing C SOURCE FILE Test flag_supported succeeded with the following output:
Change Dir: /home/INTRANET.SALZ.GMBH/manas.suri/Work/Rpi_Imager/Open62541/Server_OPCUA/build/CMakeFiles/CMakeScratch/TryCompile-PXACEL

Run Build Command(s):/usr/bin/gmake -f Makefile cmTC_c3dc2/fast && /usr/bin/gmake  -f CMakeFiles/cmTC_c3dc2.dir/build.make CMakeFiles/cmTC_c3dc2.dir/build
gmake[1]: Entering directory '/home/INTRANET.SALZ.GMBH/manas.suri/Work/Rpi_Imager/Open62541/Server_OPCUA/build/CMakeFiles/CMakeScratch/TryCompile-PXACEL'
Building C object CMakeFiles/cmTC_c3dc2.dir/src.c.o
/usr/bin/cc -Dflag_supported  -std=c99 -pipe -Wall -Wextra -Wpedantic -Wno-static-in-inline -Wno-overlength-strings -Wno-unused-parameter -Wno-maybe-uninitialized -Wc++-compat -Wformat -Wformat-security -Wformat-nonliteral -Wmissing-prototypes -Wstrict-prototypes -Wredundant-decls -Wuninitialized -Winit-self -Wcast-qual -Wstrict-overflow -Wnested-externs -Wmultichar -Wundef -fno-strict-aliasing -fexceptions -pthread    -fstack-protector-strong -o CMakeFiles/cmTC_c3dc2.dir/src.c.o -c /home/INTRANET.SALZ.GMBH/manas.suri/Work/Rpi_Imager/Open62541/Server_OPCUA/build/CMakeFiles/CMakeScratch/TryCompile-PXACEL/src.c
Linking C executable cmTC_c3dc2
/usr/bin/cmake -E cmake_link_script CMakeFiles/cmTC_c3dc2.dir/link.txt --verbose=1
/usr/bin/cc  -std=c99 -pipe -Wall -Wextra -Wpedantic -Wno-static-in-inline -Wno-overlength-strings -Wno-unused-parameter -Wno-maybe-uninitialized -Wc++-compat -Wformat -Wformat-security -Wformat-nonliteral -Wmissing-prototypes -Wstrict-prototypes -Wredundant-decls -Wuninitialized -Winit-self -Wcast-qual -Wstrict-overflow -Wnested-externs -Wmultichar -Wundef -fno-strict-aliasing -fexceptions -pthread  CMakeFiles/cmTC_c3dc2.dir/src.c.o -o cmTC_c3dc2 
gmake[1]: Leaving directory '/home/INTRANET.SALZ.GMBH/manas.suri/Work/Rpi_Imager/Open62541/Server_OPCUA/build/CMakeFiles/CMakeScratch/TryCompile-PXACEL'


Source file was:
int main(void) { return 0; }

Performing C SOURCE FILE Test flag_supported succeeded with the following output:
Change Dir: /home/INTRANET.SALZ.GMBH/manas.suri/Work/Rpi_Imager/Open62541/Server_OPCUA/build/CMakeFiles/CMakeScratch/TryCompile-u8PMyt

Run Build Command(s):/usr/bin/gmake -f Makefile cmTC_43555/fast && /usr/bin/gmake  -f CMakeFiles/cmTC_43555.dir/build.make CMakeFiles/cmTC_43555.dir/build
gmake[1]: Entering directory '/home/INTRANET.SALZ.GMBH/manas.suri/Work/Rpi_Imager/Open62541/Server_OPCUA/build/CMakeFiles/CMakeScratch/TryCompile-u8PMyt'
Building C object CMakeFiles/cmTC_43555.dir/src.c.o
/usr/bin/cc -Dflag_supported  -std=c99 -pipe -Wall -Wextra -Wpedantic -Wno-static-in-inline -Wno-overlength-strings -Wno-unused-parameter -Wno-maybe-uninitialized -Wc++-compat -Wformat -Wformat-security -Wformat-nonliteral -Wmissing-prototypes -Wstrict-prototypes -Wredundant-decls -Wuninitialized -Winit-self -Wcast-qual -Wstrict-overflow -Wnested-externs -Wmultichar -Wundef -fno-strict-aliasing -fexceptions -pthread -fstack-protector-strong    -fstack-clash-protection -o CMakeFiles/cmTC_43555.dir/src.c.o -c /home/INTRANET.SALZ.GMBH/manas.suri/Work/Rpi_Imager/Open62541/Server_OPCUA/build/CMakeFiles/CMakeScratch/TryCompile-u8PMyt/src.c
Linking C executable cmTC_43555
/usr/bin/cmake -E cmake_link_script CMakeFiles/cmTC_43555.dir/link.txt --verbose=1
/usr/bin/cc  -std=c99 -pipe -Wall -Wextra -Wpedantic -Wno-static-in-inline -Wno-overlength-strings -Wno-unused-parameter -Wno-maybe-uninitialized -Wc++-compat -Wformat -Wformat-security -Wformat-nonliteral -Wmissing-prototypes -Wstrict-prototypes -Wredundant-decls -Wuninitialized -Winit-self -Wcast-qual -Wstrict-overflow -Wnested-externs -Wmultichar -Wundef -fno-strict-aliasing -fexceptions -pthread -fstack-protector-strong  CMakeFiles/cmTC_43555.dir/src.c.o -o cmTC_43555 
gmake[1]: Leaving directory '/home/INTRANET.SALZ.GMBH/manas.suri/Work/Rpi_Imager/Open62541/Server_OPCUA/build/CMakeFiles/CMakeScratch/TryCompile-u8PMyt'


Source file was:
int main(void) { return 0; }

Performing C SOURCE FILE Test flag_supported succeeded with the following output:
Change Dir: /home/INTRANET.SALZ.GMBH/manas.suri/Work/Rpi_Imager/Open62541/Server_OPCUA/build/CMakeFiles/CMakeScratch/TryCompile-XGev0x

Run Build Command(s):/usr/bin/gmake -f Makefile cmTC_3227a/fast && /usr/bin/gmake  -f CMakeFiles/cmTC_3227a.dir/build.make CMakeFiles/cmTC_3227a.dir/build
gmake[1]: Entering directory '/home/INTRANET.SALZ.GMBH/manas.suri/Work/Rpi_Imager/Open62541/Server_OPCUA/build/CMakeFiles/CMakeScratch/TryCompile-XGev0x'
Building C object CMakeFiles/cmTC_3227a.dir/src.c.o
/usr/bin/cc -Dflag_supported  -std=c99 -pipe -Wall -Wextra -Wpedantic -Wno-static-in-inline -Wno-overlength-strings -Wno-unused-parameter -Wno-maybe-uninitialized -Wc++-compat -Wformat -Wformat-security -Wformat-nonliteral -Wmissing-prototypes -Wstrict-prototypes -Wredundant-decls -Wuninitialized -Winit-self -Wcast-qual -Wstrict-overflow -Wnested-externs -Wmultichar -Wundef -fno-strict-aliasing -fexceptions -pthread -fstack-protector-strong -fstack-clash-protection    -fcf-protection -o CMakeFiles/cmTC_3227a.dir/src.c.o -c /home/INTRANET.SALZ.GMBH/manas.suri/Work/Rpi_Imager/Open62541/Server_OPCUA/build/CMakeFiles/CMakeScratch/TryCompile-XGev0x/src.c
Linking C executable cmTC_3227a
/usr/bin/cmake -E cmake_link_script CMakeFiles/cmTC_3227a.dir/link.txt --verbose=1
/usr/bin/cc  -std=c99 -pipe -Wall -Wextra -Wpedantic -Wno-static-in-inline -Wno-overlength-strings -Wno-unused-parameter -Wno-maybe-uninitialized -Wc++-compat -Wformat -Wformat-security -Wformat-nonliteral -Wmissing-prototypes -Wstrict-prototypes -Wredundant-decls -Wuninitialized -Winit-self -Wcast-qual -Wstrict-overflow -Wnested-externs -Wmultichar -Wundef -fno-strict-aliasing -fexceptions -pthread -fstack-protector-strong -fstack-clash-protection  CMakeFiles/cmTC_3227a.dir/src.c.o -o cmTC_3227a 
gmake[1]: Leaving directory '/home/INTRANET.SALZ.GMBH/manas.suri/Work/Rpi_Imager/Open62541/Server_OPCUA/build/CMakeFiles/CMakeScratch/TryCompile-XGev0x'


Source file was:
int main(void) { return 0; }

