The system is: Linux - 6.1.0-21-amd64 - x86_64
Compiling the CXX compiler identification source file "CMakeCXXCompilerId.cpp" succeeded.
Compiler: /usr/bin/c++ 
Build flags: 
Id flags:  

The output was:
0


Compilation of the CXX compiler identification source "CMakeCXXCompilerId.cpp" produced "a.out"

The CXX compiler identification is GNU, found in "/home/INTRANET.SALZ.GMBH/manas.suri/Work/Rpi_Imager/Open62541/Client_OPCUA/build/CMakeFiles/3.25.1/CompilerIdCXX/a.out"

Detecting CXX compiler ABI info compiled with the following output:
Change Dir: /home/INTRANET.SALZ.GMBH/manas.suri/Work/Rpi_Imager/Open62541/Client_OPCUA/build/CMakeFiles/CMakeScratch/TryCompile-Ifovkq

Run Build Command(s):/usr/bin/gmake -f Makefile cmTC_5883c/fast && /usr/bin/gmake  -f CMakeFiles/cmTC_5883c.dir/build.make CMakeFiles/cmTC_5883c.dir/build
gmake[1]: Entering directory '/home/INTRANET.SALZ.GMBH/manas.suri/Work/Rpi_Imager/Open62541/Client_OPCUA/build/CMakeFiles/CMakeScratch/TryCompile-Ifovkq'
Building CXX object CMakeFiles/cmTC_5883c.dir/CMakeCXXCompilerABI.cpp.o
/usr/bin/c++   -v -o CMakeFiles/cmTC_5883c.dir/CMakeCXXCompilerABI.cpp.o -c /usr/share/cmake-3.25/Modules/CMakeCXXCompilerABI.cpp
Using built-in specs.
COLLECT_GCC=/usr/bin/c++
OFFLOAD_TARGET_NAMES=nvptx-none:amdgcn-amdhsa
OFFLOAD_TARGET_DEFAULT=1
Target: x86_64-linux-gnu
Configured with: ../src/configure -v --with-pkgversion='Debian 12.2.0-14' --with-bugurl=file:///usr/share/doc/gcc-12/README.Bugs --enable-languages=c,ada,c++,go,d,fortran,objc,obj-c++,m2 --prefix=/usr --with-gcc-major-version-only --program-suffix=-12 --program-prefix=x86_64-linux-gnu- --enable-shared --enable-linker-build-id --libexecdir=/usr/lib --without-included-gettext --enable-threads=posix --libdir=/usr/lib --enable-nls --enable-clocale=gnu --enable-libstdcxx-debug --enable-libstdcxx-time=yes --with-default-libstdcxx-abi=new --enable-gnu-unique-object --disable-vtable-verify --enable-plugin --enable-default-pie --with-system-zlib --enable-libphobos-checking=release --with-target-system-zlib=auto --enable-objc-gc=auto --enable-multiarch --disable-werror --enable-cet --with-arch-32=i686 --with-abi=m64 --with-multilib-list=m32,m64,mx32 --enable-multilib --with-tune=generic --enable-offload-targets=nvptx-none=/build/gcc-12-bTRWOB/gcc-12-12.2.0/debian/tmp-nvptx/usr,amdgcn-amdhsa=/build/gcc-12-bTRWOB/gcc-12-12.2.0/debian/tmp-gcn/usr --enable-offload-defaulted --without-cuda-driver --enable-checking=release --build=x86_64-linux-gnu --host=x86_64-linux-gnu --target=x86_64-linux-gnu
Thread model: posix
Supported LTO compression algorithms: zlib zstd
gcc version 12.2.0 (Debian 12.2.0-14) 
COLLECT_GCC_OPTIONS='-v' '-o' 'CMakeFiles/cmTC_5883c.dir/CMakeCXXCompilerABI.cpp.o' '-c' '-shared-libgcc' '-mtune=generic' '-march=x86-64' '-dumpdir' 'CMakeFiles/cmTC_5883c.dir/'
 /usr/lib/gcc/x86_64-linux-gnu/12/cc1plus -quiet -v -imultiarch x86_64-linux-gnu -D_GNU_SOURCE /usr/share/cmake-3.25/Modules/CMakeCXXCompilerABI.cpp -quiet -dumpdir CMakeFiles/cmTC_5883c.dir/ -dumpbase CMakeCXXCompilerABI.cpp.cpp -dumpbase-ext .cpp -mtune=generic -march=x86-64 -version -fasynchronous-unwind-tables -o /tmp/ccMEtE8L.s
GNU C++17 (Debian 12.2.0-14) version 12.2.0 (x86_64-linux-gnu)
	compiled by GNU C version 12.2.0, GMP version 6.2.1, MPFR version 4.1.1-p1, MPC version 1.3.1, isl version isl-0.25-GMP

warning: MPFR header version 4.1.1-p1 differs from library version 4.2.0.
GGC heuristics: --param ggc-min-expand=100 --param ggc-min-heapsize=131072
ignoring duplicate directory "/usr/include/x86_64-linux-gnu/c++/12"
ignoring nonexistent directory "/usr/local/include/x86_64-linux-gnu"
ignoring nonexistent directory "/usr/lib/gcc/x86_64-linux-gnu/12/include-fixed"
ignoring nonexistent directory "/usr/lib/gcc/x86_64-linux-gnu/12/../../../../x86_64-linux-gnu/include"
#include "..." search starts here:
#include <...> search starts here:
 /usr/include/c++/12
 /usr/include/x86_64-linux-gnu/c++/12
 /usr/include/c++/12/backward
 /usr/lib/gcc/x86_64-linux-gnu/12/include
 /usr/local/include
 /usr/include/x86_64-linux-gnu
 /usr/include
End of search list.
GNU C++17 (Debian 12.2.0-14) version 12.2.0 (x86_64-linux-gnu)
	compiled by GNU C version 12.2.0, GMP version 6.2.1, MPFR version 4.1.1-p1, MPC version 1.3.1, isl version isl-0.25-GMP

warning: MPFR header version 4.1.1-p1 differs from library version 4.2.0.
GGC heuristics: --param ggc-min-expand=100 --param ggc-min-heapsize=131072
Compiler executable checksum: 62b090dbbefa50644117a3c13d47369a
COLLECT_GCC_OPTIONS='-v' '-o' 'CMakeFiles/cmTC_5883c.dir/CMakeCXXCompilerABI.cpp.o' '-c' '-shared-libgcc' '-mtune=generic' '-march=x86-64' '-dumpdir' 'CMakeFiles/cmTC_5883c.dir/'
 as -v --64 -o CMakeFiles/cmTC_5883c.dir/CMakeCXXCompilerABI.cpp.o /tmp/ccMEtE8L.s
GNU assembler version 2.40 (x86_64-linux-gnu) using BFD version (GNU Binutils for Debian) 2.40
COMPILER_PATH=/usr/lib/gcc/x86_64-linux-gnu/12/:/usr/lib/gcc/x86_64-linux-gnu/12/:/usr/lib/gcc/x86_64-linux-gnu/:/usr/lib/gcc/x86_64-linux-gnu/12/:/usr/lib/gcc/x86_64-linux-gnu/
LIBRARY_PATH=/usr/lib/gcc/x86_64-linux-gnu/12/:/usr/lib/gcc/x86_64-linux-gnu/12/../../../x86_64-linux-gnu/:/usr/lib/gcc/x86_64-linux-gnu/12/../../../../lib/:/lib/x86_64-linux-gnu/:/lib/../lib/:/usr/lib/x86_64-linux-gnu/:/usr/lib/../lib/:/usr/lib/gcc/x86_64-linux-gnu/12/../../../:/lib/:/usr/lib/
COLLECT_GCC_OPTIONS='-v' '-o' 'CMakeFiles/cmTC_5883c.dir/CMakeCXXCompilerABI.cpp.o' '-c' '-shared-libgcc' '-mtune=generic' '-march=x86-64' '-dumpdir' 'CMakeFiles/cmTC_5883c.dir/CMakeCXXCompilerABI.cpp.'
Linking CXX executable cmTC_5883c
/usr/bin/cmake -E cmake_link_script CMakeFiles/cmTC_5883c.dir/link.txt --verbose=1
/usr/bin/c++  -v CMakeFiles/cmTC_5883c.dir/CMakeCXXCompilerABI.cpp.o -o cmTC_5883c 
Using built-in specs.
COLLECT_GCC=/usr/bin/c++
COLLECT_LTO_WRAPPER=/usr/lib/gcc/x86_64-linux-gnu/12/lto-wrapper
OFFLOAD_TARGET_NAMES=nvptx-none:amdgcn-amdhsa
OFFLOAD_TARGET_DEFAULT=1
Target: x86_64-linux-gnu
Configured with: ../src/configure -v --with-pkgversion='Debian 12.2.0-14' --with-bugurl=file:///usr/share/doc/gcc-12/README.Bugs --enable-languages=c,ada,c++,go,d,fortran,objc,obj-c++,m2 --prefix=/usr --with-gcc-major-version-only --program-suffix=-12 --program-prefix=x86_64-linux-gnu- --enable-shared --enable-linker-build-id --libexecdir=/usr/lib --without-included-gettext --enable-threads=posix --libdir=/usr/lib --enable-nls --enable-clocale=gnu --enable-libstdcxx-debug --enable-libstdcxx-time=yes --with-default-libstdcxx-abi=new --enable-gnu-unique-object --disable-vtable-verify --enable-plugin --enable-default-pie --with-system-zlib --enable-libphobos-checking=release --with-target-system-zlib=auto --enable-objc-gc=auto --enable-multiarch --disable-werror --enable-cet --with-arch-32=i686 --with-abi=m64 --with-multilib-list=m32,m64,mx32 --enable-multilib --with-tune=generic --enable-offload-targets=nvptx-none=/build/gcc-12-bTRWOB/gcc-12-12.2.0/debian/tmp-nvptx/usr,amdgcn-amdhsa=/build/gcc-12-bTRWOB/gcc-12-12.2.0/debian/tmp-gcn/usr --enable-offload-defaulted --without-cuda-driver --enable-checking=release --build=x86_64-linux-gnu --host=x86_64-linux-gnu --target=x86_64-linux-gnu
Thread model: posix
Supported LTO compression algorithms: zlib zstd
gcc version 12.2.0 (Debian 12.2.0-14) 
COMPILER_PATH=/usr/lib/gcc/x86_64-linux-gnu/12/:/usr/lib/gcc/x86_64-linux-gnu/12/:/usr/lib/gcc/x86_64-linux-gnu/:/usr/lib/gcc/x86_64-linux-gnu/12/:/usr/lib/gcc/x86_64-linux-gnu/
LIBRARY_PATH=/usr/lib/gcc/x86_64-linux-gnu/12/:/usr/lib/gcc/x86_64-linux-gnu/12/../../../x86_64-linux-gnu/:/usr/lib/gcc/x86_64-linux-gnu/12/../../../../lib/:/lib/x86_64-linux-gnu/:/lib/../lib/:/usr/lib/x86_64-linux-gnu/:/usr/lib/../lib/:/usr/lib/gcc/x86_64-linux-gnu/12/../../../:/lib/:/usr/lib/
COLLECT_GCC_OPTIONS='-v' '-o' 'cmTC_5883c' '-shared-libgcc' '-mtune=generic' '-march=x86-64' '-dumpdir' 'cmTC_5883c.'
 /usr/lib/gcc/x86_64-linux-gnu/12/collect2 -plugin /usr/lib/gcc/x86_64-linux-gnu/12/liblto_plugin.so -plugin-opt=/usr/lib/gcc/x86_64-linux-gnu/12/lto-wrapper -plugin-opt=-fresolution=/tmp/cc17WLQD.res -plugin-opt=-pass-through=-lgcc_s -plugin-opt=-pass-through=-lgcc -plugin-opt=-pass-through=-lc -plugin-opt=-pass-through=-lgcc_s -plugin-opt=-pass-through=-lgcc --build-id --eh-frame-hdr -m elf_x86_64 --hash-style=gnu --as-needed -dynamic-linker /lib64/ld-linux-x86-64.so.2 -pie -o cmTC_5883c /usr/lib/gcc/x86_64-linux-gnu/12/../../../x86_64-linux-gnu/Scrt1.o /usr/lib/gcc/x86_64-linux-gnu/12/../../../x86_64-linux-gnu/crti.o /usr/lib/gcc/x86_64-linux-gnu/12/crtbeginS.o -L/usr/lib/gcc/x86_64-linux-gnu/12 -L/usr/lib/gcc/x86_64-linux-gnu/12/../../../x86_64-linux-gnu -L/usr/lib/gcc/x86_64-linux-gnu/12/../../../../lib -L/lib/x86_64-linux-gnu -L/lib/../lib -L/usr/lib/x86_64-linux-gnu -L/usr/lib/../lib -L/usr/lib/gcc/x86_64-linux-gnu/12/../../.. CMakeFiles/cmTC_5883c.dir/CMakeCXXCompilerABI.cpp.o -lstdc++ -lm -lgcc_s -lgcc -lc -lgcc_s -lgcc /usr/lib/gcc/x86_64-linux-gnu/12/crtendS.o /usr/lib/gcc/x86_64-linux-gnu/12/../../../x86_64-linux-gnu/crtn.o
COLLECT_GCC_OPTIONS='-v' '-o' 'cmTC_5883c' '-shared-libgcc' '-mtune=generic' '-march=x86-64' '-dumpdir' 'cmTC_5883c.'
gmake[1]: Leaving directory '/home/INTRANET.SALZ.GMBH/manas.suri/Work/Rpi_Imager/Open62541/Client_OPCUA/build/CMakeFiles/CMakeScratch/TryCompile-Ifovkq'



Parsed CXX implicit include dir info from above output: rv=done
  found start of include info
  found start of implicit include info
    add: [/usr/include/c++/12]
    add: [/usr/include/x86_64-linux-gnu/c++/12]
    add: [/usr/include/c++/12/backward]
    add: [/usr/lib/gcc/x86_64-linux-gnu/12/include]
    add: [/usr/local/include]
    add: [/usr/include/x86_64-linux-gnu]
    add: [/usr/include]
  end of search list found
  collapse include dir [/usr/include/c++/12] ==> [/usr/include/c++/12]
  collapse include dir [/usr/include/x86_64-linux-gnu/c++/12] ==> [/usr/include/x86_64-linux-gnu/c++/12]
  collapse include dir [/usr/include/c++/12/backward] ==> [/usr/include/c++/12/backward]
  collapse include dir [/usr/lib/gcc/x86_64-linux-gnu/12/include] ==> [/usr/lib/gcc/x86_64-linux-gnu/12/include]
  collapse include dir [/usr/local/include] ==> [/usr/local/include]
  collapse include dir [/usr/include/x86_64-linux-gnu] ==> [/usr/include/x86_64-linux-gnu]
  collapse include dir [/usr/include] ==> [/usr/include]
  implicit include dirs: [/usr/include/c++/12;/usr/include/x86_64-linux-gnu/c++/12;/usr/include/c++/12/backward;/usr/lib/gcc/x86_64-linux-gnu/12/include;/usr/local/include;/usr/include/x86_64-linux-gnu;/usr/include]


Parsed CXX implicit link information from above output:
  link line regex: [^( *|.*[/\])(ld|CMAKE_LINK_STARTFILE-NOTFOUND|([^/\]+-)?ld|collect2)[^/\]*( |$)]
  ignore line: [Change Dir: /home/INTRANET.SALZ.GMBH/manas.suri/Work/Rpi_Imager/Open62541/Client_OPCUA/build/CMakeFiles/CMakeScratch/TryCompile-Ifovkq]
  ignore line: []
  ignore line: [Run Build Command(s):/usr/bin/gmake -f Makefile cmTC_5883c/fast && /usr/bin/gmake  -f CMakeFiles/cmTC_5883c.dir/build.make CMakeFiles/cmTC_5883c.dir/build]
  ignore line: [gmake[1]: Entering directory '/home/INTRANET.SALZ.GMBH/manas.suri/Work/Rpi_Imager/Open62541/Client_OPCUA/build/CMakeFiles/CMakeScratch/TryCompile-Ifovkq']
  ignore line: [Building CXX object CMakeFiles/cmTC_5883c.dir/CMakeCXXCompilerABI.cpp.o]
  ignore line: [/usr/bin/c++   -v -o CMakeFiles/cmTC_5883c.dir/CMakeCXXCompilerABI.cpp.o -c /usr/share/cmake-3.25/Modules/CMakeCXXCompilerABI.cpp]
  ignore line: [Using built-in specs.]
  ignore line: [COLLECT_GCC=/usr/bin/c++]
  ignore line: [OFFLOAD_TARGET_NAMES=nvptx-none:amdgcn-amdhsa]
  ignore line: [OFFLOAD_TARGET_DEFAULT=1]
  ignore line: [Target: x86_64-linux-gnu]
  ignore line: [Configured with: ../src/configure -v --with-pkgversion='Debian 12.2.0-14' --with-bugurl=file:///usr/share/doc/gcc-12/README.Bugs --enable-languages=c ada c++ go d fortran objc obj-c++ m2 --prefix=/usr --with-gcc-major-version-only --program-suffix=-12 --program-prefix=x86_64-linux-gnu- --enable-shared --enable-linker-build-id --libexecdir=/usr/lib --without-included-gettext --enable-threads=posix --libdir=/usr/lib --enable-nls --enable-clocale=gnu --enable-libstdcxx-debug --enable-libstdcxx-time=yes --with-default-libstdcxx-abi=new --enable-gnu-unique-object --disable-vtable-verify --enable-plugin --enable-default-pie --with-system-zlib --enable-libphobos-checking=release --with-target-system-zlib=auto --enable-objc-gc=auto --enable-multiarch --disable-werror --enable-cet --with-arch-32=i686 --with-abi=m64 --with-multilib-list=m32 m64 mx32 --enable-multilib --with-tune=generic --enable-offload-targets=nvptx-none=/build/gcc-12-bTRWOB/gcc-12-12.2.0/debian/tmp-nvptx/usr amdgcn-amdhsa=/build/gcc-12-bTRWOB/gcc-12-12.2.0/debian/tmp-gcn/usr --enable-offload-defaulted --without-cuda-driver --enable-checking=release --build=x86_64-linux-gnu --host=x86_64-linux-gnu --target=x86_64-linux-gnu]
  ignore line: [Thread model: posix]
  ignore line: [Supported LTO compression algorithms: zlib zstd]
  ignore line: [gcc version 12.2.0 (Debian 12.2.0-14) ]
  ignore line: [COLLECT_GCC_OPTIONS='-v' '-o' 'CMakeFiles/cmTC_5883c.dir/CMakeCXXCompilerABI.cpp.o' '-c' '-shared-libgcc' '-mtune=generic' '-march=x86-64' '-dumpdir' 'CMakeFiles/cmTC_5883c.dir/']
  ignore line: [ /usr/lib/gcc/x86_64-linux-gnu/12/cc1plus -quiet -v -imultiarch x86_64-linux-gnu -D_GNU_SOURCE /usr/share/cmake-3.25/Modules/CMakeCXXCompilerABI.cpp -quiet -dumpdir CMakeFiles/cmTC_5883c.dir/ -dumpbase CMakeCXXCompilerABI.cpp.cpp -dumpbase-ext .cpp -mtune=generic -march=x86-64 -version -fasynchronous-unwind-tables -o /tmp/ccMEtE8L.s]
  ignore line: [GNU C++17 (Debian 12.2.0-14) version 12.2.0 (x86_64-linux-gnu)]
  ignore line: [	compiled by GNU C version 12.2.0  GMP version 6.2.1  MPFR version 4.1.1-p1  MPC version 1.3.1  isl version isl-0.25-GMP]
  ignore line: []
  ignore line: [warning: MPFR header version 4.1.1-p1 differs from library version 4.2.0.]
  ignore line: [GGC heuristics: --param ggc-min-expand=100 --param ggc-min-heapsize=131072]
  ignore line: [ignoring duplicate directory "/usr/include/x86_64-linux-gnu/c++/12"]
  ignore line: [ignoring nonexistent directory "/usr/local/include/x86_64-linux-gnu"]
  ignore line: [ignoring nonexistent directory "/usr/lib/gcc/x86_64-linux-gnu/12/include-fixed"]
  ignore line: [ignoring nonexistent directory "/usr/lib/gcc/x86_64-linux-gnu/12/../../../../x86_64-linux-gnu/include"]
  ignore line: [#include "..." search starts here:]
  ignore line: [#include <...> search starts here:]
  ignore line: [ /usr/include/c++/12]
  ignore line: [ /usr/include/x86_64-linux-gnu/c++/12]
  ignore line: [ /usr/include/c++/12/backward]
  ignore line: [ /usr/lib/gcc/x86_64-linux-gnu/12/include]
  ignore line: [ /usr/local/include]
  ignore line: [ /usr/include/x86_64-linux-gnu]
  ignore line: [ /usr/include]
  ignore line: [End of search list.]
  ignore line: [GNU C++17 (Debian 12.2.0-14) version 12.2.0 (x86_64-linux-gnu)]
  ignore line: [	compiled by GNU C version 12.2.0  GMP version 6.2.1  MPFR version 4.1.1-p1  MPC version 1.3.1  isl version isl-0.25-GMP]
  ignore line: []
  ignore line: [warning: MPFR header version 4.1.1-p1 differs from library version 4.2.0.]
  ignore line: [GGC heuristics: --param ggc-min-expand=100 --param ggc-min-heapsize=131072]
  ignore line: [Compiler executable checksum: 62b090dbbefa50644117a3c13d47369a]
  ignore line: [COLLECT_GCC_OPTIONS='-v' '-o' 'CMakeFiles/cmTC_5883c.dir/CMakeCXXCompilerABI.cpp.o' '-c' '-shared-libgcc' '-mtune=generic' '-march=x86-64' '-dumpdir' 'CMakeFiles/cmTC_5883c.dir/']
  ignore line: [ as -v --64 -o CMakeFiles/cmTC_5883c.dir/CMakeCXXCompilerABI.cpp.o /tmp/ccMEtE8L.s]
  ignore line: [GNU assembler version 2.40 (x86_64-linux-gnu) using BFD version (GNU Binutils for Debian) 2.40]
  ignore line: [COMPILER_PATH=/usr/lib/gcc/x86_64-linux-gnu/12/:/usr/lib/gcc/x86_64-linux-gnu/12/:/usr/lib/gcc/x86_64-linux-gnu/:/usr/lib/gcc/x86_64-linux-gnu/12/:/usr/lib/gcc/x86_64-linux-gnu/]
  ignore line: [LIBRARY_PATH=/usr/lib/gcc/x86_64-linux-gnu/12/:/usr/lib/gcc/x86_64-linux-gnu/12/../../../x86_64-linux-gnu/:/usr/lib/gcc/x86_64-linux-gnu/12/../../../../lib/:/lib/x86_64-linux-gnu/:/lib/../lib/:/usr/lib/x86_64-linux-gnu/:/usr/lib/../lib/:/usr/lib/gcc/x86_64-linux-gnu/12/../../../:/lib/:/usr/lib/]
  ignore line: [COLLECT_GCC_OPTIONS='-v' '-o' 'CMakeFiles/cmTC_5883c.dir/CMakeCXXCompilerABI.cpp.o' '-c' '-shared-libgcc' '-mtune=generic' '-march=x86-64' '-dumpdir' 'CMakeFiles/cmTC_5883c.dir/CMakeCXXCompilerABI.cpp.']
  ignore line: [Linking CXX executable cmTC_5883c]
  ignore line: [/usr/bin/cmake -E cmake_link_script CMakeFiles/cmTC_5883c.dir/link.txt --verbose=1]
  ignore line: [/usr/bin/c++  -v CMakeFiles/cmTC_5883c.dir/CMakeCXXCompilerABI.cpp.o -o cmTC_5883c ]
  ignore line: [Using built-in specs.]
  ignore line: [COLLECT_GCC=/usr/bin/c++]
  ignore line: [COLLECT_LTO_WRAPPER=/usr/lib/gcc/x86_64-linux-gnu/12/lto-wrapper]
  ignore line: [OFFLOAD_TARGET_NAMES=nvptx-none:amdgcn-amdhsa]
  ignore line: [OFFLOAD_TARGET_DEFAULT=1]
  ignore line: [Target: x86_64-linux-gnu]
  ignore line: [Configured with: ../src/configure -v --with-pkgversion='Debian 12.2.0-14' --with-bugurl=file:///usr/share/doc/gcc-12/README.Bugs --enable-languages=c ada c++ go d fortran objc obj-c++ m2 --prefix=/usr --with-gcc-major-version-only --program-suffix=-12 --program-prefix=x86_64-linux-gnu- --enable-shared --enable-linker-build-id --libexecdir=/usr/lib --without-included-gettext --enable-threads=posix --libdir=/usr/lib --enable-nls --enable-clocale=gnu --enable-libstdcxx-debug --enable-libstdcxx-time=yes --with-default-libstdcxx-abi=new --enable-gnu-unique-object --disable-vtable-verify --enable-plugin --enable-default-pie --with-system-zlib --enable-libphobos-checking=release --with-target-system-zlib=auto --enable-objc-gc=auto --enable-multiarch --disable-werror --enable-cet --with-arch-32=i686 --with-abi=m64 --with-multilib-list=m32 m64 mx32 --enable-multilib --with-tune=generic --enable-offload-targets=nvptx-none=/build/gcc-12-bTRWOB/gcc-12-12.2.0/debian/tmp-nvptx/usr amdgcn-amdhsa=/build/gcc-12-bTRWOB/gcc-12-12.2.0/debian/tmp-gcn/usr --enable-offload-defaulted --without-cuda-driver --enable-checking=release --build=x86_64-linux-gnu --host=x86_64-linux-gnu --target=x86_64-linux-gnu]
  ignore line: [Thread model: posix]
  ignore line: [Supported LTO compression algorithms: zlib zstd]
  ignore line: [gcc version 12.2.0 (Debian 12.2.0-14) ]
  ignore line: [COMPILER_PATH=/usr/lib/gcc/x86_64-linux-gnu/12/:/usr/lib/gcc/x86_64-linux-gnu/12/:/usr/lib/gcc/x86_64-linux-gnu/:/usr/lib/gcc/x86_64-linux-gnu/12/:/usr/lib/gcc/x86_64-linux-gnu/]
  ignore line: [LIBRARY_PATH=/usr/lib/gcc/x86_64-linux-gnu/12/:/usr/lib/gcc/x86_64-linux-gnu/12/../../../x86_64-linux-gnu/:/usr/lib/gcc/x86_64-linux-gnu/12/../../../../lib/:/lib/x86_64-linux-gnu/:/lib/../lib/:/usr/lib/x86_64-linux-gnu/:/usr/lib/../lib/:/usr/lib/gcc/x86_64-linux-gnu/12/../../../:/lib/:/usr/lib/]
  ignore line: [COLLECT_GCC_OPTIONS='-v' '-o' 'cmTC_5883c' '-shared-libgcc' '-mtune=generic' '-march=x86-64' '-dumpdir' 'cmTC_5883c.']
  link line: [ /usr/lib/gcc/x86_64-linux-gnu/12/collect2 -plugin /usr/lib/gcc/x86_64-linux-gnu/12/liblto_plugin.so -plugin-opt=/usr/lib/gcc/x86_64-linux-gnu/12/lto-wrapper -plugin-opt=-fresolution=/tmp/cc17WLQD.res -plugin-opt=-pass-through=-lgcc_s -plugin-opt=-pass-through=-lgcc -plugin-opt=-pass-through=-lc -plugin-opt=-pass-through=-lgcc_s -plugin-opt=-pass-through=-lgcc --build-id --eh-frame-hdr -m elf_x86_64 --hash-style=gnu --as-needed -dynamic-linker /lib64/ld-linux-x86-64.so.2 -pie -o cmTC_5883c /usr/lib/gcc/x86_64-linux-gnu/12/../../../x86_64-linux-gnu/Scrt1.o /usr/lib/gcc/x86_64-linux-gnu/12/../../../x86_64-linux-gnu/crti.o /usr/lib/gcc/x86_64-linux-gnu/12/crtbeginS.o -L/usr/lib/gcc/x86_64-linux-gnu/12 -L/usr/lib/gcc/x86_64-linux-gnu/12/../../../x86_64-linux-gnu -L/usr/lib/gcc/x86_64-linux-gnu/12/../../../../lib -L/lib/x86_64-linux-gnu -L/lib/../lib -L/usr/lib/x86_64-linux-gnu -L/usr/lib/../lib -L/usr/lib/gcc/x86_64-linux-gnu/12/../../.. CMakeFiles/cmTC_5883c.dir/CMakeCXXCompilerABI.cpp.o -lstdc++ -lm -lgcc_s -lgcc -lc -lgcc_s -lgcc /usr/lib/gcc/x86_64-linux-gnu/12/crtendS.o /usr/lib/gcc/x86_64-linux-gnu/12/../../../x86_64-linux-gnu/crtn.o]
    arg [/usr/lib/gcc/x86_64-linux-gnu/12/collect2] ==> ignore
    arg [-plugin] ==> ignore
    arg [/usr/lib/gcc/x86_64-linux-gnu/12/liblto_plugin.so] ==> ignore
    arg [-plugin-opt=/usr/lib/gcc/x86_64-linux-gnu/12/lto-wrapper] ==> ignore
    arg [-plugin-opt=-fresolution=/tmp/cc17WLQD.res] ==> ignore
    arg [-plugin-opt=-pass-through=-lgcc_s] ==> ignore
    arg [-plugin-opt=-pass-through=-lgcc] ==> ignore
    arg [-plugin-opt=-pass-through=-lc] ==> ignore
    arg [-plugin-opt=-pass-through=-lgcc_s] ==> ignore
    arg [-plugin-opt=-pass-through=-lgcc] ==> ignore
    arg [--build-id] ==> ignore
    arg [--eh-frame-hdr] ==> ignore
    arg [-m] ==> ignore
    arg [elf_x86_64] ==> ignore
    arg [--hash-style=gnu] ==> ignore
    arg [--as-needed] ==> ignore
    arg [-dynamic-linker] ==> ignore
    arg [/lib64/ld-linux-x86-64.so.2] ==> ignore
    arg [-pie] ==> ignore
    arg [-o] ==> ignore
    arg [cmTC_5883c] ==> ignore
    arg [/usr/lib/gcc/x86_64-linux-gnu/12/../../../x86_64-linux-gnu/Scrt1.o] ==> obj [/usr/lib/gcc/x86_64-linux-gnu/12/../../../x86_64-linux-gnu/Scrt1.o]
    arg [/usr/lib/gcc/x86_64-linux-gnu/12/../../../x86_64-linux-gnu/crti.o] ==> obj [/usr/lib/gcc/x86_64-linux-gnu/12/../../../x86_64-linux-gnu/crti.o]
    arg [/usr/lib/gcc/x86_64-linux-gnu/12/crtbeginS.o] ==> obj [/usr/lib/gcc/x86_64-linux-gnu/12/crtbeginS.o]
    arg [-L/usr/lib/gcc/x86_64-linux-gnu/12] ==> dir [/usr/lib/gcc/x86_64-linux-gnu/12]
    arg [-L/usr/lib/gcc/x86_64-linux-gnu/12/../../../x86_64-linux-gnu] ==> dir [/usr/lib/gcc/x86_64-linux-gnu/12/../../../x86_64-linux-gnu]
    arg [-L/usr/lib/gcc/x86_64-linux-gnu/12/../../../../lib] ==> dir [/usr/lib/gcc/x86_64-linux-gnu/12/../../../../lib]
    arg [-L/lib/x86_64-linux-gnu] ==> dir [/lib/x86_64-linux-gnu]
    arg [-L/lib/../lib] ==> dir [/lib/../lib]
    arg [-L/usr/lib/x86_64-linux-gnu] ==> dir [/usr/lib/x86_64-linux-gnu]
    arg [-L/usr/lib/../lib] ==> dir [/usr/lib/../lib]
    arg [-L/usr/lib/gcc/x86_64-linux-gnu/12/../../..] ==> dir [/usr/lib/gcc/x86_64-linux-gnu/12/../../..]
    arg [CMakeFiles/cmTC_5883c.dir/CMakeCXXCompilerABI.cpp.o] ==> ignore
    arg [-lstdc++] ==> lib [stdc++]
    arg [-lm] ==> lib [m]
    arg [-lgcc_s] ==> lib [gcc_s]
    arg [-lgcc] ==> lib [gcc]
    arg [-lc] ==> lib [c]
    arg [-lgcc_s] ==> lib [gcc_s]
    arg [-lgcc] ==> lib [gcc]
    arg [/usr/lib/gcc/x86_64-linux-gnu/12/crtendS.o] ==> obj [/usr/lib/gcc/x86_64-linux-gnu/12/crtendS.o]
    arg [/usr/lib/gcc/x86_64-linux-gnu/12/../../../x86_64-linux-gnu/crtn.o] ==> obj [/usr/lib/gcc/x86_64-linux-gnu/12/../../../x86_64-linux-gnu/crtn.o]
  collapse obj [/usr/lib/gcc/x86_64-linux-gnu/12/../../../x86_64-linux-gnu/Scrt1.o] ==> [/usr/lib/x86_64-linux-gnu/Scrt1.o]
  collapse obj [/usr/lib/gcc/x86_64-linux-gnu/12/../../../x86_64-linux-gnu/crti.o] ==> [/usr/lib/x86_64-linux-gnu/crti.o]
  collapse obj [/usr/lib/gcc/x86_64-linux-gnu/12/../../../x86_64-linux-gnu/crtn.o] ==> [/usr/lib/x86_64-linux-gnu/crtn.o]
  collapse library dir [/usr/lib/gcc/x86_64-linux-gnu/12] ==> [/usr/lib/gcc/x86_64-linux-gnu/12]
  collapse library dir [/usr/lib/gcc/x86_64-linux-gnu/12/../../../x86_64-linux-gnu] ==> [/usr/lib/x86_64-linux-gnu]
  collapse library dir [/usr/lib/gcc/x86_64-linux-gnu/12/../../../../lib] ==> [/usr/lib]
  collapse library dir [/lib/x86_64-linux-gnu] ==> [/lib/x86_64-linux-gnu]
  collapse library dir [/lib/../lib] ==> [/lib]
  collapse library dir [/usr/lib/x86_64-linux-gnu] ==> [/usr/lib/x86_64-linux-gnu]
  collapse library dir [/usr/lib/../lib] ==> [/usr/lib]
  collapse library dir [/usr/lib/gcc/x86_64-linux-gnu/12/../../..] ==> [/usr/lib]
  implicit libs: [stdc++;m;gcc_s;gcc;c;gcc_s;gcc]
  implicit objs: [/usr/lib/x86_64-linux-gnu/Scrt1.o;/usr/lib/x86_64-linux-gnu/crti.o;/usr/lib/gcc/x86_64-linux-gnu/12/crtbeginS.o;/usr/lib/gcc/x86_64-linux-gnu/12/crtendS.o;/usr/lib/x86_64-linux-gnu/crtn.o]
  implicit dirs: [/usr/lib/gcc/x86_64-linux-gnu/12;/usr/lib/x86_64-linux-gnu;/usr/lib;/lib/x86_64-linux-gnu;/lib]
  implicit fwks: []


Compiling the C compiler identification source file "CMakeCCompilerId.c" succeeded.
Compiler: /usr/bin/cc 
Build flags: 
Id flags:  

The output was:
0


Compilation of the C compiler identification source "CMakeCCompilerId.c" produced "a.out"

The C compiler identification is GNU, found in "/home/INTRANET.SALZ.GMBH/manas.suri/Work/Rpi_Imager/Open62541/Client_OPCUA/build/CMakeFiles/3.25.1/CompilerIdC/a.out"

Detecting C compiler ABI info compiled with the following output:
Change Dir: /home/INTRANET.SALZ.GMBH/manas.suri/Work/Rpi_Imager/Open62541/Client_OPCUA/build/CMakeFiles/CMakeScratch/TryCompile-kDfKwp

Run Build Command(s):/usr/bin/gmake -f Makefile cmTC_a3a32/fast && /usr/bin/gmake  -f CMakeFiles/cmTC_a3a32.dir/build.make CMakeFiles/cmTC_a3a32.dir/build
gmake[1]: Entering directory '/home/INTRANET.SALZ.GMBH/manas.suri/Work/Rpi_Imager/Open62541/Client_OPCUA/build/CMakeFiles/CMakeScratch/TryCompile-kDfKwp'
Building C object CMakeFiles/cmTC_a3a32.dir/CMakeCCompilerABI.c.o
/usr/bin/cc   -v -o CMakeFiles/cmTC_a3a32.dir/CMakeCCompilerABI.c.o -c /usr/share/cmake-3.25/Modules/CMakeCCompilerABI.c
Using built-in specs.
COLLECT_GCC=/usr/bin/cc
OFFLOAD_TARGET_NAMES=nvptx-none:amdgcn-amdhsa
OFFLOAD_TARGET_DEFAULT=1
Target: x86_64-linux-gnu
Configured with: ../src/configure -v --with-pkgversion='Debian 12.2.0-14' --with-bugurl=file:///usr/share/doc/gcc-12/README.Bugs --enable-languages=c,ada,c++,go,d,fortran,objc,obj-c++,m2 --prefix=/usr --with-gcc-major-version-only --program-suffix=-12 --program-prefix=x86_64-linux-gnu- --enable-shared --enable-linker-build-id --libexecdir=/usr/lib --without-included-gettext --enable-threads=posix --libdir=/usr/lib --enable-nls --enable-clocale=gnu --enable-libstdcxx-debug --enable-libstdcxx-time=yes --with-default-libstdcxx-abi=new --enable-gnu-unique-object --disable-vtable-verify --enable-plugin --enable-default-pie --with-system-zlib --enable-libphobos-checking=release --with-target-system-zlib=auto --enable-objc-gc=auto --enable-multiarch --disable-werror --enable-cet --with-arch-32=i686 --with-abi=m64 --with-multilib-list=m32,m64,mx32 --enable-multilib --with-tune=generic --enable-offload-targets=nvptx-none=/build/gcc-12-bTRWOB/gcc-12-12.2.0/debian/tmp-nvptx/usr,amdgcn-amdhsa=/build/gcc-12-bTRWOB/gcc-12-12.2.0/debian/tmp-gcn/usr --enable-offload-defaulted --without-cuda-driver --enable-checking=release --build=x86_64-linux-gnu --host=x86_64-linux-gnu --target=x86_64-linux-gnu
Thread model: posix
Supported LTO compression algorithms: zlib zstd
gcc version 12.2.0 (Debian 12.2.0-14) 
COLLECT_GCC_OPTIONS='-v' '-o' 'CMakeFiles/cmTC_a3a32.dir/CMakeCCompilerABI.c.o' '-c' '-mtune=generic' '-march=x86-64' '-dumpdir' 'CMakeFiles/cmTC_a3a32.dir/'
 /usr/lib/gcc/x86_64-linux-gnu/12/cc1 -quiet -v -imultiarch x86_64-linux-gnu /usr/share/cmake-3.25/Modules/CMakeCCompilerABI.c -quiet -dumpdir CMakeFiles/cmTC_a3a32.dir/ -dumpbase CMakeCCompilerABI.c.c -dumpbase-ext .c -mtune=generic -march=x86-64 -version -fasynchronous-unwind-tables -o /tmp/ccfth8fc.s
GNU C17 (Debian 12.2.0-14) version 12.2.0 (x86_64-linux-gnu)
	compiled by GNU C version 12.2.0, GMP version 6.2.1, MPFR version 4.1.1-p1, MPC version 1.3.1, isl version isl-0.25-GMP

warning: MPFR header version 4.1.1-p1 differs from library version 4.2.0.
GGC heuristics: --param ggc-min-expand=100 --param ggc-min-heapsize=131072
ignoring nonexistent directory "/usr/local/include/x86_64-linux-gnu"
ignoring nonexistent directory "/usr/lib/gcc/x86_64-linux-gnu/12/include-fixed"
ignoring nonexistent directory "/usr/lib/gcc/x86_64-linux-gnu/12/../../../../x86_64-linux-gnu/include"
#include "..." search starts here:
#include <...> search starts here:
 /usr/lib/gcc/x86_64-linux-gnu/12/include
 /usr/local/include
 /usr/include/x86_64-linux-gnu
 /usr/include
End of search list.
GNU C17 (Debian 12.2.0-14) version 12.2.0 (x86_64-linux-gnu)
	compiled by GNU C version 12.2.0, GMP version 6.2.1, MPFR version 4.1.1-p1, MPC version 1.3.1, isl version isl-0.25-GMP

warning: MPFR header version 4.1.1-p1 differs from library version 4.2.0.
GGC heuristics: --param ggc-min-expand=100 --param ggc-min-heapsize=131072
Compiler executable checksum: cc72d2b9b5048fedc2be9051c917b40b
COLLECT_GCC_OPTIONS='-v' '-o' 'CMakeFiles/cmTC_a3a32.dir/CMakeCCompilerABI.c.o' '-c' '-mtune=generic' '-march=x86-64' '-dumpdir' 'CMakeFiles/cmTC_a3a32.dir/'
 as -v --64 -o CMakeFiles/cmTC_a3a32.dir/CMakeCCompilerABI.c.o /tmp/ccfth8fc.s
GNU assembler version 2.40 (x86_64-linux-gnu) using BFD version (GNU Binutils for Debian) 2.40
COMPILER_PATH=/usr/lib/gcc/x86_64-linux-gnu/12/:/usr/lib/gcc/x86_64-linux-gnu/12/:/usr/lib/gcc/x86_64-linux-gnu/:/usr/lib/gcc/x86_64-linux-gnu/12/:/usr/lib/gcc/x86_64-linux-gnu/
LIBRARY_PATH=/usr/lib/gcc/x86_64-linux-gnu/12/:/usr/lib/gcc/x86_64-linux-gnu/12/../../../x86_64-linux-gnu/:/usr/lib/gcc/x86_64-linux-gnu/12/../../../../lib/:/lib/x86_64-linux-gnu/:/lib/../lib/:/usr/lib/x86_64-linux-gnu/:/usr/lib/../lib/:/usr/lib/gcc/x86_64-linux-gnu/12/../../../:/lib/:/usr/lib/
COLLECT_GCC_OPTIONS='-v' '-o' 'CMakeFiles/cmTC_a3a32.dir/CMakeCCompilerABI.c.o' '-c' '-mtune=generic' '-march=x86-64' '-dumpdir' 'CMakeFiles/cmTC_a3a32.dir/CMakeCCompilerABI.c.'
Linking C executable cmTC_a3a32
/usr/bin/cmake -E cmake_link_script CMakeFiles/cmTC_a3a32.dir/link.txt --verbose=1
/usr/bin/cc  -v CMakeFiles/cmTC_a3a32.dir/CMakeCCompilerABI.c.o -o cmTC_a3a32 
Using built-in specs.
COLLECT_GCC=/usr/bin/cc
COLLECT_LTO_WRAPPER=/usr/lib/gcc/x86_64-linux-gnu/12/lto-wrapper
OFFLOAD_TARGET_NAMES=nvptx-none:amdgcn-amdhsa
OFFLOAD_TARGET_DEFAULT=1
Target: x86_64-linux-gnu
Configured with: ../src/configure -v --with-pkgversion='Debian 12.2.0-14' --with-bugurl=file:///usr/share/doc/gcc-12/README.Bugs --enable-languages=c,ada,c++,go,d,fortran,objc,obj-c++,m2 --prefix=/usr --with-gcc-major-version-only --program-suffix=-12 --program-prefix=x86_64-linux-gnu- --enable-shared --enable-linker-build-id --libexecdir=/usr/lib --without-included-gettext --enable-threads=posix --libdir=/usr/lib --enable-nls --enable-clocale=gnu --enable-libstdcxx-debug --enable-libstdcxx-time=yes --with-default-libstdcxx-abi=new --enable-gnu-unique-object --disable-vtable-verify --enable-plugin --enable-default-pie --with-system-zlib --enable-libphobos-checking=release --with-target-system-zlib=auto --enable-objc-gc=auto --enable-multiarch --disable-werror --enable-cet --with-arch-32=i686 --with-abi=m64 --with-multilib-list=m32,m64,mx32 --enable-multilib --with-tune=generic --enable-offload-targets=nvptx-none=/build/gcc-12-bTRWOB/gcc-12-12.2.0/debian/tmp-nvptx/usr,amdgcn-amdhsa=/build/gcc-12-bTRWOB/gcc-12-12.2.0/debian/tmp-gcn/usr --enable-offload-defaulted --without-cuda-driver --enable-checking=release --build=x86_64-linux-gnu --host=x86_64-linux-gnu --target=x86_64-linux-gnu
Thread model: posix
Supported LTO compression algorithms: zlib zstd
gcc version 12.2.0 (Debian 12.2.0-14) 
COMPILER_PATH=/usr/lib/gcc/x86_64-linux-gnu/12/:/usr/lib/gcc/x86_64-linux-gnu/12/:/usr/lib/gcc/x86_64-linux-gnu/:/usr/lib/gcc/x86_64-linux-gnu/12/:/usr/lib/gcc/x86_64-linux-gnu/
LIBRARY_PATH=/usr/lib/gcc/x86_64-linux-gnu/12/:/usr/lib/gcc/x86_64-linux-gnu/12/../../../x86_64-linux-gnu/:/usr/lib/gcc/x86_64-linux-gnu/12/../../../../lib/:/lib/x86_64-linux-gnu/:/lib/../lib/:/usr/lib/x86_64-linux-gnu/:/usr/lib/../lib/:/usr/lib/gcc/x86_64-linux-gnu/12/../../../:/lib/:/usr/lib/
COLLECT_GCC_OPTIONS='-v' '-o' 'cmTC_a3a32' '-mtune=generic' '-march=x86-64' '-dumpdir' 'cmTC_a3a32.'
 /usr/lib/gcc/x86_64-linux-gnu/12/collect2 -plugin /usr/lib/gcc/x86_64-linux-gnu/12/liblto_plugin.so -plugin-opt=/usr/lib/gcc/x86_64-linux-gnu/12/lto-wrapper -plugin-opt=-fresolution=/tmp/ccesxNbM.res -plugin-opt=-pass-through=-lgcc -plugin-opt=-pass-through=-lgcc_s -plugin-opt=-pass-through=-lc -plugin-opt=-pass-through=-lgcc -plugin-opt=-pass-through=-lgcc_s --build-id --eh-frame-hdr -m elf_x86_64 --hash-style=gnu --as-needed -dynamic-linker /lib64/ld-linux-x86-64.so.2 -pie -o cmTC_a3a32 /usr/lib/gcc/x86_64-linux-gnu/12/../../../x86_64-linux-gnu/Scrt1.o /usr/lib/gcc/x86_64-linux-gnu/12/../../../x86_64-linux-gnu/crti.o /usr/lib/gcc/x86_64-linux-gnu/12/crtbeginS.o -L/usr/lib/gcc/x86_64-linux-gnu/12 -L/usr/lib/gcc/x86_64-linux-gnu/12/../../../x86_64-linux-gnu -L/usr/lib/gcc/x86_64-linux-gnu/12/../../../../lib -L/lib/x86_64-linux-gnu -L/lib/../lib -L/usr/lib/x86_64-linux-gnu -L/usr/lib/../lib -L/usr/lib/gcc/x86_64-linux-gnu/12/../../.. CMakeFiles/cmTC_a3a32.dir/CMakeCCompilerABI.c.o -lgcc --push-state --as-needed -lgcc_s --pop-state -lc -lgcc --push-state --as-needed -lgcc_s --pop-state /usr/lib/gcc/x86_64-linux-gnu/12/crtendS.o /usr/lib/gcc/x86_64-linux-gnu/12/../../../x86_64-linux-gnu/crtn.o
COLLECT_GCC_OPTIONS='-v' '-o' 'cmTC_a3a32' '-mtune=generic' '-march=x86-64' '-dumpdir' 'cmTC_a3a32.'
gmake[1]: Leaving directory '/home/INTRANET.SALZ.GMBH/manas.suri/Work/Rpi_Imager/Open62541/Client_OPCUA/build/CMakeFiles/CMakeScratch/TryCompile-kDfKwp'



Parsed C implicit include dir info from above output: rv=done
  found start of include info
  found start of implicit include info
    add: [/usr/lib/gcc/x86_64-linux-gnu/12/include]
    add: [/usr/local/include]
    add: [/usr/include/x86_64-linux-gnu]
    add: [/usr/include]
  end of search list found
  collapse include dir [/usr/lib/gcc/x86_64-linux-gnu/12/include] ==> [/usr/lib/gcc/x86_64-linux-gnu/12/include]
  collapse include dir [/usr/local/include] ==> [/usr/local/include]
  collapse include dir [/usr/include/x86_64-linux-gnu] ==> [/usr/include/x86_64-linux-gnu]
  collapse include dir [/usr/include] ==> [/usr/include]
  implicit include dirs: [/usr/lib/gcc/x86_64-linux-gnu/12/include;/usr/local/include;/usr/include/x86_64-linux-gnu;/usr/include]


Parsed C implicit link information from above output:
  link line regex: [^( *|.*[/\])(ld|CMAKE_LINK_STARTFILE-NOTFOUND|([^/\]+-)?ld|collect2)[^/\]*( |$)]
  ignore line: [Change Dir: /home/INTRANET.SALZ.GMBH/manas.suri/Work/Rpi_Imager/Open62541/Client_OPCUA/build/CMakeFiles/CMakeScratch/TryCompile-kDfKwp]
  ignore line: []
  ignore line: [Run Build Command(s):/usr/bin/gmake -f Makefile cmTC_a3a32/fast && /usr/bin/gmake  -f CMakeFiles/cmTC_a3a32.dir/build.make CMakeFiles/cmTC_a3a32.dir/build]
  ignore line: [gmake[1]: Entering directory '/home/INTRANET.SALZ.GMBH/manas.suri/Work/Rpi_Imager/Open62541/Client_OPCUA/build/CMakeFiles/CMakeScratch/TryCompile-kDfKwp']
  ignore line: [Building C object CMakeFiles/cmTC_a3a32.dir/CMakeCCompilerABI.c.o]
  ignore line: [/usr/bin/cc   -v -o CMakeFiles/cmTC_a3a32.dir/CMakeCCompilerABI.c.o -c /usr/share/cmake-3.25/Modules/CMakeCCompilerABI.c]
  ignore line: [Using built-in specs.]
  ignore line: [COLLECT_GCC=/usr/bin/cc]
  ignore line: [OFFLOAD_TARGET_NAMES=nvptx-none:amdgcn-amdhsa]
  ignore line: [OFFLOAD_TARGET_DEFAULT=1]
  ignore line: [Target: x86_64-linux-gnu]
  ignore line: [Configured with: ../src/configure -v --with-pkgversion='Debian 12.2.0-14' --with-bugurl=file:///usr/share/doc/gcc-12/README.Bugs --enable-languages=c ada c++ go d fortran objc obj-c++ m2 --prefix=/usr --with-gcc-major-version-only --program-suffix=-12 --program-prefix=x86_64-linux-gnu- --enable-shared --enable-linker-build-id --libexecdir=/usr/lib --without-included-gettext --enable-threads=posix --libdir=/usr/lib --enable-nls --enable-clocale=gnu --enable-libstdcxx-debug --enable-libstdcxx-time=yes --with-default-libstdcxx-abi=new --enable-gnu-unique-object --disable-vtable-verify --enable-plugin --enable-default-pie --with-system-zlib --enable-libphobos-checking=release --with-target-system-zlib=auto --enable-objc-gc=auto --enable-multiarch --disable-werror --enable-cet --with-arch-32=i686 --with-abi=m64 --with-multilib-list=m32 m64 mx32 --enable-multilib --with-tune=generic --enable-offload-targets=nvptx-none=/build/gcc-12-bTRWOB/gcc-12-12.2.0/debian/tmp-nvptx/usr amdgcn-amdhsa=/build/gcc-12-bTRWOB/gcc-12-12.2.0/debian/tmp-gcn/usr --enable-offload-defaulted --without-cuda-driver --enable-checking=release --build=x86_64-linux-gnu --host=x86_64-linux-gnu --target=x86_64-linux-gnu]
  ignore line: [Thread model: posix]
  ignore line: [Supported LTO compression algorithms: zlib zstd]
  ignore line: [gcc version 12.2.0 (Debian 12.2.0-14) ]
  ignore line: [COLLECT_GCC_OPTIONS='-v' '-o' 'CMakeFiles/cmTC_a3a32.dir/CMakeCCompilerABI.c.o' '-c' '-mtune=generic' '-march=x86-64' '-dumpdir' 'CMakeFiles/cmTC_a3a32.dir/']
  ignore line: [ /usr/lib/gcc/x86_64-linux-gnu/12/cc1 -quiet -v -imultiarch x86_64-linux-gnu /usr/share/cmake-3.25/Modules/CMakeCCompilerABI.c -quiet -dumpdir CMakeFiles/cmTC_a3a32.dir/ -dumpbase CMakeCCompilerABI.c.c -dumpbase-ext .c -mtune=generic -march=x86-64 -version -fasynchronous-unwind-tables -o /tmp/ccfth8fc.s]
  ignore line: [GNU C17 (Debian 12.2.0-14) version 12.2.0 (x86_64-linux-gnu)]
  ignore line: [	compiled by GNU C version 12.2.0  GMP version 6.2.1  MPFR version 4.1.1-p1  MPC version 1.3.1  isl version isl-0.25-GMP]
  ignore line: []
  ignore line: [warning: MPFR header version 4.1.1-p1 differs from library version 4.2.0.]
  ignore line: [GGC heuristics: --param ggc-min-expand=100 --param ggc-min-heapsize=131072]
  ignore line: [ignoring nonexistent directory "/usr/local/include/x86_64-linux-gnu"]
  ignore line: [ignoring nonexistent directory "/usr/lib/gcc/x86_64-linux-gnu/12/include-fixed"]
  ignore line: [ignoring nonexistent directory "/usr/lib/gcc/x86_64-linux-gnu/12/../../../../x86_64-linux-gnu/include"]
  ignore line: [#include "..." search starts here:]
  ignore line: [#include <...> search starts here:]
  ignore line: [ /usr/lib/gcc/x86_64-linux-gnu/12/include]
  ignore line: [ /usr/local/include]
  ignore line: [ /usr/include/x86_64-linux-gnu]
  ignore line: [ /usr/include]
  ignore line: [End of search list.]
  ignore line: [GNU C17 (Debian 12.2.0-14) version 12.2.0 (x86_64-linux-gnu)]
  ignore line: [	compiled by GNU C version 12.2.0  GMP version 6.2.1  MPFR version 4.1.1-p1  MPC version 1.3.1  isl version isl-0.25-GMP]
  ignore line: []
  ignore line: [warning: MPFR header version 4.1.1-p1 differs from library version 4.2.0.]
  ignore line: [GGC heuristics: --param ggc-min-expand=100 --param ggc-min-heapsize=131072]
  ignore line: [Compiler executable checksum: cc72d2b9b5048fedc2be9051c917b40b]
  ignore line: [COLLECT_GCC_OPTIONS='-v' '-o' 'CMakeFiles/cmTC_a3a32.dir/CMakeCCompilerABI.c.o' '-c' '-mtune=generic' '-march=x86-64' '-dumpdir' 'CMakeFiles/cmTC_a3a32.dir/']
  ignore line: [ as -v --64 -o CMakeFiles/cmTC_a3a32.dir/CMakeCCompilerABI.c.o /tmp/ccfth8fc.s]
  ignore line: [GNU assembler version 2.40 (x86_64-linux-gnu) using BFD version (GNU Binutils for Debian) 2.40]
  ignore line: [COMPILER_PATH=/usr/lib/gcc/x86_64-linux-gnu/12/:/usr/lib/gcc/x86_64-linux-gnu/12/:/usr/lib/gcc/x86_64-linux-gnu/:/usr/lib/gcc/x86_64-linux-gnu/12/:/usr/lib/gcc/x86_64-linux-gnu/]
  ignore line: [LIBRARY_PATH=/usr/lib/gcc/x86_64-linux-gnu/12/:/usr/lib/gcc/x86_64-linux-gnu/12/../../../x86_64-linux-gnu/:/usr/lib/gcc/x86_64-linux-gnu/12/../../../../lib/:/lib/x86_64-linux-gnu/:/lib/../lib/:/usr/lib/x86_64-linux-gnu/:/usr/lib/../lib/:/usr/lib/gcc/x86_64-linux-gnu/12/../../../:/lib/:/usr/lib/]
  ignore line: [COLLECT_GCC_OPTIONS='-v' '-o' 'CMakeFiles/cmTC_a3a32.dir/CMakeCCompilerABI.c.o' '-c' '-mtune=generic' '-march=x86-64' '-dumpdir' 'CMakeFiles/cmTC_a3a32.dir/CMakeCCompilerABI.c.']
  ignore line: [Linking C executable cmTC_a3a32]
  ignore line: [/usr/bin/cmake -E cmake_link_script CMakeFiles/cmTC_a3a32.dir/link.txt --verbose=1]
  ignore line: [/usr/bin/cc  -v CMakeFiles/cmTC_a3a32.dir/CMakeCCompilerABI.c.o -o cmTC_a3a32 ]
  ignore line: [Using built-in specs.]
  ignore line: [COLLECT_GCC=/usr/bin/cc]
  ignore line: [COLLECT_LTO_WRAPPER=/usr/lib/gcc/x86_64-linux-gnu/12/lto-wrapper]
  ignore line: [OFFLOAD_TARGET_NAMES=nvptx-none:amdgcn-amdhsa]
  ignore line: [OFFLOAD_TARGET_DEFAULT=1]
  ignore line: [Target: x86_64-linux-gnu]
  ignore line: [Configured with: ../src/configure -v --with-pkgversion='Debian 12.2.0-14' --with-bugurl=file:///usr/share/doc/gcc-12/README.Bugs --enable-languages=c ada c++ go d fortran objc obj-c++ m2 --prefix=/usr --with-gcc-major-version-only --program-suffix=-12 --program-prefix=x86_64-linux-gnu- --enable-shared --enable-linker-build-id --libexecdir=/usr/lib --without-included-gettext --enable-threads=posix --libdir=/usr/lib --enable-nls --enable-clocale=gnu --enable-libstdcxx-debug --enable-libstdcxx-time=yes --with-default-libstdcxx-abi=new --enable-gnu-unique-object --disable-vtable-verify --enable-plugin --enable-default-pie --with-system-zlib --enable-libphobos-checking=release --with-target-system-zlib=auto --enable-objc-gc=auto --enable-multiarch --disable-werror --enable-cet --with-arch-32=i686 --with-abi=m64 --with-multilib-list=m32 m64 mx32 --enable-multilib --with-tune=generic --enable-offload-targets=nvptx-none=/build/gcc-12-bTRWOB/gcc-12-12.2.0/debian/tmp-nvptx/usr amdgcn-amdhsa=/build/gcc-12-bTRWOB/gcc-12-12.2.0/debian/tmp-gcn/usr --enable-offload-defaulted --without-cuda-driver --enable-checking=release --build=x86_64-linux-gnu --host=x86_64-linux-gnu --target=x86_64-linux-gnu]
  ignore line: [Thread model: posix]
  ignore line: [Supported LTO compression algorithms: zlib zstd]
  ignore line: [gcc version 12.2.0 (Debian 12.2.0-14) ]
  ignore line: [COMPILER_PATH=/usr/lib/gcc/x86_64-linux-gnu/12/:/usr/lib/gcc/x86_64-linux-gnu/12/:/usr/lib/gcc/x86_64-linux-gnu/:/usr/lib/gcc/x86_64-linux-gnu/12/:/usr/lib/gcc/x86_64-linux-gnu/]
  ignore line: [LIBRARY_PATH=/usr/lib/gcc/x86_64-linux-gnu/12/:/usr/lib/gcc/x86_64-linux-gnu/12/../../../x86_64-linux-gnu/:/usr/lib/gcc/x86_64-linux-gnu/12/../../../../lib/:/lib/x86_64-linux-gnu/:/lib/../lib/:/usr/lib/x86_64-linux-gnu/:/usr/lib/../lib/:/usr/lib/gcc/x86_64-linux-gnu/12/../../../:/lib/:/usr/lib/]
  ignore line: [COLLECT_GCC_OPTIONS='-v' '-o' 'cmTC_a3a32' '-mtune=generic' '-march=x86-64' '-dumpdir' 'cmTC_a3a32.']
  link line: [ /usr/lib/gcc/x86_64-linux-gnu/12/collect2 -plugin /usr/lib/gcc/x86_64-linux-gnu/12/liblto_plugin.so -plugin-opt=/usr/lib/gcc/x86_64-linux-gnu/12/lto-wrapper -plugin-opt=-fresolution=/tmp/ccesxNbM.res -plugin-opt=-pass-through=-lgcc -plugin-opt=-pass-through=-lgcc_s -plugin-opt=-pass-through=-lc -plugin-opt=-pass-through=-lgcc -plugin-opt=-pass-through=-lgcc_s --build-id --eh-frame-hdr -m elf_x86_64 --hash-style=gnu --as-needed -dynamic-linker /lib64/ld-linux-x86-64.so.2 -pie -o cmTC_a3a32 /usr/lib/gcc/x86_64-linux-gnu/12/../../../x86_64-linux-gnu/Scrt1.o /usr/lib/gcc/x86_64-linux-gnu/12/../../../x86_64-linux-gnu/crti.o /usr/lib/gcc/x86_64-linux-gnu/12/crtbeginS.o -L/usr/lib/gcc/x86_64-linux-gnu/12 -L/usr/lib/gcc/x86_64-linux-gnu/12/../../../x86_64-linux-gnu -L/usr/lib/gcc/x86_64-linux-gnu/12/../../../../lib -L/lib/x86_64-linux-gnu -L/lib/../lib -L/usr/lib/x86_64-linux-gnu -L/usr/lib/../lib -L/usr/lib/gcc/x86_64-linux-gnu/12/../../.. CMakeFiles/cmTC_a3a32.dir/CMakeCCompilerABI.c.o -lgcc --push-state --as-needed -lgcc_s --pop-state -lc -lgcc --push-state --as-needed -lgcc_s --pop-state /usr/lib/gcc/x86_64-linux-gnu/12/crtendS.o /usr/lib/gcc/x86_64-linux-gnu/12/../../../x86_64-linux-gnu/crtn.o]
    arg [/usr/lib/gcc/x86_64-linux-gnu/12/collect2] ==> ignore
    arg [-plugin] ==> ignore
    arg [/usr/lib/gcc/x86_64-linux-gnu/12/liblto_plugin.so] ==> ignore
    arg [-plugin-opt=/usr/lib/gcc/x86_64-linux-gnu/12/lto-wrapper] ==> ignore
    arg [-plugin-opt=-fresolution=/tmp/ccesxNbM.res] ==> ignore
    arg [-plugin-opt=-pass-through=-lgcc] ==> ignore
    arg [-plugin-opt=-pass-through=-lgcc_s] ==> ignore
    arg [-plugin-opt=-pass-through=-lc] ==> ignore
    arg [-plugin-opt=-pass-through=-lgcc] ==> ignore
    arg [-plugin-opt=-pass-through=-lgcc_s] ==> ignore
    arg [--build-id] ==> ignore
    arg [--eh-frame-hdr] ==> ignore
    arg [-m] ==> ignore
    arg [elf_x86_64] ==> ignore
    arg [--hash-style=gnu] ==> ignore
    arg [--as-needed] ==> ignore
    arg [-dynamic-linker] ==> ignore
    arg [/lib64/ld-linux-x86-64.so.2] ==> ignore
    arg [-pie] ==> ignore
    arg [-o] ==> ignore
    arg [cmTC_a3a32] ==> ignore
    arg [/usr/lib/gcc/x86_64-linux-gnu/12/../../../x86_64-linux-gnu/Scrt1.o] ==> obj [/usr/lib/gcc/x86_64-linux-gnu/12/../../../x86_64-linux-gnu/Scrt1.o]
    arg [/usr/lib/gcc/x86_64-linux-gnu/12/../../../x86_64-linux-gnu/crti.o] ==> obj [/usr/lib/gcc/x86_64-linux-gnu/12/../../../x86_64-linux-gnu/crti.o]
    arg [/usr/lib/gcc/x86_64-linux-gnu/12/crtbeginS.o] ==> obj [/usr/lib/gcc/x86_64-linux-gnu/12/crtbeginS.o]
    arg [-L/usr/lib/gcc/x86_64-linux-gnu/12] ==> dir [/usr/lib/gcc/x86_64-linux-gnu/12]
    arg [-L/usr/lib/gcc/x86_64-linux-gnu/12/../../../x86_64-linux-gnu] ==> dir [/usr/lib/gcc/x86_64-linux-gnu/12/../../../x86_64-linux-gnu]
    arg [-L/usr/lib/gcc/x86_64-linux-gnu/12/../../../../lib] ==> dir [/usr/lib/gcc/x86_64-linux-gnu/12/../../../../lib]
    arg [-L/lib/x86_64-linux-gnu] ==> dir [/lib/x86_64-linux-gnu]
    arg [-L/lib/../lib] ==> dir [/lib/../lib]
    arg [-L/usr/lib/x86_64-linux-gnu] ==> dir [/usr/lib/x86_64-linux-gnu]
    arg [-L/usr/lib/../lib] ==> dir [/usr/lib/../lib]
    arg [-L/usr/lib/gcc/x86_64-linux-gnu/12/../../..] ==> dir [/usr/lib/gcc/x86_64-linux-gnu/12/../../..]
    arg [CMakeFiles/cmTC_a3a32.dir/CMakeCCompilerABI.c.o] ==> ignore
    arg [-lgcc] ==> lib [gcc]
    arg [--push-state] ==> ignore
    arg [--as-needed] ==> ignore
    arg [-lgcc_s] ==> lib [gcc_s]
    arg [--pop-state] ==> ignore
    arg [-lc] ==> lib [c]
    arg [-lgcc] ==> lib [gcc]
    arg [--push-state] ==> ignore
    arg [--as-needed] ==> ignore
    arg [-lgcc_s] ==> lib [gcc_s]
    arg [--pop-state] ==> ignore
    arg [/usr/lib/gcc/x86_64-linux-gnu/12/crtendS.o] ==> obj [/usr/lib/gcc/x86_64-linux-gnu/12/crtendS.o]
    arg [/usr/lib/gcc/x86_64-linux-gnu/12/../../../x86_64-linux-gnu/crtn.o] ==> obj [/usr/lib/gcc/x86_64-linux-gnu/12/../../../x86_64-linux-gnu/crtn.o]
  collapse obj [/usr/lib/gcc/x86_64-linux-gnu/12/../../../x86_64-linux-gnu/Scrt1.o] ==> [/usr/lib/x86_64-linux-gnu/Scrt1.o]
  collapse obj [/usr/lib/gcc/x86_64-linux-gnu/12/../../../x86_64-linux-gnu/crti.o] ==> [/usr/lib/x86_64-linux-gnu/crti.o]
  collapse obj [/usr/lib/gcc/x86_64-linux-gnu/12/../../../x86_64-linux-gnu/crtn.o] ==> [/usr/lib/x86_64-linux-gnu/crtn.o]
  collapse library dir [/usr/lib/gcc/x86_64-linux-gnu/12] ==> [/usr/lib/gcc/x86_64-linux-gnu/12]
  collapse library dir [/usr/lib/gcc/x86_64-linux-gnu/12/../../../x86_64-linux-gnu] ==> [/usr/lib/x86_64-linux-gnu]
  collapse library dir [/usr/lib/gcc/x86_64-linux-gnu/12/../../../../lib] ==> [/usr/lib]
  collapse library dir [/lib/x86_64-linux-gnu] ==> [/lib/x86_64-linux-gnu]
  collapse library dir [/lib/../lib] ==> [/lib]
  collapse library dir [/usr/lib/x86_64-linux-gnu] ==> [/usr/lib/x86_64-linux-gnu]
  collapse library dir [/usr/lib/../lib] ==> [/usr/lib]
  collapse library dir [/usr/lib/gcc/x86_64-linux-gnu/12/../../..] ==> [/usr/lib]
  implicit libs: [gcc;gcc_s;c;gcc;gcc_s]
  implicit objs: [/usr/lib/x86_64-linux-gnu/Scrt1.o;/usr/lib/x86_64-linux-gnu/crti.o;/usr/lib/gcc/x86_64-linux-gnu/12/crtbeginS.o;/usr/lib/gcc/x86_64-linux-gnu/12/crtendS.o;/usr/lib/x86_64-linux-gnu/crtn.o]
  implicit dirs: [/usr/lib/gcc/x86_64-linux-gnu/12;/usr/lib/x86_64-linux-gnu;/usr/lib;/lib/x86_64-linux-gnu;/lib]
  implicit fwks: []


Performing C SOURCE FILE Test flag_supported succeeded with the following output:
Change Dir: /home/INTRANET.SALZ.GMBH/manas.suri/Work/Rpi_Imager/Open62541/Client_OPCUA/build/CMakeFiles/CMakeScratch/TryCompile-tsxa89

Run Build Command(s):/usr/bin/gmake -f Makefile cmTC_f18ed/fast && /usr/bin/gmake  -f CMakeFiles/cmTC_f18ed.dir/build.make CMakeFiles/cmTC_f18ed.dir/build
gmake[1]: Entering directory '/home/INTRANET.SALZ.GMBH/manas.suri/Work/Rpi_Imager/Open62541/Client_OPCUA/build/CMakeFiles/CMakeScratch/TryCompile-tsxa89'
Building C object CMakeFiles/cmTC_f18ed.dir/src.c.o
/usr/bin/cc -Dflag_supported  -std=c99 -o CMakeFiles/cmTC_f18ed.dir/src.c.o -c /home/INTRANET.SALZ.GMBH/manas.suri/Work/Rpi_Imager/Open62541/Client_OPCUA/build/CMakeFiles/CMakeScratch/TryCompile-tsxa89/src.c
Linking C executable cmTC_f18ed
/usr/bin/cmake -E cmake_link_script CMakeFiles/cmTC_f18ed.dir/link.txt --verbose=1
/usr/bin/cc CMakeFiles/cmTC_f18ed.dir/src.c.o -o cmTC_f18ed 
gmake[1]: Leaving directory '/home/INTRANET.SALZ.GMBH/manas.suri/Work/Rpi_Imager/Open62541/Client_OPCUA/build/CMakeFiles/CMakeScratch/TryCompile-tsxa89'


Source file was:
int main(void) { return 0; }

Performing C SOURCE FILE Test flag_supported succeeded with the following output:
Change Dir: /home/INTRANET.SALZ.GMBH/manas.suri/Work/Rpi_Imager/Open62541/Client_OPCUA/build/CMakeFiles/CMakeScratch/TryCompile-mmRU1e

Run Build Command(s):/usr/bin/gmake -f Makefile cmTC_5ebcd/fast && /usr/bin/gmake  -f CMakeFiles/cmTC_5ebcd.dir/build.make CMakeFiles/cmTC_5ebcd.dir/build
gmake[1]: Entering directory '/home/INTRANET.SALZ.GMBH/manas.suri/Work/Rpi_Imager/Open62541/Client_OPCUA/build/CMakeFiles/CMakeScratch/TryCompile-mmRU1e'
Building C object CMakeFiles/cmTC_5ebcd.dir/src.c.o
/usr/bin/cc -Dflag_supported  -std=c99    -pipe -o CMakeFiles/cmTC_5ebcd.dir/src.c.o -c /home/INTRANET.SALZ.GMBH/manas.suri/Work/Rpi_Imager/Open62541/Client_OPCUA/build/CMakeFiles/CMakeScratch/TryCompile-mmRU1e/src.c
Linking C executable cmTC_5ebcd
/usr/bin/cmake -E cmake_link_script CMakeFiles/cmTC_5ebcd.dir/link.txt --verbose=1
/usr/bin/cc  -std=c99  CMakeFiles/cmTC_5ebcd.dir/src.c.o -o cmTC_5ebcd 
gmake[1]: Leaving directory '/home/INTRANET.SALZ.GMBH/manas.suri/Work/Rpi_Imager/Open62541/Client_OPCUA/build/CMakeFiles/CMakeScratch/TryCompile-mmRU1e'


Source file was:
int main(void) { return 0; }

Performing C SOURCE FILE Test flag_supported succeeded with the following output:
Change Dir: /home/INTRANET.SALZ.GMBH/manas.suri/Work/Rpi_Imager/Open62541/Client_OPCUA/build/CMakeFiles/CMakeScratch/TryCompile-AQWW9i

Run Build Command(s):/usr/bin/gmake -f Makefile cmTC_81920/fast && /usr/bin/gmake  -f CMakeFiles/cmTC_81920.dir/build.make CMakeFiles/cmTC_81920.dir/build
gmake[1]: Entering directory '/home/INTRANET.SALZ.GMBH/manas.suri/Work/Rpi_Imager/Open62541/Client_OPCUA/build/CMakeFiles/CMakeScratch/TryCompile-AQWW9i'
Building C object CMakeFiles/cmTC_81920.dir/src.c.o
/usr/bin/cc -Dflag_supported  -std=c99 -pipe    -Wall -o CMakeFiles/cmTC_81920.dir/src.c.o -c /home/INTRANET.SALZ.GMBH/manas.suri/Work/Rpi_Imager/Open62541/Client_OPCUA/build/CMakeFiles/CMakeScratch/TryCompile-AQWW9i/src.c
Linking C executable cmTC_81920
/usr/bin/cmake -E cmake_link_script CMakeFiles/cmTC_81920.dir/link.txt --verbose=1
/usr/bin/cc  -std=c99 -pipe  CMakeFiles/cmTC_81920.dir/src.c.o -o cmTC_81920 
gmake[1]: Leaving directory '/home/INTRANET.SALZ.GMBH/manas.suri/Work/Rpi_Imager/Open62541/Client_OPCUA/build/CMakeFiles/CMakeScratch/TryCompile-AQWW9i'


Source file was:
int main(void) { return 0; }

Performing C SOURCE FILE Test flag_supported succeeded with the following output:
Change Dir: /home/INTRANET.SALZ.GMBH/manas.suri/Work/Rpi_Imager/Open62541/Client_OPCUA/build/CMakeFiles/CMakeScratch/TryCompile-cugE0r

Run Build Command(s):/usr/bin/gmake -f Makefile cmTC_bcdb3/fast && /usr/bin/gmake  -f CMakeFiles/cmTC_bcdb3.dir/build.make CMakeFiles/cmTC_bcdb3.dir/build
gmake[1]: Entering directory '/home/INTRANET.SALZ.GMBH/manas.suri/Work/Rpi_Imager/Open62541/Client_OPCUA/build/CMakeFiles/CMakeScratch/TryCompile-cugE0r'
Building C object CMakeFiles/cmTC_bcdb3.dir/src.c.o
/usr/bin/cc -Dflag_supported  -std=c99 -pipe -Wall    -Wextra -o CMakeFiles/cmTC_bcdb3.dir/src.c.o -c /home/INTRANET.SALZ.GMBH/manas.suri/Work/Rpi_Imager/Open62541/Client_OPCUA/build/CMakeFiles/CMakeScratch/TryCompile-cugE0r/src.c
Linking C executable cmTC_bcdb3
/usr/bin/cmake -E cmake_link_script CMakeFiles/cmTC_bcdb3.dir/link.txt --verbose=1
/usr/bin/cc  -std=c99 -pipe -Wall  CMakeFiles/cmTC_bcdb3.dir/src.c.o -o cmTC_bcdb3 
gmake[1]: Leaving directory '/home/INTRANET.SALZ.GMBH/manas.suri/Work/Rpi_Imager/Open62541/Client_OPCUA/build/CMakeFiles/CMakeScratch/TryCompile-cugE0r'


Source file was:
int main(void) { return 0; }

Performing C SOURCE FILE Test flag_supported succeeded with the following output:
Change Dir: /home/INTRANET.SALZ.GMBH/manas.suri/Work/Rpi_Imager/Open62541/Client_OPCUA/build/CMakeFiles/CMakeScratch/TryCompile-QEsui7

Run Build Command(s):/usr/bin/gmake -f Makefile cmTC_682c0/fast && /usr/bin/gmake  -f CMakeFiles/cmTC_682c0.dir/build.make CMakeFiles/cmTC_682c0.dir/build
gmake[1]: Entering directory '/home/INTRANET.SALZ.GMBH/manas.suri/Work/Rpi_Imager/Open62541/Client_OPCUA/build/CMakeFiles/CMakeScratch/TryCompile-QEsui7'
Building C object CMakeFiles/cmTC_682c0.dir/src.c.o
/usr/bin/cc -Dflag_supported  -std=c99 -pipe -Wall -Wextra    -Wpedantic -o CMakeFiles/cmTC_682c0.dir/src.c.o -c /home/INTRANET.SALZ.GMBH/manas.suri/Work/Rpi_Imager/Open62541/Client_OPCUA/build/CMakeFiles/CMakeScratch/TryCompile-QEsui7/src.c
Linking C executable cmTC_682c0
/usr/bin/cmake -E cmake_link_script CMakeFiles/cmTC_682c0.dir/link.txt --verbose=1
/usr/bin/cc  -std=c99 -pipe -Wall -Wextra  CMakeFiles/cmTC_682c0.dir/src.c.o -o cmTC_682c0 
gmake[1]: Leaving directory '/home/INTRANET.SALZ.GMBH/manas.suri/Work/Rpi_Imager/Open62541/Client_OPCUA/build/CMakeFiles/CMakeScratch/TryCompile-QEsui7'


Source file was:
int main(void) { return 0; }

Performing C SOURCE FILE Test flag_supported succeeded with the following output:
Change Dir: /home/INTRANET.SALZ.GMBH/manas.suri/Work/Rpi_Imager/Open62541/Client_OPCUA/build/CMakeFiles/CMakeScratch/TryCompile-npkDgv

Run Build Command(s):/usr/bin/gmake -f Makefile cmTC_c0f2f/fast && /usr/bin/gmake  -f CMakeFiles/cmTC_c0f2f.dir/build.make CMakeFiles/cmTC_c0f2f.dir/build
gmake[1]: Entering directory '/home/INTRANET.SALZ.GMBH/manas.suri/Work/Rpi_Imager/Open62541/Client_OPCUA/build/CMakeFiles/CMakeScratch/TryCompile-npkDgv'
Building C object CMakeFiles/cmTC_c0f2f.dir/src.c.o
/usr/bin/cc -Dflag_supported  -std=c99 -pipe -Wall -Wextra -Wpedantic    -Wno-static-in-inline -o CMakeFiles/cmTC_c0f2f.dir/src.c.o -c /home/INTRANET.SALZ.GMBH/manas.suri/Work/Rpi_Imager/Open62541/Client_OPCUA/build/CMakeFiles/CMakeScratch/TryCompile-npkDgv/src.c
Linking C executable cmTC_c0f2f
/usr/bin/cmake -E cmake_link_script CMakeFiles/cmTC_c0f2f.dir/link.txt --verbose=1
/usr/bin/cc  -std=c99 -pipe -Wall -Wextra -Wpedantic  CMakeFiles/cmTC_c0f2f.dir/src.c.o -o cmTC_c0f2f 
gmake[1]: Leaving directory '/home/INTRANET.SALZ.GMBH/manas.suri/Work/Rpi_Imager/Open62541/Client_OPCUA/build/CMakeFiles/CMakeScratch/TryCompile-npkDgv'


Source file was:
int main(void) { return 0; }

Performing C SOURCE FILE Test flag_supported succeeded with the following output:
Change Dir: /home/INTRANET.SALZ.GMBH/manas.suri/Work/Rpi_Imager/Open62541/Client_OPCUA/build/CMakeFiles/CMakeScratch/TryCompile-OFVojn

Run Build Command(s):/usr/bin/gmake -f Makefile cmTC_d0dd7/fast && /usr/bin/gmake  -f CMakeFiles/cmTC_d0dd7.dir/build.make CMakeFiles/cmTC_d0dd7.dir/build
gmake[1]: Entering directory '/home/INTRANET.SALZ.GMBH/manas.suri/Work/Rpi_Imager/Open62541/Client_OPCUA/build/CMakeFiles/CMakeScratch/TryCompile-OFVojn'
Building C object CMakeFiles/cmTC_d0dd7.dir/src.c.o
/usr/bin/cc -Dflag_supported  -std=c99 -pipe -Wall -Wextra -Wpedantic -Wno-static-in-inline    -Wno-overlength-strings -o CMakeFiles/cmTC_d0dd7.dir/src.c.o -c /home/INTRANET.SALZ.GMBH/manas.suri/Work/Rpi_Imager/Open62541/Client_OPCUA/build/CMakeFiles/CMakeScratch/TryCompile-OFVojn/src.c
Linking C executable cmTC_d0dd7
/usr/bin/cmake -E cmake_link_script CMakeFiles/cmTC_d0dd7.dir/link.txt --verbose=1
/usr/bin/cc  -std=c99 -pipe -Wall -Wextra -Wpedantic -Wno-static-in-inline  CMakeFiles/cmTC_d0dd7.dir/src.c.o -o cmTC_d0dd7 
gmake[1]: Leaving directory '/home/INTRANET.SALZ.GMBH/manas.suri/Work/Rpi_Imager/Open62541/Client_OPCUA/build/CMakeFiles/CMakeScratch/TryCompile-OFVojn'


Source file was:
int main(void) { return 0; }

Performing C SOURCE FILE Test flag_supported succeeded with the following output:
Change Dir: /home/INTRANET.SALZ.GMBH/manas.suri/Work/Rpi_Imager/Open62541/Client_OPCUA/build/CMakeFiles/CMakeScratch/TryCompile-dDARvl

Run Build Command(s):/usr/bin/gmake -f Makefile cmTC_96502/fast && /usr/bin/gmake  -f CMakeFiles/cmTC_96502.dir/build.make CMakeFiles/cmTC_96502.dir/build
gmake[1]: Entering directory '/home/INTRANET.SALZ.GMBH/manas.suri/Work/Rpi_Imager/Open62541/Client_OPCUA/build/CMakeFiles/CMakeScratch/TryCompile-dDARvl'
Building C object CMakeFiles/cmTC_96502.dir/src.c.o
/usr/bin/cc -Dflag_supported  -std=c99 -pipe -Wall -Wextra -Wpedantic -Wno-static-in-inline -Wno-overlength-strings    -Wno-unused-parameter -o CMakeFiles/cmTC_96502.dir/src.c.o -c /home/INTRANET.SALZ.GMBH/manas.suri/Work/Rpi_Imager/Open62541/Client_OPCUA/build/CMakeFiles/CMakeScratch/TryCompile-dDARvl/src.c
Linking C executable cmTC_96502
/usr/bin/cmake -E cmake_link_script CMakeFiles/cmTC_96502.dir/link.txt --verbose=1
/usr/bin/cc  -std=c99 -pipe -Wall -Wextra -Wpedantic -Wno-static-in-inline -Wno-overlength-strings  CMakeFiles/cmTC_96502.dir/src.c.o -o cmTC_96502 
gmake[1]: Leaving directory '/home/INTRANET.SALZ.GMBH/manas.suri/Work/Rpi_Imager/Open62541/Client_OPCUA/build/CMakeFiles/CMakeScratch/TryCompile-dDARvl'


Source file was:
int main(void) { return 0; }

Performing C SOURCE FILE Test flag_supported succeeded with the following output:
Change Dir: /home/INTRANET.SALZ.GMBH/manas.suri/Work/Rpi_Imager/Open62541/Client_OPCUA/build/CMakeFiles/CMakeScratch/TryCompile-V79Hpi

Run Build Command(s):/usr/bin/gmake -f Makefile cmTC_98109/fast && /usr/bin/gmake  -f CMakeFiles/cmTC_98109.dir/build.make CMakeFiles/cmTC_98109.dir/build
gmake[1]: Entering directory '/home/INTRANET.SALZ.GMBH/manas.suri/Work/Rpi_Imager/Open62541/Client_OPCUA/build/CMakeFiles/CMakeScratch/TryCompile-V79Hpi'
Building C object CMakeFiles/cmTC_98109.dir/src.c.o
/usr/bin/cc -Dflag_supported  -std=c99 -pipe -Wall -Wextra -Wpedantic -Wno-static-in-inline -Wno-overlength-strings -Wno-unused-parameter    -Wno-maybe-uninitialized -o CMakeFiles/cmTC_98109.dir/src.c.o -c /home/INTRANET.SALZ.GMBH/manas.suri/Work/Rpi_Imager/Open62541/Client_OPCUA/build/CMakeFiles/CMakeScratch/TryCompile-V79Hpi/src.c
Linking C executable cmTC_98109
/usr/bin/cmake -E cmake_link_script CMakeFiles/cmTC_98109.dir/link.txt --verbose=1
/usr/bin/cc  -std=c99 -pipe -Wall -Wextra -Wpedantic -Wno-static-in-inline -Wno-overlength-strings -Wno-unused-parameter  CMakeFiles/cmTC_98109.dir/src.c.o -o cmTC_98109 
gmake[1]: Leaving directory '/home/INTRANET.SALZ.GMBH/manas.suri/Work/Rpi_Imager/Open62541/Client_OPCUA/build/CMakeFiles/CMakeScratch/TryCompile-V79Hpi'


Source file was:
int main(void) { return 0; }

Performing C SOURCE FILE Test flag_supported succeeded with the following output:
Change Dir: /home/INTRANET.SALZ.GMBH/manas.suri/Work/Rpi_Imager/Open62541/Client_OPCUA/build/CMakeFiles/CMakeScratch/TryCompile-mnU6NQ

Run Build Command(s):/usr/bin/gmake -f Makefile cmTC_da401/fast && /usr/bin/gmake  -f CMakeFiles/cmTC_da401.dir/build.make CMakeFiles/cmTC_da401.dir/build
gmake[1]: Entering directory '/home/INTRANET.SALZ.GMBH/manas.suri/Work/Rpi_Imager/Open62541/Client_OPCUA/build/CMakeFiles/CMakeScratch/TryCompile-mnU6NQ'
Building C object CMakeFiles/cmTC_da401.dir/src.c.o
/usr/bin/cc -Dflag_supported  -std=c99 -pipe -Wall -Wextra -Wpedantic -Wno-static-in-inline -Wno-overlength-strings -Wno-unused-parameter -Wno-maybe-uninitialized    -Wc++-compat -o CMakeFiles/cmTC_da401.dir/src.c.o -c /home/INTRANET.SALZ.GMBH/manas.suri/Work/Rpi_Imager/Open62541/Client_OPCUA/build/CMakeFiles/CMakeScratch/TryCompile-mnU6NQ/src.c
Linking C executable cmTC_da401
/usr/bin/cmake -E cmake_link_script CMakeFiles/cmTC_da401.dir/link.txt --verbose=1
/usr/bin/cc  -std=c99 -pipe -Wall -Wextra -Wpedantic -Wno-static-in-inline -Wno-overlength-strings -Wno-unused-parameter -Wno-maybe-uninitialized  CMakeFiles/cmTC_da401.dir/src.c.o -o cmTC_da401 
gmake[1]: Leaving directory '/home/INTRANET.SALZ.GMBH/manas.suri/Work/Rpi_Imager/Open62541/Client_OPCUA/build/CMakeFiles/CMakeScratch/TryCompile-mnU6NQ'


Source file was:
int main(void) { return 0; }

Performing C SOURCE FILE Test flag_supported succeeded with the following output:
Change Dir: /home/INTRANET.SALZ.GMBH/manas.suri/Work/Rpi_Imager/Open62541/Client_OPCUA/build/CMakeFiles/CMakeScratch/TryCompile-WdTGn1

Run Build Command(s):/usr/bin/gmake -f Makefile cmTC_c4945/fast && /usr/bin/gmake  -f CMakeFiles/cmTC_c4945.dir/build.make CMakeFiles/cmTC_c4945.dir/build
gmake[1]: Entering directory '/home/INTRANET.SALZ.GMBH/manas.suri/Work/Rpi_Imager/Open62541/Client_OPCUA/build/CMakeFiles/CMakeScratch/TryCompile-WdTGn1'
Building C object CMakeFiles/cmTC_c4945.dir/src.c.o
/usr/bin/cc -Dflag_supported  -std=c99 -pipe -Wall -Wextra -Wpedantic -Wno-static-in-inline -Wno-overlength-strings -Wno-unused-parameter -Wno-maybe-uninitialized -Wc++-compat    -Wformat -o CMakeFiles/cmTC_c4945.dir/src.c.o -c /home/INTRANET.SALZ.GMBH/manas.suri/Work/Rpi_Imager/Open62541/Client_OPCUA/build/CMakeFiles/CMakeScratch/TryCompile-WdTGn1/src.c
Linking C executable cmTC_c4945
/usr/bin/cmake -E cmake_link_script CMakeFiles/cmTC_c4945.dir/link.txt --verbose=1
/usr/bin/cc  -std=c99 -pipe -Wall -Wextra -Wpedantic -Wno-static-in-inline -Wno-overlength-strings -Wno-unused-parameter -Wno-maybe-uninitialized -Wc++-compat  CMakeFiles/cmTC_c4945.dir/src.c.o -o cmTC_c4945 
gmake[1]: Leaving directory '/home/INTRANET.SALZ.GMBH/manas.suri/Work/Rpi_Imager/Open62541/Client_OPCUA/build/CMakeFiles/CMakeScratch/TryCompile-WdTGn1'


Source file was:
int main(void) { return 0; }

Performing C SOURCE FILE Test flag_supported succeeded with the following output:
Change Dir: /home/INTRANET.SALZ.GMBH/manas.suri/Work/Rpi_Imager/Open62541/Client_OPCUA/build/CMakeFiles/CMakeScratch/TryCompile-mbyNjd

Run Build Command(s):/usr/bin/gmake -f Makefile cmTC_e217e/fast && /usr/bin/gmake  -f CMakeFiles/cmTC_e217e.dir/build.make CMakeFiles/cmTC_e217e.dir/build
gmake[1]: Entering directory '/home/INTRANET.SALZ.GMBH/manas.suri/Work/Rpi_Imager/Open62541/Client_OPCUA/build/CMakeFiles/CMakeScratch/TryCompile-mbyNjd'
Building C object CMakeFiles/cmTC_e217e.dir/src.c.o
/usr/bin/cc -Dflag_supported  -std=c99 -pipe -Wall -Wextra -Wpedantic -Wno-static-in-inline -Wno-overlength-strings -Wno-unused-parameter -Wno-maybe-uninitialized -Wc++-compat -Wformat    -Wformat-security -o CMakeFiles/cmTC_e217e.dir/src.c.o -c /home/INTRANET.SALZ.GMBH/manas.suri/Work/Rpi_Imager/Open62541/Client_OPCUA/build/CMakeFiles/CMakeScratch/TryCompile-mbyNjd/src.c
Linking C executable cmTC_e217e
/usr/bin/cmake -E cmake_link_script CMakeFiles/cmTC_e217e.dir/link.txt --verbose=1
/usr/bin/cc  -std=c99 -pipe -Wall -Wextra -Wpedantic -Wno-static-in-inline -Wno-overlength-strings -Wno-unused-parameter -Wno-maybe-uninitialized -Wc++-compat -Wformat  CMakeFiles/cmTC_e217e.dir/src.c.o -o cmTC_e217e 
gmake[1]: Leaving directory '/home/INTRANET.SALZ.GMBH/manas.suri/Work/Rpi_Imager/Open62541/Client_OPCUA/build/CMakeFiles/CMakeScratch/TryCompile-mbyNjd'


Source file was:
int main(void) { return 0; }

Performing C SOURCE FILE Test flag_supported succeeded with the following output:
Change Dir: /home/INTRANET.SALZ.GMBH/manas.suri/Work/Rpi_Imager/Open62541/Client_OPCUA/build/CMakeFiles/CMakeScratch/TryCompile-mMAWy5

Run Build Command(s):/usr/bin/gmake -f Makefile cmTC_abcb2/fast && /usr/bin/gmake  -f CMakeFiles/cmTC_abcb2.dir/build.make CMakeFiles/cmTC_abcb2.dir/build
gmake[1]: Entering directory '/home/INTRANET.SALZ.GMBH/manas.suri/Work/Rpi_Imager/Open62541/Client_OPCUA/build/CMakeFiles/CMakeScratch/TryCompile-mMAWy5'
Building C object CMakeFiles/cmTC_abcb2.dir/src.c.o
/usr/bin/cc -Dflag_supported  -std=c99 -pipe -Wall -Wextra -Wpedantic -Wno-static-in-inline -Wno-overlength-strings -Wno-unused-parameter -Wno-maybe-uninitialized -Wc++-compat -Wformat -Wformat-security    -Wformat-nonliteral -o CMakeFiles/cmTC_abcb2.dir/src.c.o -c /home/INTRANET.SALZ.GMBH/manas.suri/Work/Rpi_Imager/Open62541/Client_OPCUA/build/CMakeFiles/CMakeScratch/TryCompile-mMAWy5/src.c
Linking C executable cmTC_abcb2
/usr/bin/cmake -E cmake_link_script CMakeFiles/cmTC_abcb2.dir/link.txt --verbose=1
/usr/bin/cc  -std=c99 -pipe -Wall -Wextra -Wpedantic -Wno-static-in-inline -Wno-overlength-strings -Wno-unused-parameter -Wno-maybe-uninitialized -Wc++-compat -Wformat -Wformat-security  CMakeFiles/cmTC_abcb2.dir/src.c.o -o cmTC_abcb2 
gmake[1]: Leaving directory '/home/INTRANET.SALZ.GMBH/manas.suri/Work/Rpi_Imager/Open62541/Client_OPCUA/build/CMakeFiles/CMakeScratch/TryCompile-mMAWy5'


Source file was:
int main(void) { return 0; }

Performing C SOURCE FILE Test flag_supported succeeded with the following output:
Change Dir: /home/INTRANET.SALZ.GMBH/manas.suri/Work/Rpi_Imager/Open62541/Client_OPCUA/build/CMakeFiles/CMakeScratch/TryCompile-qWsd9E

Run Build Command(s):/usr/bin/gmake -f Makefile cmTC_5b805/fast && /usr/bin/gmake  -f CMakeFiles/cmTC_5b805.dir/build.make CMakeFiles/cmTC_5b805.dir/build
gmake[1]: Entering directory '/home/INTRANET.SALZ.GMBH/manas.suri/Work/Rpi_Imager/Open62541/Client_OPCUA/build/CMakeFiles/CMakeScratch/TryCompile-qWsd9E'
Building C object CMakeFiles/cmTC_5b805.dir/src.c.o
/usr/bin/cc -Dflag_supported  -std=c99 -pipe -Wall -Wextra -Wpedantic -Wno-static-in-inline -Wno-overlength-strings -Wno-unused-parameter -Wno-maybe-uninitialized -Wc++-compat -Wformat -Wformat-security -Wformat-nonliteral    -Wmissing-prototypes -o CMakeFiles/cmTC_5b805.dir/src.c.o -c /home/INTRANET.SALZ.GMBH/manas.suri/Work/Rpi_Imager/Open62541/Client_OPCUA/build/CMakeFiles/CMakeScratch/TryCompile-qWsd9E/src.c
Linking C executable cmTC_5b805
/usr/bin/cmake -E cmake_link_script CMakeFiles/cmTC_5b805.dir/link.txt --verbose=1
/usr/bin/cc  -std=c99 -pipe -Wall -Wextra -Wpedantic -Wno-static-in-inline -Wno-overlength-strings -Wno-unused-parameter -Wno-maybe-uninitialized -Wc++-compat -Wformat -Wformat-security -Wformat-nonliteral  CMakeFiles/cmTC_5b805.dir/src.c.o -o cmTC_5b805 
gmake[1]: Leaving directory '/home/INTRANET.SALZ.GMBH/manas.suri/Work/Rpi_Imager/Open62541/Client_OPCUA/build/CMakeFiles/CMakeScratch/TryCompile-qWsd9E'


Source file was:
int main(void) { return 0; }

Performing C SOURCE FILE Test flag_supported succeeded with the following output:
Change Dir: /home/INTRANET.SALZ.GMBH/manas.suri/Work/Rpi_Imager/Open62541/Client_OPCUA/build/CMakeFiles/CMakeScratch/TryCompile-h1ffjP

Run Build Command(s):/usr/bin/gmake -f Makefile cmTC_7cb1a/fast && /usr/bin/gmake  -f CMakeFiles/cmTC_7cb1a.dir/build.make CMakeFiles/cmTC_7cb1a.dir/build
gmake[1]: Entering directory '/home/INTRANET.SALZ.GMBH/manas.suri/Work/Rpi_Imager/Open62541/Client_OPCUA/build/CMakeFiles/CMakeScratch/TryCompile-h1ffjP'
Building C object CMakeFiles/cmTC_7cb1a.dir/src.c.o
/usr/bin/cc -Dflag_supported  -std=c99 -pipe -Wall -Wextra -Wpedantic -Wno-static-in-inline -Wno-overlength-strings -Wno-unused-parameter -Wno-maybe-uninitialized -Wc++-compat -Wformat -Wformat-security -Wformat-nonliteral -Wmissing-prototypes    -Wstrict-prototypes -o CMakeFiles/cmTC_7cb1a.dir/src.c.o -c /home/INTRANET.SALZ.GMBH/manas.suri/Work/Rpi_Imager/Open62541/Client_OPCUA/build/CMakeFiles/CMakeScratch/TryCompile-h1ffjP/src.c
Linking C executable cmTC_7cb1a
/usr/bin/cmake -E cmake_link_script CMakeFiles/cmTC_7cb1a.dir/link.txt --verbose=1
/usr/bin/cc  -std=c99 -pipe -Wall -Wextra -Wpedantic -Wno-static-in-inline -Wno-overlength-strings -Wno-unused-parameter -Wno-maybe-uninitialized -Wc++-compat -Wformat -Wformat-security -Wformat-nonliteral -Wmissing-prototypes  CMakeFiles/cmTC_7cb1a.dir/src.c.o -o cmTC_7cb1a 
gmake[1]: Leaving directory '/home/INTRANET.SALZ.GMBH/manas.suri/Work/Rpi_Imager/Open62541/Client_OPCUA/build/CMakeFiles/CMakeScratch/TryCompile-h1ffjP'


Source file was:
int main(void) { return 0; }

Performing C SOURCE FILE Test flag_supported succeeded with the following output:
Change Dir: /home/INTRANET.SALZ.GMBH/manas.suri/Work/Rpi_Imager/Open62541/Client_OPCUA/build/CMakeFiles/CMakeScratch/TryCompile-yWPyGq

Run Build Command(s):/usr/bin/gmake -f Makefile cmTC_363b8/fast && /usr/bin/gmake  -f CMakeFiles/cmTC_363b8.dir/build.make CMakeFiles/cmTC_363b8.dir/build
gmake[1]: Entering directory '/home/INTRANET.SALZ.GMBH/manas.suri/Work/Rpi_Imager/Open62541/Client_OPCUA/build/CMakeFiles/CMakeScratch/TryCompile-yWPyGq'
Building C object CMakeFiles/cmTC_363b8.dir/src.c.o
/usr/bin/cc -Dflag_supported  -std=c99 -pipe -Wall -Wextra -Wpedantic -Wno-static-in-inline -Wno-overlength-strings -Wno-unused-parameter -Wno-maybe-uninitialized -Wc++-compat -Wformat -Wformat-security -Wformat-nonliteral -Wmissing-prototypes -Wstrict-prototypes    -Wredundant-decls -o CMakeFiles/cmTC_363b8.dir/src.c.o -c /home/INTRANET.SALZ.GMBH/manas.suri/Work/Rpi_Imager/Open62541/Client_OPCUA/build/CMakeFiles/CMakeScratch/TryCompile-yWPyGq/src.c
Linking C executable cmTC_363b8
/usr/bin/cmake -E cmake_link_script CMakeFiles/cmTC_363b8.dir/link.txt --verbose=1
/usr/bin/cc  -std=c99 -pipe -Wall -Wextra -Wpedantic -Wno-static-in-inline -Wno-overlength-strings -Wno-unused-parameter -Wno-maybe-uninitialized -Wc++-compat -Wformat -Wformat-security -Wformat-nonliteral -Wmissing-prototypes -Wstrict-prototypes  CMakeFiles/cmTC_363b8.dir/src.c.o -o cmTC_363b8 
gmake[1]: Leaving directory '/home/INTRANET.SALZ.GMBH/manas.suri/Work/Rpi_Imager/Open62541/Client_OPCUA/build/CMakeFiles/CMakeScratch/TryCompile-yWPyGq'


Source file was:
int main(void) { return 0; }

Performing C SOURCE FILE Test flag_supported succeeded with the following output:
Change Dir: /home/INTRANET.SALZ.GMBH/manas.suri/Work/Rpi_Imager/Open62541/Client_OPCUA/build/CMakeFiles/CMakeScratch/TryCompile-DHNmZ2

Run Build Command(s):/usr/bin/gmake -f Makefile cmTC_42410/fast && /usr/bin/gmake  -f CMakeFiles/cmTC_42410.dir/build.make CMakeFiles/cmTC_42410.dir/build
gmake[1]: Entering directory '/home/INTRANET.SALZ.GMBH/manas.suri/Work/Rpi_Imager/Open62541/Client_OPCUA/build/CMakeFiles/CMakeScratch/TryCompile-DHNmZ2'
Building C object CMakeFiles/cmTC_42410.dir/src.c.o
/usr/bin/cc -Dflag_supported  -std=c99 -pipe -Wall -Wextra -Wpedantic -Wno-static-in-inline -Wno-overlength-strings -Wno-unused-parameter -Wno-maybe-uninitialized -Wc++-compat -Wformat -Wformat-security -Wformat-nonliteral -Wmissing-prototypes -Wstrict-prototypes -Wredundant-decls    -Wuninitialized -o CMakeFiles/cmTC_42410.dir/src.c.o -c /home/INTRANET.SALZ.GMBH/manas.suri/Work/Rpi_Imager/Open62541/Client_OPCUA/build/CMakeFiles/CMakeScratch/TryCompile-DHNmZ2/src.c
Linking C executable cmTC_42410
/usr/bin/cmake -E cmake_link_script CMakeFiles/cmTC_42410.dir/link.txt --verbose=1
/usr/bin/cc  -std=c99 -pipe -Wall -Wextra -Wpedantic -Wno-static-in-inline -Wno-overlength-strings -Wno-unused-parameter -Wno-maybe-uninitialized -Wc++-compat -Wformat -Wformat-security -Wformat-nonliteral -Wmissing-prototypes -Wstrict-prototypes -Wredundant-decls  CMakeFiles/cmTC_42410.dir/src.c.o -o cmTC_42410 
gmake[1]: Leaving directory '/home/INTRANET.SALZ.GMBH/manas.suri/Work/Rpi_Imager/Open62541/Client_OPCUA/build/CMakeFiles/CMakeScratch/TryCompile-DHNmZ2'


Source file was:
int main(void) { return 0; }

Performing C SOURCE FILE Test flag_supported succeeded with the following output:
Change Dir: /home/INTRANET.SALZ.GMBH/manas.suri/Work/Rpi_Imager/Open62541/Client_OPCUA/build/CMakeFiles/CMakeScratch/TryCompile-F4uN7S

Run Build Command(s):/usr/bin/gmake -f Makefile cmTC_91fa5/fast && /usr/bin/gmake  -f CMakeFiles/cmTC_91fa5.dir/build.make CMakeFiles/cmTC_91fa5.dir/build
gmake[1]: Entering directory '/home/INTRANET.SALZ.GMBH/manas.suri/Work/Rpi_Imager/Open62541/Client_OPCUA/build/CMakeFiles/CMakeScratch/TryCompile-F4uN7S'
Building C object CMakeFiles/cmTC_91fa5.dir/src.c.o
/usr/bin/cc -Dflag_supported  -std=c99 -pipe -Wall -Wextra -Wpedantic -Wno-static-in-inline -Wno-overlength-strings -Wno-unused-parameter -Wno-maybe-uninitialized -Wc++-compat -Wformat -Wformat-security -Wformat-nonliteral -Wmissing-prototypes -Wstrict-prototypes -Wredundant-decls -Wuninitialized    -Winit-self -o CMakeFiles/cmTC_91fa5.dir/src.c.o -c /home/INTRANET.SALZ.GMBH/manas.suri/Work/Rpi_Imager/Open62541/Client_OPCUA/build/CMakeFiles/CMakeScratch/TryCompile-F4uN7S/src.c
Linking C executable cmTC_91fa5
/usr/bin/cmake -E cmake_link_script CMakeFiles/cmTC_91fa5.dir/link.txt --verbose=1
/usr/bin/cc  -std=c99 -pipe -Wall -Wextra -Wpedantic -Wno-static-in-inline -Wno-overlength-strings -Wno-unused-parameter -Wno-maybe-uninitialized -Wc++-compat -Wformat -Wformat-security -Wformat-nonliteral -Wmissing-prototypes -Wstrict-prototypes -Wredundant-decls -Wuninitialized  CMakeFiles/cmTC_91fa5.dir/src.c.o -o cmTC_91fa5 
gmake[1]: Leaving directory '/home/INTRANET.SALZ.GMBH/manas.suri/Work/Rpi_Imager/Open62541/Client_OPCUA/build/CMakeFiles/CMakeScratch/TryCompile-F4uN7S'


Source file was:
int main(void) { return 0; }

Performing C SOURCE FILE Test flag_supported succeeded with the following output:
Change Dir: /home/INTRANET.SALZ.GMBH/manas.suri/Work/Rpi_Imager/Open62541/Client_OPCUA/build/CMakeFiles/CMakeScratch/TryCompile-asHE2M

Run Build Command(s):/usr/bin/gmake -f Makefile cmTC_9c5ca/fast && /usr/bin/gmake  -f CMakeFiles/cmTC_9c5ca.dir/build.make CMakeFiles/cmTC_9c5ca.dir/build
gmake[1]: Entering directory '/home/INTRANET.SALZ.GMBH/manas.suri/Work/Rpi_Imager/Open62541/Client_OPCUA/build/CMakeFiles/CMakeScratch/TryCompile-asHE2M'
Building C object CMakeFiles/cmTC_9c5ca.dir/src.c.o
/usr/bin/cc -Dflag_supported  -std=c99 -pipe -Wall -Wextra -Wpedantic -Wno-static-in-inline -Wno-overlength-strings -Wno-unused-parameter -Wno-maybe-uninitialized -Wc++-compat -Wformat -Wformat-security -Wformat-nonliteral -Wmissing-prototypes -Wstrict-prototypes -Wredundant-decls -Wuninitialized -Winit-self    -Wcast-qual -o CMakeFiles/cmTC_9c5ca.dir/src.c.o -c /home/INTRANET.SALZ.GMBH/manas.suri/Work/Rpi_Imager/Open62541/Client_OPCUA/build/CMakeFiles/CMakeScratch/TryCompile-asHE2M/src.c
Linking C executable cmTC_9c5ca
/usr/bin/cmake -E cmake_link_script CMakeFiles/cmTC_9c5ca.dir/link.txt --verbose=1
/usr/bin/cc  -std=c99 -pipe -Wall -Wextra -Wpedantic -Wno-static-in-inline -Wno-overlength-strings -Wno-unused-parameter -Wno-maybe-uninitialized -Wc++-compat -Wformat -Wformat-security -Wformat-nonliteral -Wmissing-prototypes -Wstrict-prototypes -Wredundant-decls -Wuninitialized -Winit-self  CMakeFiles/cmTC_9c5ca.dir/src.c.o -o cmTC_9c5ca 
gmake[1]: Leaving directory '/home/INTRANET.SALZ.GMBH/manas.suri/Work/Rpi_Imager/Open62541/Client_OPCUA/build/CMakeFiles/CMakeScratch/TryCompile-asHE2M'


Source file was:
int main(void) { return 0; }

Performing C SOURCE FILE Test flag_supported succeeded with the following output:
Change Dir: /home/INTRANET.SALZ.GMBH/manas.suri/Work/Rpi_Imager/Open62541/Client_OPCUA/build/CMakeFiles/CMakeScratch/TryCompile-kAla9F

Run Build Command(s):/usr/bin/gmake -f Makefile cmTC_3c796/fast && /usr/bin/gmake  -f CMakeFiles/cmTC_3c796.dir/build.make CMakeFiles/cmTC_3c796.dir/build
gmake[1]: Entering directory '/home/INTRANET.SALZ.GMBH/manas.suri/Work/Rpi_Imager/Open62541/Client_OPCUA/build/CMakeFiles/CMakeScratch/TryCompile-kAla9F'
Building C object CMakeFiles/cmTC_3c796.dir/src.c.o
/usr/bin/cc -Dflag_supported  -std=c99 -pipe -Wall -Wextra -Wpedantic -Wno-static-in-inline -Wno-overlength-strings -Wno-unused-parameter -Wno-maybe-uninitialized -Wc++-compat -Wformat -Wformat-security -Wformat-nonliteral -Wmissing-prototypes -Wstrict-prototypes -Wredundant-decls -Wuninitialized -Winit-self -Wcast-qual    -Wstrict-overflow -o CMakeFiles/cmTC_3c796.dir/src.c.o -c /home/INTRANET.SALZ.GMBH/manas.suri/Work/Rpi_Imager/Open62541/Client_OPCUA/build/CMakeFiles/CMakeScratch/TryCompile-kAla9F/src.c
Linking C executable cmTC_3c796
/usr/bin/cmake -E cmake_link_script CMakeFiles/cmTC_3c796.dir/link.txt --verbose=1
/usr/bin/cc  -std=c99 -pipe -Wall -Wextra -Wpedantic -Wno-static-in-inline -Wno-overlength-strings -Wno-unused-parameter -Wno-maybe-uninitialized -Wc++-compat -Wformat -Wformat-security -Wformat-nonliteral -Wmissing-prototypes -Wstrict-prototypes -Wredundant-decls -Wuninitialized -Winit-self -Wcast-qual  CMakeFiles/cmTC_3c796.dir/src.c.o -o cmTC_3c796 
gmake[1]: Leaving directory '/home/INTRANET.SALZ.GMBH/manas.suri/Work/Rpi_Imager/Open62541/Client_OPCUA/build/CMakeFiles/CMakeScratch/TryCompile-kAla9F'


Source file was:
int main(void) { return 0; }

Performing C SOURCE FILE Test flag_supported succeeded with the following output:
Change Dir: /home/INTRANET.SALZ.GMBH/manas.suri/Work/Rpi_Imager/Open62541/Client_OPCUA/build/CMakeFiles/CMakeScratch/TryCompile-IG8Ao0

Run Build Command(s):/usr/bin/gmake -f Makefile cmTC_67a87/fast && /usr/bin/gmake  -f CMakeFiles/cmTC_67a87.dir/build.make CMakeFiles/cmTC_67a87.dir/build
gmake[1]: Entering directory '/home/INTRANET.SALZ.GMBH/manas.suri/Work/Rpi_Imager/Open62541/Client_OPCUA/build/CMakeFiles/CMakeScratch/TryCompile-IG8Ao0'
Building C object CMakeFiles/cmTC_67a87.dir/src.c.o
/usr/bin/cc -Dflag_supported  -std=c99 -pipe -Wall -Wextra -Wpedantic -Wno-static-in-inline -Wno-overlength-strings -Wno-unused-parameter -Wno-maybe-uninitialized -Wc++-compat -Wformat -Wformat-security -Wformat-nonliteral -Wmissing-prototypes -Wstrict-prototypes -Wredundant-decls -Wuninitialized -Winit-self -Wcast-qual -Wstrict-overflow    -Wnested-externs -o CMakeFiles/cmTC_67a87.dir/src.c.o -c /home/INTRANET.SALZ.GMBH/manas.suri/Work/Rpi_Imager/Open62541/Client_OPCUA/build/CMakeFiles/CMakeScratch/TryCompile-IG8Ao0/src.c
Linking C executable cmTC_67a87
/usr/bin/cmake -E cmake_link_script CMakeFiles/cmTC_67a87.dir/link.txt --verbose=1
/usr/bin/cc  -std=c99 -pipe -Wall -Wextra -Wpedantic -Wno-static-in-inline -Wno-overlength-strings -Wno-unused-parameter -Wno-maybe-uninitialized -Wc++-compat -Wformat -Wformat-security -Wformat-nonliteral -Wmissing-prototypes -Wstrict-prototypes -Wredundant-decls -Wuninitialized -Winit-self -Wcast-qual -Wstrict-overflow  CMakeFiles/cmTC_67a87.dir/src.c.o -o cmTC_67a87 
gmake[1]: Leaving directory '/home/INTRANET.SALZ.GMBH/manas.suri/Work/Rpi_Imager/Open62541/Client_OPCUA/build/CMakeFiles/CMakeScratch/TryCompile-IG8Ao0'


Source file was:
int main(void) { return 0; }

Performing C SOURCE FILE Test flag_supported succeeded with the following output:
Change Dir: /home/INTRANET.SALZ.GMBH/manas.suri/Work/Rpi_Imager/Open62541/Client_OPCUA/build/CMakeFiles/CMakeScratch/TryCompile-NlDPLk

Run Build Command(s):/usr/bin/gmake -f Makefile cmTC_b0c91/fast && /usr/bin/gmake  -f CMakeFiles/cmTC_b0c91.dir/build.make CMakeFiles/cmTC_b0c91.dir/build
gmake[1]: Entering directory '/home/INTRANET.SALZ.GMBH/manas.suri/Work/Rpi_Imager/Open62541/Client_OPCUA/build/CMakeFiles/CMakeScratch/TryCompile-NlDPLk'
Building C object CMakeFiles/cmTC_b0c91.dir/src.c.o
/usr/bin/cc -Dflag_supported  -std=c99 -pipe -Wall -Wextra -Wpedantic -Wno-static-in-inline -Wno-overlength-strings -Wno-unused-parameter -Wno-maybe-uninitialized -Wc++-compat -Wformat -Wformat-security -Wformat-nonliteral -Wmissing-prototypes -Wstrict-prototypes -Wredundant-decls -Wuninitialized -Winit-self -Wcast-qual -Wstrict-overflow -Wnested-externs    -Wmultichar -o CMakeFiles/cmTC_b0c91.dir/src.c.o -c /home/INTRANET.SALZ.GMBH/manas.suri/Work/Rpi_Imager/Open62541/Client_OPCUA/build/CMakeFiles/CMakeScratch/TryCompile-NlDPLk/src.c
Linking C executable cmTC_b0c91
/usr/bin/cmake -E cmake_link_script CMakeFiles/cmTC_b0c91.dir/link.txt --verbose=1
/usr/bin/cc  -std=c99 -pipe -Wall -Wextra -Wpedantic -Wno-static-in-inline -Wno-overlength-strings -Wno-unused-parameter -Wno-maybe-uninitialized -Wc++-compat -Wformat -Wformat-security -Wformat-nonliteral -Wmissing-prototypes -Wstrict-prototypes -Wredundant-decls -Wuninitialized -Winit-self -Wcast-qual -Wstrict-overflow -Wnested-externs  CMakeFiles/cmTC_b0c91.dir/src.c.o -o cmTC_b0c91 
gmake[1]: Leaving directory '/home/INTRANET.SALZ.GMBH/manas.suri/Work/Rpi_Imager/Open62541/Client_OPCUA/build/CMakeFiles/CMakeScratch/TryCompile-NlDPLk'


Source file was:
int main(void) { return 0; }

Performing C SOURCE FILE Test flag_supported succeeded with the following output:
Change Dir: /home/INTRANET.SALZ.GMBH/manas.suri/Work/Rpi_Imager/Open62541/Client_OPCUA/build/CMakeFiles/CMakeScratch/TryCompile-NY91DA

Run Build Command(s):/usr/bin/gmake -f Makefile cmTC_71e33/fast && /usr/bin/gmake  -f CMakeFiles/cmTC_71e33.dir/build.make CMakeFiles/cmTC_71e33.dir/build
gmake[1]: Entering directory '/home/INTRANET.SALZ.GMBH/manas.suri/Work/Rpi_Imager/Open62541/Client_OPCUA/build/CMakeFiles/CMakeScratch/TryCompile-NY91DA'
Building C object CMakeFiles/cmTC_71e33.dir/src.c.o
/usr/bin/cc -Dflag_supported  -std=c99 -pipe -Wall -Wextra -Wpedantic -Wno-static-in-inline -Wno-overlength-strings -Wno-unused-parameter -Wno-maybe-uninitialized -Wc++-compat -Wformat -Wformat-security -Wformat-nonliteral -Wmissing-prototypes -Wstrict-prototypes -Wredundant-decls -Wuninitialized -Winit-self -Wcast-qual -Wstrict-overflow -Wnested-externs -Wmultichar    -Wundef -o CMakeFiles/cmTC_71e33.dir/src.c.o -c /home/INTRANET.SALZ.GMBH/manas.suri/Work/Rpi_Imager/Open62541/Client_OPCUA/build/CMakeFiles/CMakeScratch/TryCompile-NY91DA/src.c
Linking C executable cmTC_71e33
/usr/bin/cmake -E cmake_link_script CMakeFiles/cmTC_71e33.dir/link.txt --verbose=1
/usr/bin/cc  -std=c99 -pipe -Wall -Wextra -Wpedantic -Wno-static-in-inline -Wno-overlength-strings -Wno-unused-parameter -Wno-maybe-uninitialized -Wc++-compat -Wformat -Wformat-security -Wformat-nonliteral -Wmissing-prototypes -Wstrict-prototypes -Wredundant-decls -Wuninitialized -Winit-self -Wcast-qual -Wstrict-overflow -Wnested-externs -Wmultichar  CMakeFiles/cmTC_71e33.dir/src.c.o -o cmTC_71e33 
gmake[1]: Leaving directory '/home/INTRANET.SALZ.GMBH/manas.suri/Work/Rpi_Imager/Open62541/Client_OPCUA/build/CMakeFiles/CMakeScratch/TryCompile-NY91DA'


Source file was:
int main(void) { return 0; }

Performing C SOURCE FILE Test flag_supported succeeded with the following output:
Change Dir: /home/INTRANET.SALZ.GMBH/manas.suri/Work/Rpi_Imager/Open62541/Client_OPCUA/build/CMakeFiles/CMakeScratch/TryCompile-f91B1a

Run Build Command(s):/usr/bin/gmake -f Makefile cmTC_62dd3/fast && /usr/bin/gmake  -f CMakeFiles/cmTC_62dd3.dir/build.make CMakeFiles/cmTC_62dd3.dir/build
gmake[1]: Entering directory '/home/INTRANET.SALZ.GMBH/manas.suri/Work/Rpi_Imager/Open62541/Client_OPCUA/build/CMakeFiles/CMakeScratch/TryCompile-f91B1a'
Building C object CMakeFiles/cmTC_62dd3.dir/src.c.o
/usr/bin/cc -Dflag_supported  -std=c99 -pipe -Wall -Wextra -Wpedantic -Wno-static-in-inline -Wno-overlength-strings -Wno-unused-parameter -Wno-maybe-uninitialized -Wc++-compat -Wformat -Wformat-security -Wformat-nonliteral -Wmissing-prototypes -Wstrict-prototypes -Wredundant-decls -Wuninitialized -Winit-self -Wcast-qual -Wstrict-overflow -Wnested-externs -Wmultichar -Wundef    -fno-strict-aliasing -o CMakeFiles/cmTC_62dd3.dir/src.c.o -c /home/INTRANET.SALZ.GMBH/manas.suri/Work/Rpi_Imager/Open62541/Client_OPCUA/build/CMakeFiles/CMakeScratch/TryCompile-f91B1a/src.c
Linking C executable cmTC_62dd3
/usr/bin/cmake -E cmake_link_script CMakeFiles/cmTC_62dd3.dir/link.txt --verbose=1
/usr/bin/cc  -std=c99 -pipe -Wall -Wextra -Wpedantic -Wno-static-in-inline -Wno-overlength-strings -Wno-unused-parameter -Wno-maybe-uninitialized -Wc++-compat -Wformat -Wformat-security -Wformat-nonliteral -Wmissing-prototypes -Wstrict-prototypes -Wredundant-decls -Wuninitialized -Winit-self -Wcast-qual -Wstrict-overflow -Wnested-externs -Wmultichar -Wundef  CMakeFiles/cmTC_62dd3.dir/src.c.o -o cmTC_62dd3 
gmake[1]: Leaving directory '/home/INTRANET.SALZ.GMBH/manas.suri/Work/Rpi_Imager/Open62541/Client_OPCUA/build/CMakeFiles/CMakeScratch/TryCompile-f91B1a'


Source file was:
int main(void) { return 0; }

Performing C SOURCE FILE Test flag_supported succeeded with the following output:
Change Dir: /home/INTRANET.SALZ.GMBH/manas.suri/Work/Rpi_Imager/Open62541/Client_OPCUA/build/CMakeFiles/CMakeScratch/TryCompile-UYgXlj

Run Build Command(s):/usr/bin/gmake -f Makefile cmTC_f78d3/fast && /usr/bin/gmake  -f CMakeFiles/cmTC_f78d3.dir/build.make CMakeFiles/cmTC_f78d3.dir/build
gmake[1]: Entering directory '/home/INTRANET.SALZ.GMBH/manas.suri/Work/Rpi_Imager/Open62541/Client_OPCUA/build/CMakeFiles/CMakeScratch/TryCompile-UYgXlj'
Building C object CMakeFiles/cmTC_f78d3.dir/src.c.o
/usr/bin/cc -Dflag_supported  -std=c99 -pipe -Wall -Wextra -Wpedantic -Wno-static-in-inline -Wno-overlength-strings -Wno-unused-parameter -Wno-maybe-uninitialized -Wc++-compat -Wformat -Wformat-security -Wformat-nonliteral -Wmissing-prototypes -Wstrict-prototypes -Wredundant-decls -Wuninitialized -Winit-self -Wcast-qual -Wstrict-overflow -Wnested-externs -Wmultichar -Wundef -fno-strict-aliasing    -fexceptions -o CMakeFiles/cmTC_f78d3.dir/src.c.o -c /home/INTRANET.SALZ.GMBH/manas.suri/Work/Rpi_Imager/Open62541/Client_OPCUA/build/CMakeFiles/CMakeScratch/TryCompile-UYgXlj/src.c
Linking C executable cmTC_f78d3
/usr/bin/cmake -E cmake_link_script CMakeFiles/cmTC_f78d3.dir/link.txt --verbose=1
/usr/bin/cc  -std=c99 -pipe -Wall -Wextra -Wpedantic -Wno-static-in-inline -Wno-overlength-strings -Wno-unused-parameter -Wno-maybe-uninitialized -Wc++-compat -Wformat -Wformat-security -Wformat-nonliteral -Wmissing-prototypes -Wstrict-prototypes -Wredundant-decls -Wuninitialized -Winit-self -Wcast-qual -Wstrict-overflow -Wnested-externs -Wmultichar -Wundef -fno-strict-aliasing  CMakeFiles/cmTC_f78d3.dir/src.c.o -o cmTC_f78d3 
gmake[1]: Leaving directory '/home/INTRANET.SALZ.GMBH/manas.suri/Work/Rpi_Imager/Open62541/Client_OPCUA/build/CMakeFiles/CMakeScratch/TryCompile-UYgXlj'


Source file was:
int main(void) { return 0; }

Performing C SOURCE FILE Test flag_supported succeeded with the following output:
Change Dir: /home/INTRANET.SALZ.GMBH/manas.suri/Work/Rpi_Imager/Open62541/Client_OPCUA/build/CMakeFiles/CMakeScratch/TryCompile-8dZGsA

Run Build Command(s):/usr/bin/gmake -f Makefile cmTC_5c01f/fast && /usr/bin/gmake  -f CMakeFiles/cmTC_5c01f.dir/build.make CMakeFiles/cmTC_5c01f.dir/build
gmake[1]: Entering directory '/home/INTRANET.SALZ.GMBH/manas.suri/Work/Rpi_Imager/Open62541/Client_OPCUA/build/CMakeFiles/CMakeScratch/TryCompile-8dZGsA'
Building C object CMakeFiles/cmTC_5c01f.dir/src.c.o
/usr/bin/cc -Dflag_supported  -std=c99 -pipe -Wall -Wextra -Wpedantic -Wno-static-in-inline -Wno-overlength-strings -Wno-unused-parameter -Wno-maybe-uninitialized -Wc++-compat -Wformat -Wformat-security -Wformat-nonliteral -Wmissing-prototypes -Wstrict-prototypes -Wredundant-decls -Wuninitialized -Winit-self -Wcast-qual -Wstrict-overflow -Wnested-externs -Wmultichar -Wundef -fno-strict-aliasing -fexceptions    -pthread -o CMakeFiles/cmTC_5c01f.dir/src.c.o -c /home/INTRANET.SALZ.GMBH/manas.suri/Work/Rpi_Imager/Open62541/Client_OPCUA/build/CMakeFiles/CMakeScratch/TryCompile-8dZGsA/src.c
Linking C executable cmTC_5c01f
/usr/bin/cmake -E cmake_link_script CMakeFiles/cmTC_5c01f.dir/link.txt --verbose=1
/usr/bin/cc  -std=c99 -pipe -Wall -Wextra -Wpedantic -Wno-static-in-inline -Wno-overlength-strings -Wno-unused-parameter -Wno-maybe-uninitialized -Wc++-compat -Wformat -Wformat-security -Wformat-nonliteral -Wmissing-prototypes -Wstrict-prototypes -Wredundant-decls -Wuninitialized -Winit-self -Wcast-qual -Wstrict-overflow -Wnested-externs -Wmultichar -Wundef -fno-strict-aliasing -fexceptions  CMakeFiles/cmTC_5c01f.dir/src.c.o -o cmTC_5c01f 
gmake[1]: Leaving directory '/home/INTRANET.SALZ.GMBH/manas.suri/Work/Rpi_Imager/Open62541/Client_OPCUA/build/CMakeFiles/CMakeScratch/TryCompile-8dZGsA'


Source file was:
int main(void) { return 0; }

Performing C SOURCE FILE Test flag_supported succeeded with the following output:
Change Dir: /home/INTRANET.SALZ.GMBH/manas.suri/Work/Rpi_Imager/Open62541/Client_OPCUA/build/CMakeFiles/CMakeScratch/TryCompile-eIZb5F

Run Build Command(s):/usr/bin/gmake -f Makefile cmTC_c347c/fast && /usr/bin/gmake  -f CMakeFiles/cmTC_c347c.dir/build.make CMakeFiles/cmTC_c347c.dir/build
gmake[1]: Entering directory '/home/INTRANET.SALZ.GMBH/manas.suri/Work/Rpi_Imager/Open62541/Client_OPCUA/build/CMakeFiles/CMakeScratch/TryCompile-eIZb5F'
Building C object CMakeFiles/cmTC_c347c.dir/src.c.o
/usr/bin/cc -Dflag_supported  -std=c99 -pipe -Wall -Wextra -Wpedantic -Wno-static-in-inline -Wno-overlength-strings -Wno-unused-parameter -Wno-maybe-uninitialized -Wc++-compat -Wformat -Wformat-security -Wformat-nonliteral -Wmissing-prototypes -Wstrict-prototypes -Wredundant-decls -Wuninitialized -Winit-self -Wcast-qual -Wstrict-overflow -Wnested-externs -Wmultichar -Wundef -fno-strict-aliasing -fexceptions -pthread    -fstack-protector-strong -o CMakeFiles/cmTC_c347c.dir/src.c.o -c /home/INTRANET.SALZ.GMBH/manas.suri/Work/Rpi_Imager/Open62541/Client_OPCUA/build/CMakeFiles/CMakeScratch/TryCompile-eIZb5F/src.c
Linking C executable cmTC_c347c
/usr/bin/cmake -E cmake_link_script CMakeFiles/cmTC_c347c.dir/link.txt --verbose=1
/usr/bin/cc  -std=c99 -pipe -Wall -Wextra -Wpedantic -Wno-static-in-inline -Wno-overlength-strings -Wno-unused-parameter -Wno-maybe-uninitialized -Wc++-compat -Wformat -Wformat-security -Wformat-nonliteral -Wmissing-prototypes -Wstrict-prototypes -Wredundant-decls -Wuninitialized -Winit-self -Wcast-qual -Wstrict-overflow -Wnested-externs -Wmultichar -Wundef -fno-strict-aliasing -fexceptions -pthread  CMakeFiles/cmTC_c347c.dir/src.c.o -o cmTC_c347c 
gmake[1]: Leaving directory '/home/INTRANET.SALZ.GMBH/manas.suri/Work/Rpi_Imager/Open62541/Client_OPCUA/build/CMakeFiles/CMakeScratch/TryCompile-eIZb5F'


Source file was:
int main(void) { return 0; }

Performing C SOURCE FILE Test flag_supported succeeded with the following output:
Change Dir: /home/INTRANET.SALZ.GMBH/manas.suri/Work/Rpi_Imager/Open62541/Client_OPCUA/build/CMakeFiles/CMakeScratch/TryCompile-a3d5NH

Run Build Command(s):/usr/bin/gmake -f Makefile cmTC_de132/fast && /usr/bin/gmake  -f CMakeFiles/cmTC_de132.dir/build.make CMakeFiles/cmTC_de132.dir/build
gmake[1]: Entering directory '/home/INTRANET.SALZ.GMBH/manas.suri/Work/Rpi_Imager/Open62541/Client_OPCUA/build/CMakeFiles/CMakeScratch/TryCompile-a3d5NH'
Building C object CMakeFiles/cmTC_de132.dir/src.c.o
/usr/bin/cc -Dflag_supported  -std=c99 -pipe -Wall -Wextra -Wpedantic -Wno-static-in-inline -Wno-overlength-strings -Wno-unused-parameter -Wno-maybe-uninitialized -Wc++-compat -Wformat -Wformat-security -Wformat-nonliteral -Wmissing-prototypes -Wstrict-prototypes -Wredundant-decls -Wuninitialized -Winit-self -Wcast-qual -Wstrict-overflow -Wnested-externs -Wmultichar -Wundef -fno-strict-aliasing -fexceptions -pthread -fstack-protector-strong    -fstack-clash-protection -o CMakeFiles/cmTC_de132.dir/src.c.o -c /home/INTRANET.SALZ.GMBH/manas.suri/Work/Rpi_Imager/Open62541/Client_OPCUA/build/CMakeFiles/CMakeScratch/TryCompile-a3d5NH/src.c
Linking C executable cmTC_de132
/usr/bin/cmake -E cmake_link_script CMakeFiles/cmTC_de132.dir/link.txt --verbose=1
/usr/bin/cc  -std=c99 -pipe -Wall -Wextra -Wpedantic -Wno-static-in-inline -Wno-overlength-strings -Wno-unused-parameter -Wno-maybe-uninitialized -Wc++-compat -Wformat -Wformat-security -Wformat-nonliteral -Wmissing-prototypes -Wstrict-prototypes -Wredundant-decls -Wuninitialized -Winit-self -Wcast-qual -Wstrict-overflow -Wnested-externs -Wmultichar -Wundef -fno-strict-aliasing -fexceptions -pthread -fstack-protector-strong  CMakeFiles/cmTC_de132.dir/src.c.o -o cmTC_de132 
gmake[1]: Leaving directory '/home/INTRANET.SALZ.GMBH/manas.suri/Work/Rpi_Imager/Open62541/Client_OPCUA/build/CMakeFiles/CMakeScratch/TryCompile-a3d5NH'


Source file was:
int main(void) { return 0; }

Performing C SOURCE FILE Test flag_supported succeeded with the following output:
Change Dir: /home/INTRANET.SALZ.GMBH/manas.suri/Work/Rpi_Imager/Open62541/Client_OPCUA/build/CMakeFiles/CMakeScratch/TryCompile-VALav1

Run Build Command(s):/usr/bin/gmake -f Makefile cmTC_09711/fast && /usr/bin/gmake  -f CMakeFiles/cmTC_09711.dir/build.make CMakeFiles/cmTC_09711.dir/build
gmake[1]: Entering directory '/home/INTRANET.SALZ.GMBH/manas.suri/Work/Rpi_Imager/Open62541/Client_OPCUA/build/CMakeFiles/CMakeScratch/TryCompile-VALav1'
Building C object CMakeFiles/cmTC_09711.dir/src.c.o
/usr/bin/cc -Dflag_supported  -std=c99 -pipe -Wall -Wextra -Wpedantic -Wno-static-in-inline -Wno-overlength-strings -Wno-unused-parameter -Wno-maybe-uninitialized -Wc++-compat -Wformat -Wformat-security -Wformat-nonliteral -Wmissing-prototypes -Wstrict-prototypes -Wredundant-decls -Wuninitialized -Winit-self -Wcast-qual -Wstrict-overflow -Wnested-externs -Wmultichar -Wundef -fno-strict-aliasing -fexceptions -pthread -fstack-protector-strong -fstack-clash-protection    -fcf-protection -o CMakeFiles/cmTC_09711.dir/src.c.o -c /home/INTRANET.SALZ.GMBH/manas.suri/Work/Rpi_Imager/Open62541/Client_OPCUA/build/CMakeFiles/CMakeScratch/TryCompile-VALav1/src.c
Linking C executable cmTC_09711
/usr/bin/cmake -E cmake_link_script CMakeFiles/cmTC_09711.dir/link.txt --verbose=1
/usr/bin/cc  -std=c99 -pipe -Wall -Wextra -Wpedantic -Wno-static-in-inline -Wno-overlength-strings -Wno-unused-parameter -Wno-maybe-uninitialized -Wc++-compat -Wformat -Wformat-security -Wformat-nonliteral -Wmissing-prototypes -Wstrict-prototypes -Wredundant-decls -Wuninitialized -Winit-self -Wcast-qual -Wstrict-overflow -Wnested-externs -Wmultichar -Wundef -fno-strict-aliasing -fexceptions -pthread -fstack-protector-strong -fstack-clash-protection  CMakeFiles/cmTC_09711.dir/src.c.o -o cmTC_09711 
gmake[1]: Leaving directory '/home/INTRANET.SALZ.GMBH/manas.suri/Work/Rpi_Imager/Open62541/Client_OPCUA/build/CMakeFiles/CMakeScratch/TryCompile-VALav1'


Source file was:
int main(void) { return 0; }

